{"C:\\Users\\akan\\Documents\\GitHub\\Tess\\backend\\src\\assistant\\chatService.ts": {"path":"C:\\Users\\akan\\Documents\\GitHub\\Tess\\backend\\src\\assistant\\chatService.ts","statementMap":{"0":{"start":{"line":9,"column":0},"end":{"line":9,"column":7}},"1":{"start":{"line":1,"column":0},"end":{"line":1,"column":42}},"2":{"start":{"line":2,"column":0},"end":{"line":2,"column":49}},"3":{"start":{"line":3,"column":0},"end":{"line":3,"column":84}},"4":{"start":{"line":4,"column":0},"end":{"line":4,"column":55}},"5":{"start":{"line":5,"column":0},"end":{"line":5,"column":62}},"6":{"start":{"line":6,"column":0},"end":{"line":6,"column":61}},"7":{"start":{"line":14,"column":19},"end":{"line":14,"column":63}},"8":{"start":{"line":15,"column":19},"end":{"line":15,"column":49}},"9":{"start":{"line":17,"column":17},"end":{"line":17,"column":65}},"10":{"start":{"line":18,"column":27},"end":{"line":18,"column":57}},"11":{"start":{"line":19,"column":23},"end":{"line":23,"column":4}},"12":{"start":{"line":25,"column":23},"end":{"line":25,"column":43}},"13":{"start":{"line":27,"column":16},"end":{"line":30,"column":4}},"14":{"start":{"line":32,"column":2},"end":{"line":42,"column":4}},"15":{"start":{"line":38,"column":34},"end":{"line":38,"column":38}},"16":{"start":{"line":44,"column":2},"end":{"line":47,"column":4}},"17":{"start":{"line":46,"column":31},"end":{"line":46,"column":38}}},"fnMap":{"0":{"name":"runAssistantChat","decl":{"start":{"line":9,"column":22},"end":{"line":9,"column":38}},"loc":{"start":{"line":13,"column":1},"end":{"line":48,"column":1}}},"1":{"name":"(anonymous_1)","decl":{"start":{"line":38,"column":27},"end":{"line":38,"column":28}},"loc":{"start":{"line":38,"column":34},"end":{"line":38,"column":38}}},"2":{"name":"(anonymous_2)","decl":{"start":{"line":46,"column":24},"end":{"line":46,"column":25}},"loc":{"start":{"line":46,"column":31},"end":{"line":46,"column":38}}}},"branchMap":{},"s":{"0":3,"1":3,"2":3,"3":3,"4":3,"5":3,"6":3,"7":0,"8":0,"9":0,"10":0,"11":0,"12":0,"13":0,"14":0,"15":0,"16":0,"17":0},"f":{"0":0,"1":0,"2":0},"b":{}}
,"C:\\Users\\akan\\Documents\\GitHub\\Tess\\backend\\src\\assistant\\config.ts": {"path":"C:\\Users\\akan\\Documents\\GitHub\\Tess\\backend\\src\\assistant\\config.ts","statementMap":{"0":{"start":{"line":47,"column":0},"end":{"line":47,"column":16}},"1":{"start":{"line":73,"column":0},"end":{"line":73,"column":16}},"2":{"start":{"line":1,"column":0},"end":{"line":1,"column":24}},"3":{"start":{"line":4,"column":15},"end":{"line":4,"column":67}},"4":{"start":{"line":4,"column":42},"end":{"line":4,"column":67}},"5":{"start":{"line":6,"column":23},"end":{"line":6,"column":69}},"6":{"start":{"line":8,"column":27},"end":{"line":21,"column":2}},"7":{"start":{"line":18,"column":22},"end":{"line":18,"column":83}},"8":{"start":{"line":31,"column":37},"end":{"line":31,"column":41}},"9":{"start":{"line":34,"column":17},"end":{"line":34,"column":61}},"10":{"start":{"line":35,"column":2},"end":{"line":35,"column":49}},"11":{"start":{"line":39,"column":2},"end":{"line":42,"column":3}},"12":{"start":{"line":40,"column":19},"end":{"line":40,"column":45}},"13":{"start":{"line":41,"column":4},"end":{"line":41,"column":47}},"14":{"start":{"line":43,"column":17},"end":{"line":43,"column":43}},"15":{"start":{"line":44,"column":2},"end":{"line":44,"column":45}},"16":{"start":{"line":48,"column":2},"end":{"line":48,"column":28}},"17":{"start":{"line":48,"column":14},"end":{"line":48,"column":28}},"18":{"start":{"line":50,"column":17},"end":{"line":50,"column":58}},"19":{"start":{"line":51,"column":14},"end":{"line":51,"column":73}},"20":{"start":{"line":53,"column":17},"end":{"line":53,"column":45}},"21":{"start":{"line":54,"column":19},"end":{"line":54,"column":58}},"22":{"start":{"line":55,"column":28},"end":{"line":55,"column":61}},"23":{"start":{"line":57,"column":19},"end":{"line":57,"column":82}},"24":{"start":{"line":58,"column":26},"end":{"line":60,"column":9}},"25":{"start":{"line":62,"column":2},"end":{"line":68,"column":4}},"26":{"start":{"line":70,"column":2},"end":{"line":70,"column":16}},"27":{"start":{"line":74,"column":2},"end":{"line":74,"column":16}}},"fnMap":{"0":{"name":"(anonymous_0)","decl":{"start":{"line":4,"column":15},"end":{"line":4,"column":16}},"loc":{"start":{"line":4,"column":42},"end":{"line":4,"column":67}}},"1":{"name":"(anonymous_1)","decl":{"start":{"line":18,"column":15},"end":{"line":18,"column":16}},"loc":{"start":{"line":18,"column":22},"end":{"line":18,"column":83}}},"2":{"name":"resolveProvider","decl":{"start":{"line":33,"column":9},"end":{"line":33,"column":24}},"loc":{"start":{"line":33,"column":48},"end":{"line":36,"column":1}}},"3":{"name":"resolveCredentials","decl":{"start":{"line":38,"column":9},"end":{"line":38,"column":27}},"loc":{"start":{"line":38,"column":96},"end":{"line":45,"column":1}}},"4":{"name":"getAssistantConfig","decl":{"start":{"line":47,"column":16},"end":{"line":47,"column":34}},"loc":{"start":{"line":47,"column":34},"end":{"line":71,"column":1}}},"5":{"name":"resetAssistantConfigCache","decl":{"start":{"line":73,"column":16},"end":{"line":73,"column":41}},"loc":{"start":{"line":73,"column":41},"end":{"line":75,"column":1}}}},"branchMap":{"0":{"loc":{"start":{"line":4,"column":42},"end":{"line":4,"column":67}},"type":"binary-expr","locations":[{"start":{"line":4,"column":42},"end":{"line":4,"column":54}},{"start":{"line":4,"column":58},"end":{"line":4,"column":67}}]},"1":{"loc":{"start":{"line":18,"column":50},"end":{"line":18,"column":81}},"type":"binary-expr","locations":[{"start":{"line":18,"column":50},"end":{"line":18,"column":74}},{"start":{"line":18,"column":78},"end":{"line":18,"column":81}}]},"2":{"loc":{"start":{"line":18,"column":59},"end":{"line":18,"column":69}},"type":"binary-expr","locations":[{"start":{"line":18,"column":59},"end":{"line":18,"column":60}},{"start":{"line":18,"column":64},"end":{"line":18,"column":69}}]},"3":{"loc":{"start":{"line":35,"column":9},"end":{"line":35,"column":48}},"type":"cond-expr","locations":[{"start":{"line":35,"column":26},"end":{"line":35,"column":37}},{"start":{"line":35,"column":40},"end":{"line":35,"column":48}}]},"4":{"loc":{"start":{"line":39,"column":2},"end":{"line":42,"column":3}},"type":"if","locations":[{"start":{"line":39,"column":2},"end":{"line":42,"column":3}},{"start":{},"end":{}}]},"5":{"loc":{"start":{"line":48,"column":2},"end":{"line":48,"column":28}},"type":"if","locations":[{"start":{"line":48,"column":2},"end":{"line":48,"column":28}},{"start":{},"end":{}}]},"6":{"loc":{"start":{"line":51,"column":14},"end":{"line":51,"column":73}},"type":"cond-expr","locations":[{"start":{"line":51,"column":31},"end":{"line":51,"column":42}},{"start":{"line":51,"column":45},"end":{"line":51,"column":73}}]},"7":{"loc":{"start":{"line":57,"column":19},"end":{"line":57,"column":82}},"type":"binary-expr","locations":[{"start":{"line":57,"column":19},"end":{"line":57,"column":50}},{"start":{"line":57,"column":54},"end":{"line":57,"column":82}}]},"8":{"loc":{"start":{"line":58,"column":26},"end":{"line":60,"column":9}},"type":"cond-expr","locations":[{"start":{"line":59,"column":6},"end":{"line":59,"column":73}},{"start":{"line":60,"column":6},"end":{"line":60,"column":9}}]},"9":{"loc":{"start":{"line":59,"column":34},"end":{"line":59,"column":71}},"type":"binary-expr","locations":[{"start":{"line":59,"column":34},"end":{"line":59,"column":64}},{"start":{"line":59,"column":68},"end":{"line":59,"column":71}}]},"10":{"loc":{"start":{"line":63,"column":13},"end":{"line":63,"column":38}},"type":"binary-expr","locations":[{"start":{"line":63,"column":13},"end":{"line":63,"column":19}},{"start":{"line":63,"column":23},"end":{"line":63,"column":38}}]}},"s":{"0":3,"1":3,"2":3,"3":3,"4":0,"5":3,"6":3,"7":0,"8":3,"9":0,"10":0,"11":0,"12":0,"13":0,"14":0,"15":0,"16":0,"17":0,"18":0,"19":0,"20":0,"21":0,"22":0,"23":0,"24":0,"25":0,"26":0,"27":0},"f":{"0":0,"1":0,"2":0,"3":0,"4":0,"5":0},"b":{"0":[0,0],"1":[0,0],"2":[0,0],"3":[0,0],"4":[0,0],"5":[0,0],"6":[0,0],"7":[0,0],"8":[0,0],"9":[0,0],"10":[0,0]}}
,"C:\\Users\\akan\\Documents\\GitHub\\Tess\\backend\\src\\assistant\\validation.ts": {"path":"C:\\Users\\akan\\Documents\\GitHub\\Tess\\backend\\src\\assistant\\validation.ts","statementMap":{"0":{"start":{"line":1,"column":0},"end":{"line":1,"column":24}},"1":{"start":{"line":3,"column":26},"end":{"line":6,"column":2}},"2":{"start":{"line":8,"column":13},"end":{"line":15,"column":3}},"3":{"start":{"line":14,"column":23},"end":{"line":14,"column":61}}},"fnMap":{"0":{"name":"(anonymous_0)","decl":{"start":{"line":14,"column":15},"end":{"line":14,"column":16}},"loc":{"start":{"line":14,"column":23},"end":{"line":14,"column":61}}}},"branchMap":{"0":{"loc":{"start":{"line":14,"column":23},"end":{"line":14,"column":61}},"type":"cond-expr","locations":[{"start":{"line":14,"column":48},"end":{"line":14,"column":49}},{"start":{"line":14,"column":52},"end":{"line":14,"column":61}}]},"1":{"loc":{"start":{"line":14,"column":23},"end":{"line":14,"column":45}},"type":"binary-expr","locations":[{"start":{"line":14,"column":23},"end":{"line":14,"column":24}},{"start":{"line":14,"column":28},"end":{"line":14,"column":45}}]}},"s":{"0":3,"1":3,"2":3,"3":0},"f":{"0":0},"b":{"0":[0,0],"1":[0,0]}}
,"C:\\Users\\akan\\Documents\\GitHub\\Tess\\backend\\src\\assistant\\knowledge\\chunks.ts": {"path":"C:\\Users\\akan\\Documents\\GitHub\\Tess\\backend\\src\\assistant\\knowledge\\chunks.ts","statementMap":{"0":{"start":{"line":8,"column":13},"end":{"line":113,"column":2}}},"fnMap":{},"branchMap":{},"s":{"0":3},"f":{},"b":{}}
,"C:\\Users\\akan\\Documents\\GitHub\\Tess\\backend\\src\\assistant\\knowledge\\retrieve.ts": {"path":"C:\\Users\\akan\\Documents\\GitHub\\Tess\\backend\\src\\assistant\\knowledge\\retrieve.ts","statementMap":{"0":{"start":{"line":36,"column":0},"end":{"line":36,"column":16}},"1":{"start":{"line":50,"column":0},"end":{"line":50,"column":16}},"2":{"start":{"line":1,"column":0},"end":{"line":1,"column":47}},"3":{"start":{"line":4,"column":19},"end":{"line":4,"column":20}},"4":{"start":{"line":7,"column":2},"end":{"line":11,"column":34}},"5":{"start":{"line":11,"column":19},"end":{"line":11,"column":32}},"6":{"start":{"line":15,"column":2},"end":{"line":15,"column":60}},"7":{"start":{"line":15,"column":48},"end":{"line":15,"column":60}},"8":{"start":{"line":16,"column":2},"end":{"line":16,"column":36}},"9":{"start":{"line":20,"column":19},"end":{"line":20,"column":94}},"10":{"start":{"line":21,"column":14},"end":{"line":21,"column":15}},"11":{"start":{"line":22,"column":2},"end":{"line":29,"column":3}},"12":{"start":{"line":23,"column":4},"end":{"line":25,"column":5}},"13":{"start":{"line":23,"column":35},"end":{"line":23,"column":73}},"14":{"start":{"line":24,"column":6},"end":{"line":24,"column":17}},"15":{"start":{"line":26,"column":4},"end":{"line":28,"column":5}},"16":{"start":{"line":27,"column":6},"end":{"line":27,"column":17}},"17":{"start":{"line":30,"column":2},"end":{"line":30,"column":15}},"18":{"start":{"line":37,"column":22},"end":{"line":37,"column":37}},"19":{"start":{"line":38,"column":2},"end":{"line":40,"column":3}},"20":{"start":{"line":39,"column":4},"end":{"line":39,"column":84}},"21":{"start":{"line":39,"column":42},"end":{"line":39,"column":70}},"22":{"start":{"line":42,"column":2},"end":{"line":47,"column":31}},"23":{"start":{"line":42,"column":40},"end":{"line":42,"column":68}},"24":{"start":{"line":43,"column":21},"end":{"line":43,"column":69}},"25":{"start":{"line":44,"column":27},"end":{"line":44,"column":36}},"26":{"start":{"line":45,"column":20},"end":{"line":45,"column":37}},"27":{"start":{"line":47,"column":24},"end":{"line":47,"column":29}},"28":{"start":{"line":51,"column":2},"end":{"line":53,"column":3}},"29":{"start":{"line":52,"column":4},"end":{"line":52,"column":85}},"30":{"start":{"line":54,"column":2},"end":{"line":56,"column":18}},"31":{"start":{"line":55,"column":16},"end":{"line":55,"column":46}}},"fnMap":{"0":{"name":"tokenize","decl":{"start":{"line":6,"column":9},"end":{"line":6,"column":17}},"loc":{"start":{"line":6,"column":30},"end":{"line":12,"column":1}}},"1":{"name":"(anonymous_1)","decl":{"start":{"line":11,"column":12},"end":{"line":11,"column":13}},"loc":{"start":{"line":11,"column":19},"end":{"line":11,"column":32}}},"2":{"name":"chunkVisibleForRole","decl":{"start":{"line":14,"column":9},"end":{"line":14,"column":28}},"loc":{"start":{"line":14,"column":66},"end":{"line":17,"column":1}}},"3":{"name":"scoreChunk","decl":{"start":{"line":19,"column":9},"end":{"line":19,"column":19}},"loc":{"start":{"line":19,"column":64},"end":{"line":31,"column":1}}},"4":{"name":"(anonymous_4)","decl":{"start":{"line":23,"column":28},"end":{"line":23,"column":29}},"loc":{"start":{"line":23,"column":35},"end":{"line":23,"column":73}}},"5":{"name":"retrieveKnowledge","decl":{"start":{"line":36,"column":16},"end":{"line":36,"column":33}},"loc":{"start":{"line":36,"column":63},"end":{"line":48,"column":1}}},"6":{"name":"(anonymous_6)","decl":{"start":{"line":39,"column":35},"end":{"line":39,"column":36}},"loc":{"start":{"line":39,"column":42},"end":{"line":39,"column":70}}},"7":{"name":"(anonymous_7)","decl":{"start":{"line":42,"column":33},"end":{"line":42,"column":34}},"loc":{"start":{"line":42,"column":40},"end":{"line":42,"column":68}}},"8":{"name":"(anonymous_8)","decl":{"start":{"line":43,"column":9},"end":{"line":43,"column":10}},"loc":{"start":{"line":43,"column":21},"end":{"line":43,"column":69}}},"9":{"name":"(anonymous_9)","decl":{"start":{"line":44,"column":12},"end":{"line":44,"column":13}},"loc":{"start":{"line":44,"column":27},"end":{"line":44,"column":36}}},"10":{"name":"(anonymous_10)","decl":{"start":{"line":45,"column":10},"end":{"line":45,"column":11}},"loc":{"start":{"line":45,"column":20},"end":{"line":45,"column":37}}},"11":{"name":"(anonymous_11)","decl":{"start":{"line":47,"column":9},"end":{"line":47,"column":10}},"loc":{"start":{"line":47,"column":24},"end":{"line":47,"column":29}}},"12":{"name":"formatKnowledgeContext","decl":{"start":{"line":50,"column":16},"end":{"line":50,"column":38}},"loc":{"start":{"line":50,"column":63},"end":{"line":57,"column":1}}},"13":{"name":"(anonymous_13)","decl":{"start":{"line":55,"column":9},"end":{"line":55,"column":10}},"loc":{"start":{"line":55,"column":16},"end":{"line":55,"column":46}}}},"branchMap":{"0":{"loc":{"start":{"line":15,"column":2},"end":{"line":15,"column":60}},"type":"if","locations":[{"start":{"line":15,"column":2},"end":{"line":15,"column":60}},{"start":{},"end":{}}]},"1":{"loc":{"start":{"line":15,"column":6},"end":{"line":15,"column":46}},"type":"binary-expr","locations":[{"start":{"line":15,"column":6},"end":{"line":15,"column":18}},{"start":{"line":15,"column":22},"end":{"line":15,"column":46}}]},"2":{"loc":{"start":{"line":23,"column":4},"end":{"line":25,"column":5}},"type":"if","locations":[{"start":{"line":23,"column":4},"end":{"line":25,"column":5}},{"start":{},"end":{}}]},"3":{"loc":{"start":{"line":23,"column":35},"end":{"line":23,"column":73}},"type":"binary-expr","locations":[{"start":{"line":23,"column":35},"end":{"line":23,"column":52}},{"start":{"line":23,"column":56},"end":{"line":23,"column":73}}]},"4":{"loc":{"start":{"line":26,"column":4},"end":{"line":28,"column":5}},"type":"if","locations":[{"start":{"line":26,"column":4},"end":{"line":28,"column":5}},{"start":{},"end":{}}]},"5":{"loc":{"start":{"line":38,"column":2},"end":{"line":40,"column":3}},"type":"if","locations":[{"start":{"line":38,"column":2},"end":{"line":40,"column":3}},{"start":{},"end":{}}]},"6":{"loc":{"start":{"line":51,"column":2},"end":{"line":53,"column":3}},"type":"if","locations":[{"start":{"line":51,"column":2},"end":{"line":53,"column":3}},{"start":{},"end":{}}]}},"s":{"0":3,"1":3,"2":3,"3":3,"4":0,"5":0,"6":0,"7":0,"8":0,"9":0,"10":0,"11":0,"12":0,"13":0,"14":0,"15":0,"16":0,"17":0,"18":0,"19":0,"20":0,"21":0,"22":0,"23":0,"24":0,"25":0,"26":0,"27":0,"28":0,"29":0,"30":0,"31":0},"f":{"0":0,"1":0,"2":0,"3":0,"4":0,"5":0,"6":0,"7":0,"8":0,"9":0,"10":0,"11":0,"12":0,"13":0},"b":{"0":[0,0],"1":[0,0],"2":[0,0],"3":[0,0],"4":[0,0],"5":[0,0],"6":[0,0]}}
,"C:\\Users\\akan\\Documents\\GitHub\\Tess\\backend\\src\\assistant\\providers\\gemini.ts": {"path":"C:\\Users\\akan\\Documents\\GitHub\\Tess\\backend\\src\\assistant\\providers\\gemini.ts","statementMap":{"0":{"start":{"line":16,"column":0},"end":{"line":16,"column":7}},"1":{"start":{"line":1,"column":0},"end":{"line":1,"column":75}},"2":{"start":{"line":2,"column":0},"end":{"line":2,"column":60}},"3":{"start":{"line":17,"column":14},"end":{"line":17,"column":164}},"4":{"start":{"line":19,"column":15},"end":{"line":31,"column":4}},"5":{"start":{"line":23,"column":42},"end":{"line":26,"column":6}},"6":{"start":{"line":33,"column":2},"end":{"line":62,"column":4}},"7":{"start":{"line":35,"column":23},"end":{"line":40,"column":8}},"8":{"start":{"line":42,"column":20},"end":{"line":42,"column":41}},"9":{"start":{"line":44,"column":6},"end":{"line":52,"column":7}},"10":{"start":{"line":45,"column":23},"end":{"line":45,"column":42}},"11":{"start":{"line":47,"column":10},"end":{"line":49,"column":62}},"12":{"start":{"line":50,"column":22},"end":{"line":50,"column":107}},"13":{"start":{"line":51,"column":8},"end":{"line":51,"column":20}},"14":{"start":{"line":54,"column":20},"end":{"line":54,"column":98}},"15":{"start":{"line":54,"column":69},"end":{"line":54,"column":81}},"16":{"start":{"line":55,"column":6},"end":{"line":57,"column":7}},"17":{"start":{"line":56,"column":8},"end":{"line":56,"column":62}},"18":{"start":{"line":59,"column":6},"end":{"line":59,"column":19}}},"fnMap":{"0":{"name":"completeWithGemini","decl":{"start":{"line":16,"column":22},"end":{"line":16,"column":40}},"loc":{"start":{"line":16,"column":65},"end":{"line":63,"column":1}}},"1":{"name":"(anonymous_1)","decl":{"start":{"line":23,"column":34},"end":{"line":23,"column":35}},"loc":{"start":{"line":23,"column":42},"end":{"line":26,"column":6}}},"2":{"name":"(anonymous_2)","decl":{"start":{"line":34,"column":4},"end":{"line":34,"column":9}},"loc":{"start":{"line":34,"column":15},"end":{"line":60,"column":5}}},"3":{"name":"(anonymous_3)","decl":{"start":{"line":54,"column":62},"end":{"line":54,"column":63}},"loc":{"start":{"line":54,"column":69},"end":{"line":54,"column":81}}}},"branchMap":{"0":{"loc":{"start":{"line":24,"column":12},"end":{"line":24,"column":53}},"type":"cond-expr","locations":[{"start":{"line":24,"column":37},"end":{"line":24,"column":44}},{"start":{"line":24,"column":47},"end":{"line":24,"column":53}}]},"1":{"loc":{"start":{"line":44,"column":6},"end":{"line":52,"column":7}},"type":"if","locations":[{"start":{"line":44,"column":6},"end":{"line":52,"column":7}},{"start":{},"end":{}}]},"2":{"loc":{"start":{"line":47,"column":10},"end":{"line":49,"column":62}},"type":"cond-expr","locations":[{"start":{"line":48,"column":14},"end":{"line":48,"column":45}},{"start":{"line":49,"column":14},"end":{"line":49,"column":62}}]},"3":{"loc":{"start":{"line":47,"column":10},"end":{"line":47,"column":58}},"type":"binary-expr","locations":[{"start":{"line":47,"column":10},"end":{"line":47,"column":48}},{"start":{"line":47,"column":52},"end":{"line":47,"column":58}}]},"4":{"loc":{"start":{"line":50,"column":44},"end":{"line":50,"column":106}},"type":"cond-expr","locations":[{"start":{"line":50,"column":85},"end":{"line":50,"column":88}},{"start":{"line":50,"column":91},"end":{"line":50,"column":106}}]},"5":{"loc":{"start":{"line":54,"column":69},"end":{"line":54,"column":81}},"type":"binary-expr","locations":[{"start":{"line":54,"column":69},"end":{"line":54,"column":75}},{"start":{"line":54,"column":79},"end":{"line":54,"column":81}}]},"6":{"loc":{"start":{"line":55,"column":6},"end":{"line":57,"column":7}},"type":"if","locations":[{"start":{"line":55,"column":6},"end":{"line":57,"column":7}},{"start":{},"end":{}}]}},"s":{"0":3,"1":3,"2":3,"3":0,"4":0,"5":0,"6":0,"7":0,"8":0,"9":0,"10":0,"11":0,"12":0,"13":0,"14":0,"15":0,"16":0,"17":0,"18":0},"f":{"0":0,"1":0,"2":0,"3":0},"b":{"0":[0,0],"1":[0,0],"2":[0,0],"3":[0,0],"4":[0,0],"5":[0,0],"6":[0,0]}}
,"C:\\Users\\akan\\Documents\\GitHub\\Tess\\backend\\src\\assistant\\providers\\index.ts": {"path":"C:\\Users\\akan\\Documents\\GitHub\\Tess\\backend\\src\\assistant\\providers\\index.ts","statementMap":{"0":{"start":{"line":7,"column":0},"end":{"line":7,"column":7}},"1":{"start":{"line":1,"column":0},"end":{"line":1,"column":60}},"2":{"start":{"line":2,"column":0},"end":{"line":2,"column":50}},"3":{"start":{"line":4,"column":0},"end":{"line":4,"column":49}},"4":{"start":{"line":5,"column":0},"end":{"line":5,"column":49}},"5":{"start":{"line":11,"column":17},"end":{"line":11,"column":37}},"6":{"start":{"line":13,"column":2},"end":{"line":15,"column":3}},"7":{"start":{"line":14,"column":4},"end":{"line":14,"column":73}},"8":{"start":{"line":17,"column":27},"end":{"line":23,"column":4}},"9":{"start":{"line":25,"column":2},"end":{"line":27,"column":3}},"10":{"start":{"line":26,"column":4},"end":{"line":26,"column":48}},"11":{"start":{"line":29,"column":2},"end":{"line":29,"column":46}}},"fnMap":{"0":{"name":"completeAssistantChat","decl":{"start":{"line":7,"column":22},"end":{"line":7,"column":43}},"loc":{"start":{"line":10,"column":1},"end":{"line":30,"column":1}}}},"branchMap":{"0":{"loc":{"start":{"line":13,"column":2},"end":{"line":15,"column":3}},"type":"if","locations":[{"start":{"line":13,"column":2},"end":{"line":15,"column":3}},{"start":{},"end":{}}]},"1":{"loc":{"start":{"line":13,"column":6},"end":{"line":13,"column":39}},"type":"binary-expr","locations":[{"start":{"line":13,"column":6},"end":{"line":13,"column":21}},{"start":{"line":13,"column":25},"end":{"line":13,"column":39}}]},"2":{"loc":{"start":{"line":25,"column":2},"end":{"line":27,"column":3}},"type":"if","locations":[{"start":{"line":25,"column":2},"end":{"line":27,"column":3}},{"start":{},"end":{}}]}},"s":{"0":3,"1":3,"2":3,"3":3,"4":3,"5":0,"6":0,"7":0,"8":0,"9":0,"10":0,"11":0},"f":{"0":0},"b":{"0":[0,0],"1":[0,0],"2":[0,0]}}
,"C:\\Users\\akan\\Documents\\GitHub\\Tess\\backend\\src\\assistant\\providers\\openai.ts": {"path":"C:\\Users\\akan\\Documents\\GitHub\\Tess\\backend\\src\\assistant\\providers\\openai.ts","statementMap":{"0":{"start":{"line":10,"column":0},"end":{"line":10,"column":7}},"1":{"start":{"line":1,"column":0},"end":{"line":1,"column":75}},"2":{"start":{"line":2,"column":0},"end":{"line":2,"column":60}},"3":{"start":{"line":11,"column":15},"end":{"line":19,"column":4}},"4":{"start":{"line":17,"column":37},"end":{"line":17,"column":73}},"5":{"start":{"line":21,"column":2},"end":{"line":50,"column":4}},"6":{"start":{"line":23,"column":23},"end":{"line":31,"column":8}},"7":{"start":{"line":33,"column":20},"end":{"line":33,"column":41}},"8":{"start":{"line":35,"column":6},"end":{"line":40,"column":7}},"9":{"start":{"line":36,"column":8},"end":{"line":39,"column":10}},"10":{"start":{"line":42,"column":20},"end":{"line":42,"column":63}},"11":{"start":{"line":43,"column":6},"end":{"line":45,"column":7}},"12":{"start":{"line":44,"column":8},"end":{"line":44,"column":62}},"13":{"start":{"line":47,"column":6},"end":{"line":47,"column":19}}},"fnMap":{"0":{"name":"completeWithOpenAi","decl":{"start":{"line":10,"column":22},"end":{"line":10,"column":40}},"loc":{"start":{"line":10,"column":65},"end":{"line":51,"column":1}}},"1":{"name":"(anonymous_1)","decl":{"start":{"line":17,"column":29},"end":{"line":17,"column":30}},"loc":{"start":{"line":17,"column":37},"end":{"line":17,"column":73}}},"2":{"name":"(anonymous_2)","decl":{"start":{"line":22,"column":4},"end":{"line":22,"column":9}},"loc":{"start":{"line":22,"column":15},"end":{"line":48,"column":5}}}},"branchMap":{"0":{"loc":{"start":{"line":35,"column":6},"end":{"line":40,"column":7}},"type":"if","locations":[{"start":{"line":35,"column":6},"end":{"line":40,"column":7}},{"start":{},"end":{}}]},"1":{"loc":{"start":{"line":38,"column":10},"end":{"line":38,"column":72}},"type":"cond-expr","locations":[{"start":{"line":38,"column":51},"end":{"line":38,"column":54}},{"start":{"line":38,"column":57},"end":{"line":38,"column":72}}]},"2":{"loc":{"start":{"line":43,"column":6},"end":{"line":45,"column":7}},"type":"if","locations":[{"start":{"line":43,"column":6},"end":{"line":45,"column":7}},{"start":{},"end":{}}]}},"s":{"0":3,"1":3,"2":3,"3":0,"4":0,"5":0,"6":0,"7":0,"8":0,"9":0,"10":0,"11":0,"12":0,"13":0},"f":{"0":0,"1":0,"2":0},"b":{"0":[0,0],"1":[0,0],"2":[0,0]}}
,"C:\\Users\\akan\\Documents\\GitHub\\Tess\\backend\\src\\assistant\\safety\\prompt.ts": {"path":"C:\\Users\\akan\\Documents\\GitHub\\Tess\\backend\\src\\assistant\\safety\\prompt.ts","statementMap":{"0":{"start":{"line":3,"column":0},"end":{"line":3,"column":16}},"1":{"start":{"line":8,"column":47},"end":{"line":8,"column":53}},"2":{"start":{"line":10,"column":2},"end":{"line":25,"column":21}}},"fnMap":{"0":{"name":"buildSystemPrompt","decl":{"start":{"line":3,"column":16},"end":{"line":3,"column":33}},"loc":{"start":{"line":7,"column":1},"end":{"line":26,"column":1}}}},"branchMap":{"0":{"loc":{"start":{"line":22,"column":30},"end":{"line":22,"column":53}},"type":"binary-expr","locations":[{"start":{"line":22,"column":30},"end":{"line":22,"column":38}},{"start":{"line":22,"column":42},"end":{"line":22,"column":53}}]}},"s":{"0":3,"1":0,"2":0},"f":{"0":0},"b":{"0":[0,0]}}
,"C:\\Users\\akan\\Documents\\GitHub\\Tess\\backend\\src\\assistant\\safety\\sanitize.ts": {"path":"C:\\Users\\akan\\Documents\\GitHub\\Tess\\backend\\src\\assistant\\safety\\sanitize.ts","statementMap":{"0":{"start":{"line":18,"column":0},"end":{"line":18,"column":16}},"1":{"start":{"line":30,"column":0},"end":{"line":30,"column":16}},"2":{"start":{"line":43,"column":0},"end":{"line":43,"column":16}},"3":{"start":{"line":1,"column":0},"end":{"line":1,"column":67}},"4":{"start":{"line":3,"column":27},"end":{"line":3,"column":31}},"5":{"start":{"line":4,"column":21},"end":{"line":4,"column":23}},"6":{"start":{"line":7,"column":35},"end":{"line":14,"column":2}},"7":{"start":{"line":16,"column":19},"end":{"line":16,"column":59}},"8":{"start":{"line":19,"column":13},"end":{"line":19,"column":41}},"9":{"start":{"line":20,"column":2},"end":{"line":20,"column":38}},"10":{"start":{"line":21,"column":2},"end":{"line":23,"column":3}},"11":{"start":{"line":22,"column":4},"end":{"line":22,"column":90}},"12":{"start":{"line":24,"column":2},"end":{"line":26,"column":3}},"13":{"start":{"line":25,"column":4},"end":{"line":25,"column":62}},"14":{"start":{"line":27,"column":2},"end":{"line":27,"column":14}},"15":{"start":{"line":31,"column":2},"end":{"line":37,"column":3}},"16":{"start":{"line":32,"column":4},"end":{"line":36,"column":5}},"17":{"start":{"line":33,"column":6},"end":{"line":35,"column":8}},"18":{"start":{"line":38,"column":2},"end":{"line":40,"column":3}},"19":{"start":{"line":39,"column":4},"end":{"line":39,"column":94}},"20":{"start":{"line":46,"column":2},"end":{"line":48,"column":3}},"21":{"start":{"line":47,"column":4},"end":{"line":47,"column":77}},"22":{"start":{"line":50,"column":72},"end":{"line":50,"column":74}},"23":{"start":{"line":52,"column":2},"end":{"line":61,"column":3}},"24":{"start":{"line":53,"column":4},"end":{"line":55,"column":5}},"25":{"start":{"line":54,"column":6},"end":{"line":54,"column":58}},"26":{"start":{"line":56,"column":20},"end":{"line":56,"column":49}},"27":{"start":{"line":57,"column":4},"end":{"line":59,"column":5}},"28":{"start":{"line":58,"column":6},"end":{"line":58,"column":37}},"29":{"start":{"line":60,"column":4},"end":{"line":60,"column":49}},"30":{"start":{"line":63,"column":15},"end":{"line":63,"column":48}},"31":{"start":{"line":64,"column":2},"end":{"line":66,"column":3}},"32":{"start":{"line":65,"column":4},"end":{"line":65,"column":69}},"33":{"start":{"line":68,"column":2},"end":{"line":68,"column":20}}},"fnMap":{"0":{"name":"sanitizeUserText","decl":{"start":{"line":18,"column":16},"end":{"line":18,"column":32}},"loc":{"start":{"line":18,"column":44},"end":{"line":28,"column":1}}},"1":{"name":"assertSafeUserMessage","decl":{"start":{"line":30,"column":16},"end":{"line":30,"column":37}},"loc":{"start":{"line":30,"column":53},"end":{"line":41,"column":1}}},"2":{"name":"sanitizeMessageHistory","decl":{"start":{"line":43,"column":16},"end":{"line":43,"column":38}},"loc":{"start":{"line":44,"column":47},"end":{"line":69,"column":1}}}},"branchMap":{"0":{"loc":{"start":{"line":21,"column":2},"end":{"line":23,"column":3}},"type":"if","locations":[{"start":{"line":21,"column":2},"end":{"line":23,"column":3}},{"start":{},"end":{}}]},"1":{"loc":{"start":{"line":24,"column":2},"end":{"line":26,"column":3}},"type":"if","locations":[{"start":{"line":24,"column":2},"end":{"line":26,"column":3}},{"start":{},"end":{}}]},"2":{"loc":{"start":{"line":32,"column":4},"end":{"line":36,"column":5}},"type":"if","locations":[{"start":{"line":32,"column":4},"end":{"line":36,"column":5}},{"start":{},"end":{}}]},"3":{"loc":{"start":{"line":38,"column":2},"end":{"line":40,"column":3}},"type":"if","locations":[{"start":{"line":38,"column":2},"end":{"line":40,"column":3}},{"start":{},"end":{}}]},"4":{"loc":{"start":{"line":38,"column":6},"end":{"line":38,"column":53}},"type":"binary-expr","locations":[{"start":{"line":38,"column":6},"end":{"line":38,"column":30}},{"start":{"line":38,"column":34},"end":{"line":38,"column":53}}]},"5":{"loc":{"start":{"line":46,"column":2},"end":{"line":48,"column":3}},"type":"if","locations":[{"start":{"line":46,"column":2},"end":{"line":48,"column":3}},{"start":{},"end":{}}]},"6":{"loc":{"start":{"line":53,"column":4},"end":{"line":55,"column":5}},"type":"if","locations":[{"start":{"line":53,"column":4},"end":{"line":55,"column":5}},{"start":{},"end":{}}]},"7":{"loc":{"start":{"line":53,"column":8},"end":{"line":53,"column":55}},"type":"binary-expr","locations":[{"start":{"line":53,"column":8},"end":{"line":53,"column":27}},{"start":{"line":53,"column":31},"end":{"line":53,"column":55}}]},"8":{"loc":{"start":{"line":57,"column":4},"end":{"line":59,"column":5}},"type":"if","locations":[{"start":{"line":57,"column":4},"end":{"line":59,"column":5}},{"start":{},"end":{}}]},"9":{"loc":{"start":{"line":64,"column":2},"end":{"line":66,"column":3}},"type":"if","locations":[{"start":{"line":64,"column":2},"end":{"line":66,"column":3}},{"start":{},"end":{}}]},"10":{"loc":{"start":{"line":64,"column":6},"end":{"line":64,"column":35}},"type":"binary-expr","locations":[{"start":{"line":64,"column":6},"end":{"line":64,"column":11}},{"start":{"line":64,"column":15},"end":{"line":64,"column":35}}]}},"s":{"0":4,"1":4,"2":4,"3":4,"4":4,"5":4,"6":4,"7":4,"8":2,"9":2,"10":2,"11":0,"12":2,"13":0,"14":2,"15":2,"16":8,"17":1,"18":1,"19":0,"20":2,"21":0,"22":2,"23":2,"24":2,"25":0,"26":2,"27":2,"28":1,"29":2,"30":2,"31":2,"32":1,"33":1},"f":{"0":2,"1":2,"2":2},"b":{"0":[0,2],"1":[0,2],"2":[1,7],"3":[0,1],"4":[1,0],"5":[0,2],"6":[0,2],"7":[2,1],"8":[1,1],"9":[1,1],"10":[2,2]}}
,"C:\\Users\\akan\\Documents\\GitHub\\Tess\\backend\\src\\controllers\\assistantController.ts": {"path":"C:\\Users\\akan\\Documents\\GitHub\\Tess\\backend\\src\\controllers\\assistantController.ts","statementMap":{"0":{"start":{"line":3,"column":0},"end":{"line":3,"column":60}},"1":{"start":{"line":4,"column":0},"end":{"line":4,"column":63}},"2":{"start":{"line":7,"column":13},"end":{"line":23,"column":2}},"3":{"start":{"line":9,"column":24},"end":{"line":9,"column":44}},"4":{"start":{"line":10,"column":42},"end":{"line":10,"column":53}},"5":{"start":{"line":11,"column":4},"end":{"line":11,"column":19}},"6":{"start":{"line":15,"column":17},"end":{"line":15,"column":26}},"7":{"start":{"line":16,"column":19},"end":{"line":20,"column":6}},"8":{"start":{"line":21,"column":4},"end":{"line":21,"column":21}}},"fnMap":{"0":{"name":"(anonymous_0)","decl":{"start":{"line":8,"column":10},"end":{"line":8,"column":11}},"loc":{"start":{"line":8,"column":47},"end":{"line":12,"column":3}}},"1":{"name":"(anonymous_1)","decl":{"start":{"line":14,"column":8},"end":{"line":14,"column":13}},"loc":{"start":{"line":14,"column":50},"end":{"line":22,"column":3}}}},"branchMap":{},"s":{"0":3,"1":3,"2":3,"3":0,"4":0,"5":0,"6":0,"7":0,"8":0},"f":{"0":0,"1":0},"b":{}}
,"C:\\Users\\akan\\Documents\\GitHub\\Tess\\backend\\src\\controllers\\auditController.ts": {"path":"C:\\Users\\akan\\Documents\\GitHub\\Tess\\backend\\src\\controllers\\auditController.ts","statementMap":{"0":{"start":{"line":4,"column":0},"end":{"line":4,"column":53}},"1":{"start":{"line":5,"column":0},"end":{"line":5,"column":59}},"2":{"start":{"line":12,"column":13},"end":{"line":35,"column":2}},"3":{"start":{"line":15,"column":6},"end":{"line":15,"column":62}},"4":{"start":{"line":17,"column":19},"end":{"line":25,"column":6}},"5":{"start":{"line":27,"column":4},"end":{"line":27,"column":83}},"6":{"start":{"line":31,"column":37},"end":{"line":31,"column":47}},"7":{"start":{"line":32,"column":20},"end":{"line":32,"column":71}},"8":{"start":{"line":33,"column":4},"end":{"line":33,"column":22}}},"fnMap":{"0":{"name":"(anonymous_0)","decl":{"start":{"line":13,"column":10},"end":{"line":13,"column":15}},"loc":{"start":{"line":13,"column":52},"end":{"line":28,"column":3}}},"1":{"name":"(anonymous_1)","decl":{"start":{"line":30,"column":15},"end":{"line":30,"column":20}},"loc":{"start":{"line":30,"column":57},"end":{"line":34,"column":3}}}},"branchMap":{},"s":{"0":3,"1":3,"2":3,"3":0,"4":0,"5":0,"6":0,"7":0,"8":0},"f":{"0":0,"1":0},"b":{}}
,"C:\\Users\\akan\\Documents\\GitHub\\Tess\\backend\\src\\controllers\\authController.ts": {"path":"C:\\Users\\akan\\Documents\\GitHub\\Tess\\backend\\src\\controllers\\authController.ts","statementMap":{"0":{"start":{"line":2,"column":0},"end":{"line":2,"column":31}},"1":{"start":{"line":3,"column":0},"end":{"line":3,"column":51}},"2":{"start":{"line":4,"column":0},"end":{"line":4,"column":null}},"3":{"start":{"line":8,"column":0},"end":{"line":8,"column":83}},"4":{"start":{"line":9,"column":0},"end":{"line":9,"column":104}},"5":{"start":{"line":10,"column":0},"end":{"line":10,"column":61}},"6":{"start":{"line":11,"column":0},"end":{"line":11,"column":66}},"7":{"start":{"line":14,"column":32},"end":{"line":14,"column":36}},"8":{"start":{"line":23,"column":2},"end":{"line":30,"column":4}},"9":{"start":{"line":39,"column":2},"end":{"line":44,"column":4}},"10":{"start":{"line":52,"column":28},"end":{"line":52,"column":90}},"11":{"start":{"line":55,"column":2},"end":{"line":55,"column":63}},"12":{"start":{"line":62,"column":16},"end":{"line":65,"column":4}},"13":{"start":{"line":66,"column":17},"end":{"line":66,"column":56}},"14":{"start":{"line":67,"column":2},"end":{"line":67,"column":47}},"15":{"start":{"line":70,"column":13},"end":{"line":232,"column":2}},"16":{"start":{"line":72,"column":35},"end":{"line":72,"column":43}},"17":{"start":{"line":74,"column":4},"end":{"line":76,"column":5}},"18":{"start":{"line":75,"column":6},"end":{"line":75,"column":70}},"19":{"start":{"line":78,"column":17},"end":{"line":78,"column":57}},"20":{"start":{"line":80,"column":4},"end":{"line":84,"column":5}},"21":{"start":{"line":82,"column":6},"end":{"line":82,"column":50}},"22":{"start":{"line":83,"column":6},"end":{"line":83,"column":57}},"23":{"start":{"line":86,"column":28},"end":{"line":86,"column":78}},"24":{"start":{"line":88,"column":4},"end":{"line":90,"column":5}},"25":{"start":{"line":89,"column":6},"end":{"line":89,"column":57}},"26":{"start":{"line":92,"column":36},"end":{"line":92,"column":62}},"27":{"start":{"line":93,"column":4},"end":{"line":93,"column":72}},"28":{"start":{"line":97,"column":34},"end":{"line":97,"column":42}},"29":{"start":{"line":99,"column":4},"end":{"line":101,"column":5}},"30":{"start":{"line":100,"column":6},"end":{"line":100,"column":69}},"31":{"start":{"line":103,"column":17},"end":{"line":103,"column":55}},"32":{"start":{"line":105,"column":4},"end":{"line":109,"column":5}},"33":{"start":{"line":107,"column":6},"end":{"line":107,"column":50}},"34":{"start":{"line":108,"column":6},"end":{"line":108,"column":57}},"35":{"start":{"line":111,"column":28},"end":{"line":111,"column":78}},"36":{"start":{"line":113,"column":4},"end":{"line":115,"column":5}},"37":{"start":{"line":114,"column":6},"end":{"line":114,"column":57}},"38":{"start":{"line":117,"column":36},"end":{"line":117,"column":62}},"39":{"start":{"line":118,"column":4},"end":{"line":118,"column":72}},"40":{"start":{"line":127,"column":29},"end":{"line":127,"column":66}},"41":{"start":{"line":128,"column":4},"end":{"line":130,"column":5}},"42":{"start":{"line":129,"column":6},"end":{"line":129,"column":61}},"43":{"start":{"line":132,"column":20},"end":{"line":132,"column":64}},"44":{"start":{"line":133,"column":4},"end":{"line":135,"column":5}},"45":{"start":{"line":134,"column":6},"end":{"line":134,"column":70}},"46":{"start":{"line":139,"column":17},"end":{"line":139,"column":65}},"47":{"start":{"line":140,"column":4},"end":{"line":142,"column":5}},"48":{"start":{"line":141,"column":6},"end":{"line":141,"column":59}},"49":{"start":{"line":144,"column":18},"end":{"line":147,"column":6}},"50":{"start":{"line":149,"column":4},"end":{"line":155,"column":7}},"51":{"start":{"line":160,"column":29},"end":{"line":160,"column":66}},"52":{"start":{"line":161,"column":4},"end":{"line":163,"column":5}},"53":{"start":{"line":162,"column":6},"end":{"line":162,"column":51}},"54":{"start":{"line":164,"column":4},"end":{"line":164,"column":32}},"55":{"start":{"line":168,"column":19},"end":{"line":168,"column":31}},"56":{"start":{"line":169,"column":4},"end":{"line":171,"column":5}},"57":{"start":{"line":170,"column":6},"end":{"line":170,"column":55}},"58":{"start":{"line":173,"column":45},"end":{"line":173,"column":null}},"59":{"start":{"line":178,"column":17},"end":{"line":178,"column":57}},"60":{"start":{"line":179,"column":4},"end":{"line":181,"column":5}},"61":{"start":{"line":180,"column":6},"end":{"line":180,"column":52}},"62":{"start":{"line":183,"column":20},"end":{"line":183,"column":77}},"63":{"start":{"line":184,"column":4},"end":{"line":186,"column":5}},"64":{"start":{"line":185,"column":6},"end":{"line":185,"column":67}},"65":{"start":{"line":188,"column":25},"end":{"line":188,"column":56}},"66":{"start":{"line":189,"column":4},"end":{"line":189,"column":53}},"67":{"start":{"line":195,"column":4},"end":{"line":195,"column":45}},"68":{"start":{"line":196,"column":4},"end":{"line":196,"column":40}},"69":{"start":{"line":197,"column":4},"end":{"line":197,"column":53}},"70":{"start":{"line":199,"column":4},"end":{"line":202,"column":7}},"71":{"start":{"line":206,"column":23},"end":{"line":206,"column":48}},"72":{"start":{"line":208,"column":4},"end":{"line":210,"column":5}},"73":{"start":{"line":209,"column":6},"end":{"line":209,"column":55}},"74":{"start":{"line":212,"column":18},"end":{"line":212,"column":42}},"75":{"start":{"line":217,"column":4},"end":{"line":223,"column":5}},"76":{"start":{"line":218,"column":6},"end":{"line":220,"column":9}},"77":{"start":{"line":222,"column":6},"end":{"line":222,"column":62}},"78":{"start":{"line":225,"column":19},"end":{"line":225,"column":54}},"79":{"start":{"line":226,"column":4},"end":{"line":228,"column":5}},"80":{"start":{"line":227,"column":6},"end":{"line":227,"column":59}},"81":{"start":{"line":230,"column":4},"end":{"line":230,"column":49}}},"fnMap":{"0":{"name":"jwtClaimsFromUser","decl":{"start":{"line":16,"column":9},"end":{"line":16,"column":26}},"loc":{"start":{"line":22,"column":1},"end":{"line":31,"column":1}}},"1":{"name":"publicUserFromRecord","decl":{"start":{"line":33,"column":9},"end":{"line":33,"column":29}},"loc":{"start":{"line":38,"column":1},"end":{"line":45,"column":1}}},"2":{"name":"verifyPasswordOrDummy","decl":{"start":{"line":54,"column":15},"end":{"line":54,"column":36}},"loc":{"start":{"line":54,"column":74},"end":{"line":56,"column":1}}},"3":{"name":"issueTokenPair","decl":{"start":{"line":59,"column":15},"end":{"line":59,"column":29}},"loc":{"start":{"line":60,"column":47},"end":{"line":68,"column":1}}},"4":{"name":"(anonymous_5)","decl":{"start":{"line":71,"column":9},"end":{"line":71,"column":14}},"loc":{"start":{"line":71,"column":47},"end":{"line":94,"column":3}}},"5":{"name":"(anonymous_6)","decl":{"start":{"line":96,"column":14},"end":{"line":96,"column":19}},"loc":{"start":{"line":96,"column":52},"end":{"line":119,"column":3}}},"6":{"name":"(anonymous_7)","decl":{"start":{"line":126,"column":11},"end":{"line":126,"column":16}},"loc":{"start":{"line":126,"column":49},"end":{"line":156,"column":3}}},"7":{"name":"(anonymous_8)","decl":{"start":{"line":159,"column":10},"end":{"line":159,"column":15}},"loc":{"start":{"line":159,"column":48},"end":{"line":165,"column":3}}},"8":{"name":"(anonymous_9)","decl":{"start":{"line":167,"column":18},"end":{"line":167,"column":23}},"loc":{"start":{"line":167,"column":60},"end":{"line":203,"column":3}}},"9":{"name":"(anonymous_10)","decl":{"start":{"line":205,"column":10},"end":{"line":205,"column":15}},"loc":{"start":{"line":205,"column":52},"end":{"line":231,"column":3}}}},"branchMap":{"0":{"loc":{"start":{"line":27,"column":8},"end":{"line":27,"column":61}},"type":"cond-expr","locations":[{"start":{"line":27,"column":31},"end":{"line":27,"column":56}},{"start":{"line":27,"column":59},"end":{"line":27,"column":61}}]},"1":{"loc":{"start":{"line":29,"column":18},"end":{"line":29,"column":41}},"type":"binary-expr","locations":[{"start":{"line":29,"column":18},"end":{"line":29,"column":36}},{"start":{"line":29,"column":40},"end":{"line":29,"column":41}}]},"2":{"loc":{"start":{"line":43,"column":8},"end":{"line":43,"column":61}},"type":"cond-expr","locations":[{"start":{"line":43,"column":31},"end":{"line":43,"column":56}},{"start":{"line":43,"column":59},"end":{"line":43,"column":61}}]},"3":{"loc":{"start":{"line":55,"column":34},"end":{"line":55,"column":61}},"type":"binary-expr","locations":[{"start":{"line":55,"column":34},"end":{"line":55,"column":38}},{"start":{"line":55,"column":42},"end":{"line":55,"column":61}}]},"4":{"loc":{"start":{"line":74,"column":4},"end":{"line":76,"column":5}},"type":"if","locations":[{"start":{"line":74,"column":4},"end":{"line":76,"column":5}},{"start":{},"end":{}}]},"5":{"loc":{"start":{"line":74,"column":8},"end":{"line":74,"column":30}},"type":"binary-expr","locations":[{"start":{"line":74,"column":8},"end":{"line":74,"column":17}},{"start":{"line":74,"column":21},"end":{"line":74,"column":30}}]},"6":{"loc":{"start":{"line":80,"column":4},"end":{"line":84,"column":5}},"type":"if","locations":[{"start":{"line":80,"column":4},"end":{"line":84,"column":5}},{"start":{},"end":{}}]},"7":{"loc":{"start":{"line":88,"column":4},"end":{"line":90,"column":5}},"type":"if","locations":[{"start":{"line":88,"column":4},"end":{"line":90,"column":5}},{"start":{},"end":{}}]},"8":{"loc":{"start":{"line":99,"column":4},"end":{"line":101,"column":5}},"type":"if","locations":[{"start":{"line":99,"column":4},"end":{"line":101,"column":5}},{"start":{},"end":{}}]},"9":{"loc":{"start":{"line":99,"column":8},"end":{"line":99,"column":29}},"type":"binary-expr","locations":[{"start":{"line":99,"column":8},"end":{"line":99,"column":16}},{"start":{"line":99,"column":20},"end":{"line":99,"column":29}}]},"10":{"loc":{"start":{"line":105,"column":4},"end":{"line":109,"column":5}},"type":"if","locations":[{"start":{"line":105,"column":4},"end":{"line":109,"column":5}},{"start":{},"end":{}}]},"11":{"loc":{"start":{"line":113,"column":4},"end":{"line":115,"column":5}},"type":"if","locations":[{"start":{"line":113,"column":4},"end":{"line":115,"column":5}},{"start":{},"end":{}}]},"12":{"loc":{"start":{"line":128,"column":4},"end":{"line":130,"column":5}},"type":"if","locations":[{"start":{"line":128,"column":4},"end":{"line":130,"column":5}},{"start":{},"end":{}}]},"13":{"loc":{"start":{"line":133,"column":4},"end":{"line":135,"column":5}},"type":"if","locations":[{"start":{"line":133,"column":4},"end":{"line":135,"column":5}},{"start":{},"end":{}}]},"14":{"loc":{"start":{"line":140,"column":4},"end":{"line":142,"column":5}},"type":"if","locations":[{"start":{"line":140,"column":4},"end":{"line":142,"column":5}},{"start":{},"end":{}}]},"15":{"loc":{"start":{"line":161,"column":4},"end":{"line":163,"column":5}},"type":"if","locations":[{"start":{"line":161,"column":4},"end":{"line":163,"column":5}},{"start":{},"end":{}}]},"16":{"loc":{"start":{"line":169,"column":4},"end":{"line":171,"column":5}},"type":"if","locations":[{"start":{"line":169,"column":4},"end":{"line":171,"column":5}},{"start":{},"end":{}}]},"17":{"loc":{"start":{"line":179,"column":4},"end":{"line":181,"column":5}},"type":"if","locations":[{"start":{"line":179,"column":4},"end":{"line":181,"column":5}},{"start":{},"end":{}}]},"18":{"loc":{"start":{"line":184,"column":4},"end":{"line":186,"column":5}},"type":"if","locations":[{"start":{"line":184,"column":4},"end":{"line":186,"column":5}},{"start":{},"end":{}}]},"19":{"loc":{"start":{"line":208,"column":4},"end":{"line":210,"column":5}},"type":"if","locations":[{"start":{"line":208,"column":4},"end":{"line":210,"column":5}},{"start":{},"end":{}}]},"20":{"loc":{"start":{"line":208,"column":8},"end":{"line":208,"column":56}},"type":"binary-expr","locations":[{"start":{"line":208,"column":8},"end":{"line":208,"column":19}},{"start":{"line":208,"column":23},"end":{"line":208,"column":56}}]},"21":{"loc":{"start":{"line":226,"column":4},"end":{"line":228,"column":5}},"type":"if","locations":[{"start":{"line":226,"column":4},"end":{"line":228,"column":5}},{"start":{},"end":{}}]}},"s":{"0":3,"1":3,"2":3,"3":3,"4":3,"5":3,"6":3,"7":3,"8":2,"9":1,"10":3,"11":1,"12":1,"13":1,"14":1,"15":3,"16":3,"17":3,"18":0,"19":3,"20":3,"21":1,"22":1,"23":2,"24":2,"25":1,"26":1,"27":1,"28":0,"29":0,"30":0,"31":0,"32":0,"33":0,"34":0,"35":0,"36":0,"37":0,"38":0,"39":0,"40":2,"41":2,"42":0,"43":2,"44":2,"45":1,"46":1,"47":1,"48":0,"49":1,"50":1,"51":1,"52":1,"53":1,"54":1,"55":2,"56":2,"57":0,"58":2,"59":2,"60":2,"61":0,"62":2,"63":2,"64":1,"65":1,"66":1,"67":1,"68":1,"69":1,"70":1,"71":0,"72":0,"73":0,"74":0,"75":0,"76":0,"77":0,"78":0,"79":0,"80":0,"81":0},"f":{"0":2,"1":1,"2":1,"3":1,"4":3,"5":0,"6":2,"7":1,"8":2,"9":0},"b":{"0":[0,2],"1":[2,0],"2":[0,1],"3":[1,1],"4":[0,3],"5":[3,3],"6":[1,2],"7":[1,1],"8":[0,0],"9":[0,0],"10":[0,0],"11":[0,0],"12":[0,2],"13":[1,1],"14":[0,1],"15":[1,0],"16":[0,2],"17":[0,2],"18":[1,1],"19":[0,0],"20":[0,0],"21":[0,0]}}
,"C:\\Users\\akan\\Documents\\GitHub\\Tess\\backend\\src\\controllers\\catalogController.ts": {"path":"C:\\Users\\akan\\Documents\\GitHub\\Tess\\backend\\src\\controllers\\catalogController.ts","statementMap":{"0":{"start":{"line":4,"column":0},"end":{"line":4,"column":63}},"1":{"start":{"line":5,"column":0},"end":{"line":5,"column":63}},"2":{"start":{"line":8,"column":13},"end":{"line":52,"column":2}},"3":{"start":{"line":15,"column":14},"end":{"line":15,"column":72}},"4":{"start":{"line":16,"column":17},"end":{"line":16,"column":26}},"5":{"start":{"line":19,"column":4},"end":{"line":29,"column":5}},"6":{"start":{"line":20,"column":6},"end":{"line":22,"column":7}},"7":{"start":{"line":21,"column":8},"end":{"line":21,"column":65}},"8":{"start":{"line":23,"column":6},"end":{"line":25,"column":7}},"9":{"start":{"line":24,"column":8},"end":{"line":24,"column":50}},"10":{"start":{"line":26,"column":6},"end":{"line":26,"column":29}},"11":{"start":{"line":28,"column":6},"end":{"line":28,"column":26}},"12":{"start":{"line":31,"column":19},"end":{"line":39,"column":6}},"13":{"start":{"line":41,"column":4},"end":{"line":50,"column":7}}},"fnMap":{"0":{"name":"(anonymous_0)","decl":{"start":{"line":14,"column":8},"end":{"line":14,"column":13}},"loc":{"start":{"line":14,"column":50},"end":{"line":51,"column":3}}}},"branchMap":{"0":{"loc":{"start":{"line":19,"column":4},"end":{"line":29,"column":5}},"type":"if","locations":[{"start":{"line":19,"column":4},"end":{"line":29,"column":5}},{"start":{"line":27,"column":11},"end":{"line":29,"column":5}}]},"1":{"loc":{"start":{"line":20,"column":6},"end":{"line":22,"column":7}},"type":"if","locations":[{"start":{"line":20,"column":6},"end":{"line":22,"column":7}},{"start":{},"end":{}}]},"2":{"loc":{"start":{"line":23,"column":6},"end":{"line":25,"column":7}},"type":"if","locations":[{"start":{"line":23,"column":6},"end":{"line":25,"column":7}},{"start":{},"end":{}}]},"3":{"loc":{"start":{"line":23,"column":10},"end":{"line":23,"column":49}},"type":"binary-expr","locations":[{"start":{"line":23,"column":10},"end":{"line":23,"column":19}},{"start":{"line":23,"column":23},"end":{"line":23,"column":49}}]},"4":{"loc":{"start":{"line":38,"column":15},"end":{"line":38,"column":28}},"type":"binary-expr","locations":[{"start":{"line":38,"column":15},"end":{"line":38,"column":22}},{"start":{"line":38,"column":26},"end":{"line":38,"column":28}}]},"5":{"loc":{"start":{"line":49,"column":17},"end":{"line":49,"column":32}},"type":"binary-expr","locations":[{"start":{"line":49,"column":17},"end":{"line":49,"column":24}},{"start":{"line":49,"column":28},"end":{"line":49,"column":32}}]}},"s":{"0":3,"1":3,"2":3,"3":0,"4":0,"5":0,"6":0,"7":0,"8":0,"9":0,"10":0,"11":0,"12":0,"13":0},"f":{"0":0},"b":{"0":[0,0],"1":[0,0],"2":[0,0],"3":[0,0],"4":[0,0],"5":[0,0]}}
,"C:\\Users\\akan\\Documents\\GitHub\\Tess\\backend\\src\\controllers\\customerController.ts": {"path":"C:\\Users\\akan\\Documents\\GitHub\\Tess\\backend\\src\\controllers\\customerController.ts","statementMap":{"0":{"start":{"line":3,"column":0},"end":{"line":3,"column":59}},"1":{"start":{"line":4,"column":0},"end":{"line":4,"column":79}},"2":{"start":{"line":5,"column":0},"end":{"line":5,"column":62}},"3":{"start":{"line":7,"column":13},"end":{"line":28,"column":2}},"4":{"start":{"line":9,"column":22},"end":{"line":9,"column":51}},"5":{"start":{"line":10,"column":4},"end":{"line":10,"column":24}},"6":{"start":{"line":14,"column":20},"end":{"line":14,"column":82}},"7":{"start":{"line":15,"column":4},"end":{"line":15,"column":22}},"8":{"start":{"line":19,"column":24},"end":{"line":19,"column":34}},"9":{"start":{"line":20,"column":21},"end":{"line":20,"column":62}},"10":{"start":{"line":22,"column":4},"end":{"line":24,"column":5}},"11":{"start":{"line":23,"column":6},"end":{"line":23,"column":52}},"12":{"start":{"line":26,"column":4},"end":{"line":26,"column":23}}},"fnMap":{"0":{"name":"(anonymous_0)","decl":{"start":{"line":8,"column":10},"end":{"line":8,"column":15}},"loc":{"start":{"line":8,"column":52},"end":{"line":11,"column":3}}},"1":{"name":"(anonymous_1)","decl":{"start":{"line":13,"column":16},"end":{"line":13,"column":21}},"loc":{"start":{"line":13,"column":58},"end":{"line":16,"column":3}}},"2":{"name":"(anonymous_2)","decl":{"start":{"line":18,"column":10},"end":{"line":18,"column":15}},"loc":{"start":{"line":18,"column":52},"end":{"line":27,"column":3}}}},"branchMap":{"0":{"loc":{"start":{"line":22,"column":4},"end":{"line":24,"column":5}},"type":"if","locations":[{"start":{"line":22,"column":4},"end":{"line":24,"column":5}},{"start":{},"end":{}}]}},"s":{"0":4,"1":4,"2":4,"3":4,"4":0,"5":0,"6":3,"7":2,"8":1,"9":1,"10":1,"11":0,"12":1},"f":{"0":0,"1":3,"2":1},"b":{"0":[0,1]}}
,"C:\\Users\\akan\\Documents\\GitHub\\Tess\\backend\\src\\controllers\\dashboardController.ts": {"path":"C:\\Users\\akan\\Documents\\GitHub\\Tess\\backend\\src\\controllers\\dashboardController.ts","statementMap":{"0":{"start":{"line":3,"column":0},"end":{"line":3,"column":63}},"1":{"start":{"line":4,"column":0},"end":{"line":4,"column":55}},"2":{"start":{"line":5,"column":0},"end":{"line":5,"column":59}},"3":{"start":{"line":6,"column":0},"end":{"line":6,"column":63}},"4":{"start":{"line":8,"column":13},"end":{"line":98,"column":2}},"5":{"start":{"line":21,"column":8},"end":{"line":29,"column":6}},"6":{"start":{"line":31,"column":4},"end":{"line":41,"column":7}},"7":{"start":{"line":48,"column":48},"end":{"line":53,"column":6}},"8":{"start":{"line":55,"column":4},"end":{"line":60,"column":7}},"9":{"start":{"line":67,"column":18},"end":{"line":67,"column":59}},"10":{"start":{"line":68,"column":17},"end":{"line":68,"column":60}},"11":{"start":{"line":69,"column":4},"end":{"line":69,"column":19}},"12":{"start":{"line":76,"column":18},"end":{"line":76,"column":59}},"13":{"start":{"line":77,"column":17},"end":{"line":77,"column":61}},"14":{"start":{"line":78,"column":4},"end":{"line":78,"column":19}},"15":{"start":{"line":85,"column":18},"end":{"line":85,"column":59}},"16":{"start":{"line":86,"column":17},"end":{"line":86,"column":63}},"17":{"start":{"line":87,"column":4},"end":{"line":87,"column":19}},"18":{"start":{"line":94,"column":17},"end":{"line":94,"column":56}},"19":{"start":{"line":95,"column":17},"end":{"line":95,"column":58}},"20":{"start":{"line":96,"column":4},"end":{"line":96,"column":19}}},"fnMap":{"0":{"name":"(anonymous_0)","decl":{"start":{"line":12,"column":14},"end":{"line":12,"column":19}},"loc":{"start":{"line":12,"column":56},"end":{"line":42,"column":3}}},"1":{"name":"(anonymous_1)","decl":{"start":{"line":47,"column":21},"end":{"line":47,"column":26}},"loc":{"start":{"line":47,"column":63},"end":{"line":61,"column":3}}},"2":{"name":"(anonymous_2)","decl":{"start":{"line":66,"column":18},"end":{"line":66,"column":23}},"loc":{"start":{"line":66,"column":60},"end":{"line":70,"column":3}}},"3":{"name":"(anonymous_3)","decl":{"start":{"line":75,"column":19},"end":{"line":75,"column":24}},"loc":{"start":{"line":75,"column":61},"end":{"line":79,"column":3}}},"4":{"name":"(anonymous_4)","decl":{"start":{"line":84,"column":22},"end":{"line":84,"column":27}},"loc":{"start":{"line":84,"column":64},"end":{"line":88,"column":3}}},"5":{"name":"(anonymous_5)","decl":{"start":{"line":93,"column":17},"end":{"line":93,"column":22}},"loc":{"start":{"line":93,"column":59},"end":{"line":97,"column":3}}}},"branchMap":{"0":{"loc":{"start":{"line":67,"column":18},"end":{"line":67,"column":59}},"type":"binary-expr","locations":[{"start":{"line":67,"column":18},"end":{"line":67,"column":53}},{"start":{"line":67,"column":57},"end":{"line":67,"column":59}}]},"1":{"loc":{"start":{"line":76,"column":18},"end":{"line":76,"column":59}},"type":"binary-expr","locations":[{"start":{"line":76,"column":18},"end":{"line":76,"column":53}},{"start":{"line":76,"column":57},"end":{"line":76,"column":59}}]},"2":{"loc":{"start":{"line":85,"column":18},"end":{"line":85,"column":59}},"type":"binary-expr","locations":[{"start":{"line":85,"column":18},"end":{"line":85,"column":53}},{"start":{"line":85,"column":57},"end":{"line":85,"column":59}}]},"3":{"loc":{"start":{"line":94,"column":17},"end":{"line":94,"column":56}},"type":"binary-expr","locations":[{"start":{"line":94,"column":17},"end":{"line":94,"column":51}},{"start":{"line":94,"column":55},"end":{"line":94,"column":56}}]}},"s":{"0":3,"1":3,"2":3,"3":3,"4":3,"5":0,"6":0,"7":0,"8":0,"9":0,"10":0,"11":0,"12":0,"13":0,"14":0,"15":0,"16":0,"17":0,"18":0,"19":0,"20":0},"f":{"0":0,"1":0,"2":0,"3":0,"4":0,"5":0},"b":{"0":[0,0],"1":[0,0],"2":[0,0],"3":[0,0]}}
,"C:\\Users\\akan\\Documents\\GitHub\\Tess\\backend\\src\\controllers\\etlController.ts": {"path":"C:\\Users\\akan\\Documents\\GitHub\\Tess\\backend\\src\\controllers\\etlController.ts","statementMap":{"0":{"start":{"line":1,"column":0},"end":{"line":1,"column":48}},"1":{"start":{"line":2,"column":0},"end":{"line":2,"column":48}},"2":{"start":{"line":3,"column":0},"end":{"line":3,"column":52}},"3":{"start":{"line":4,"column":0},"end":{"line":4,"column":47}},"4":{"start":{"line":6,"column":13},"end":{"line":11,"column":2}}},"fnMap":{},"branchMap":{},"s":{"0":3,"1":3,"2":3,"3":3,"4":3},"f":{},"b":{}}
,"C:\\Users\\akan\\Documents\\GitHub\\Tess\\backend\\src\\controllers\\notificationController.ts": {"path":"C:\\Users\\akan\\Documents\\GitHub\\Tess\\backend\\src\\controllers\\notificationController.ts","statementMap":{"0":{"start":{"line":4,"column":0},"end":{"line":4,"column":67}},"1":{"start":{"line":5,"column":0},"end":{"line":5,"column":59}},"2":{"start":{"line":10,"column":0},"end":{"line":10,"column":64}},"3":{"start":{"line":12,"column":13},"end":{"line":55,"column":2}},"4":{"start":{"line":14,"column":4},"end":{"line":16,"column":5}},"5":{"start":{"line":15,"column":6},"end":{"line":15,"column":66}},"6":{"start":{"line":18,"column":40},"end":{"line":18,"column":103}},"7":{"start":{"line":19,"column":19},"end":{"line":19,"column":37}},"8":{"start":{"line":21,"column":19},"end":{"line":21,"column":95}},"9":{"start":{"line":23,"column":4},"end":{"line":25,"column":6}},"10":{"start":{"line":29,"column":4},"end":{"line":31,"column":5}},"11":{"start":{"line":30,"column":6},"end":{"line":30,"column":66}},"12":{"start":{"line":33,"column":18},"end":{"line":33,"column":63}},"13":{"start":{"line":34,"column":4},"end":{"line":34,"column":24}},"14":{"start":{"line":38,"column":4},"end":{"line":40,"column":5}},"15":{"start":{"line":39,"column":6},"end":{"line":39,"column":66}},"16":{"start":{"line":42,"column":20},"end":{"line":42,"column":75}},"17":{"start":{"line":43,"column":19},"end":{"line":43,"column":69}},"18":{"start":{"line":44,"column":4},"end":{"line":44,"column":25}},"19":{"start":{"line":48,"column":4},"end":{"line":50,"column":5}},"20":{"start":{"line":49,"column":6},"end":{"line":49,"column":66}},"21":{"start":{"line":52,"column":19},"end":{"line":52,"column":64}},"22":{"start":{"line":53,"column":4},"end":{"line":53,"column":25}},"23":{"start":{"line":57,"column":13},"end":{"line":71,"column":2}},"24":{"start":{"line":59,"column":4},"end":{"line":61,"column":5}},"25":{"start":{"line":60,"column":6},"end":{"line":60,"column":66}},"26":{"start":{"line":63,"column":15},"end":{"line":63,"column":36}},"27":{"start":{"line":64,"column":4},"end":{"line":66,"column":5}},"28":{"start":{"line":65,"column":6},"end":{"line":65,"column":59}},"29":{"start":{"line":68,"column":4},"end":{"line":68,"column":56}},"30":{"start":{"line":69,"column":4},"end":{"line":69,"column":27}}},"fnMap":{"0":{"name":"(anonymous_0)","decl":{"start":{"line":13,"column":8},"end":{"line":13,"column":13}},"loc":{"start":{"line":13,"column":50},"end":{"line":26,"column":3}}},"1":{"name":"(anonymous_1)","decl":{"start":{"line":28,"column":15},"end":{"line":28,"column":20}},"loc":{"start":{"line":28,"column":57},"end":{"line":35,"column":3}}},"2":{"name":"(anonymous_2)","decl":{"start":{"line":37,"column":12},"end":{"line":37,"column":17}},"loc":{"start":{"line":37,"column":54},"end":{"line":45,"column":3}}},"3":{"name":"(anonymous_3)","decl":{"start":{"line":47,"column":15},"end":{"line":47,"column":20}},"loc":{"start":{"line":47,"column":57},"end":{"line":54,"column":3}}},"4":{"name":"(anonymous_4)","decl":{"start":{"line":58,"column":11},"end":{"line":58,"column":16}},"loc":{"start":{"line":58,"column":53},"end":{"line":70,"column":3}}}},"branchMap":{"0":{"loc":{"start":{"line":14,"column":4},"end":{"line":16,"column":5}},"type":"if","locations":[{"start":{"line":14,"column":4},"end":{"line":16,"column":5}},{"start":{},"end":{}}]},"1":{"loc":{"start":{"line":29,"column":4},"end":{"line":31,"column":5}},"type":"if","locations":[{"start":{"line":29,"column":4},"end":{"line":31,"column":5}},{"start":{},"end":{}}]},"2":{"loc":{"start":{"line":38,"column":4},"end":{"line":40,"column":5}},"type":"if","locations":[{"start":{"line":38,"column":4},"end":{"line":40,"column":5}},{"start":{},"end":{}}]},"3":{"loc":{"start":{"line":48,"column":4},"end":{"line":50,"column":5}},"type":"if","locations":[{"start":{"line":48,"column":4},"end":{"line":50,"column":5}},{"start":{},"end":{}}]},"4":{"loc":{"start":{"line":59,"column":4},"end":{"line":61,"column":5}},"type":"if","locations":[{"start":{"line":59,"column":4},"end":{"line":61,"column":5}},{"start":{},"end":{}}]},"5":{"loc":{"start":{"line":64,"column":4},"end":{"line":66,"column":5}},"type":"if","locations":[{"start":{"line":64,"column":4},"end":{"line":66,"column":5}},{"start":{},"end":{}}]},"6":{"loc":{"start":{"line":64,"column":8},"end":{"line":64,"column":38}},"type":"binary-expr","locations":[{"start":{"line":64,"column":8},"end":{"line":64,"column":28}},{"start":{"line":64,"column":32},"end":{"line":64,"column":38}}]}},"s":{"0":3,"1":3,"2":3,"3":3,"4":0,"5":0,"6":0,"7":0,"8":0,"9":0,"10":0,"11":0,"12":0,"13":0,"14":0,"15":0,"16":0,"17":0,"18":0,"19":0,"20":0,"21":0,"22":0,"23":3,"24":0,"25":0,"26":0,"27":0,"28":0,"29":0,"30":0},"f":{"0":0,"1":0,"2":0,"3":0,"4":0},"b":{"0":[0,0],"1":[0,0],"2":[0,0],"3":[0,0],"4":[0,0],"5":[0,0],"6":[0,0]}}
,"C:\\Users\\akan\\Documents\\GitHub\\Tess\\backend\\src\\controllers\\orderController.ts": {"path":"C:\\Users\\akan\\Documents\\GitHub\\Tess\\backend\\src\\controllers\\orderController.ts","statementMap":{"0":{"start":{"line":4,"column":0},"end":{"line":4,"column":67}},"1":{"start":{"line":5,"column":0},"end":{"line":5,"column":79}},"2":{"start":{"line":6,"column":0},"end":{"line":6,"column":59}},"3":{"start":{"line":12,"column":0},"end":{"line":12,"column":null}},"4":{"start":{"line":19,"column":0},"end":{"line":19,"column":99}},"5":{"start":{"line":20,"column":0},"end":{"line":20,"column":60}},"6":{"start":{"line":21,"column":0},"end":{"line":21,"column":77}},"7":{"start":{"line":22,"column":0},"end":{"line":22,"column":59}},"8":{"start":{"line":24,"column":13},"end":{"line":230,"column":2}},"9":{"start":{"line":26,"column":14},"end":{"line":26,"column":70}},"10":{"start":{"line":27,"column":139},"end":{"line":27,"column":140}},"11":{"start":{"line":28,"column":19},"end":{"line":28,"column":37}},"12":{"start":{"line":30,"column":34},"end":{"line":41,"column":6}},"13":{"start":{"line":43,"column":19},"end":{"line":43,"column":81}},"14":{"start":{"line":45,"column":4},"end":{"line":45,"column":83}},"15":{"start":{"line":49,"column":24},"end":{"line":49,"column":34}},"16":{"start":{"line":50,"column":18},"end":{"line":50,"column":75}},"17":{"start":{"line":52,"column":4},"end":{"line":54,"column":5}},"18":{"start":{"line":53,"column":6},"end":{"line":53,"column":49}},"19":{"start":{"line":56,"column":18},"end":{"line":56,"column":61}},"20":{"start":{"line":58,"column":4},"end":{"line":62,"column":7}},"21":{"start":{"line":66,"column":18},"end":{"line":66,"column":44}},"22":{"start":{"line":68,"column":19},"end":{"line":68,"column":65}},"23":{"start":{"line":69,"column":4},"end":{"line":69,"column":21}},"24":{"start":{"line":73,"column":24},"end":{"line":73,"column":34}},"25":{"start":{"line":74,"column":31},"end":{"line":74,"column":82}},"26":{"start":{"line":76,"column":4},"end":{"line":78,"column":5}},"27":{"start":{"line":77,"column":6},"end":{"line":77,"column":59}},"28":{"start":{"line":80,"column":21},"end":{"line":80,"column":68}},"29":{"start":{"line":81,"column":4},"end":{"line":83,"column":5}},"30":{"start":{"line":82,"column":6},"end":{"line":82,"column":49}},"31":{"start":{"line":85,"column":28},"end":{"line":85,"column":61}},"32":{"start":{"line":86,"column":4},"end":{"line":88,"column":5}},"33":{"start":{"line":87,"column":6},"end":{"line":87,"column":85}},"34":{"start":{"line":90,"column":4},"end":{"line":92,"column":5}},"35":{"start":{"line":91,"column":6},"end":{"line":91,"column":58}},"36":{"start":{"line":94,"column":20},"end":{"line":94,"column":90}},"37":{"start":{"line":95,"column":4},"end":{"line":97,"column":5}},"38":{"start":{"line":96,"column":6},"end":{"line":96,"column":49}},"39":{"start":{"line":99,"column":4},"end":{"line":105,"column":7}},"40":{"start":{"line":107,"column":4},"end":{"line":111,"column":7}},"41":{"start":{"line":115,"column":63},"end":{"line":115,"column":102}},"42":{"start":{"line":116,"column":4},"end":{"line":121,"column":6}},"43":{"start":{"line":117,"column":46},"end":{"line":120,"column":8}},"44":{"start":{"line":130,"column":17},"end":{"line":130,"column":62}},"45":{"start":{"line":131,"column":17},"end":{"line":131,"column":26}},"46":{"start":{"line":134,"column":4},"end":{"line":144,"column":5}},"47":{"start":{"line":135,"column":6},"end":{"line":137,"column":7}},"48":{"start":{"line":136,"column":8},"end":{"line":136,"column":66}},"49":{"start":{"line":138,"column":6},"end":{"line":138,"column":29}},"50":{"start":{"line":140,"column":6},"end":{"line":142,"column":7}},"51":{"start":{"line":141,"column":8},"end":{"line":141,"column":86}},"52":{"start":{"line":143,"column":6},"end":{"line":143,"column":29}},"53":{"start":{"line":146,"column":20},"end":{"line":154,"column":6}},"54":{"start":{"line":157,"column":4},"end":{"line":165,"column":7}},"55":{"start":{"line":167,"column":4},"end":{"line":175,"column":5}},"56":{"start":{"line":168,"column":6},"end":{"line":174,"column":9}},"57":{"start":{"line":177,"column":4},"end":{"line":177,"column":60}},"58":{"start":{"line":185,"column":20},"end":{"line":185,"column":46}},"59":{"start":{"line":186,"column":17},"end":{"line":186,"column":26}},"60":{"start":{"line":188,"column":21},"end":{"line":188,"column":66}},"61":{"start":{"line":189,"column":4},"end":{"line":191,"column":5}},"62":{"start":{"line":190,"column":6},"end":{"line":190,"column":49}},"63":{"start":{"line":193,"column":28},"end":{"line":193,"column":61}},"64":{"start":{"line":194,"column":4},"end":{"line":198,"column":5}},"65":{"start":{"line":195,"column":6},"end":{"line":197,"column":8}},"66":{"start":{"line":200,"column":22},"end":{"line":200,"column":67}},"67":{"start":{"line":201,"column":4},"end":{"line":203,"column":5}},"68":{"start":{"line":202,"column":6},"end":{"line":202,"column":70}},"69":{"start":{"line":205,"column":4},"end":{"line":214,"column":7}},"70":{"start":{"line":216,"column":4},"end":{"line":222,"column":7}},"71":{"start":{"line":224,"column":4},"end":{"line":228,"column":7}}},"fnMap":{"0":{"name":"(anonymous_9)","decl":{"start":{"line":25,"column":10},"end":{"line":25,"column":15}},"loc":{"start":{"line":25,"column":52},"end":{"line":46,"column":3}}},"1":{"name":"(anonymous_10)","decl":{"start":{"line":48,"column":10},"end":{"line":48,"column":15}},"loc":{"start":{"line":48,"column":52},"end":{"line":63,"column":3}}},"2":{"name":"(anonymous_11)","decl":{"start":{"line":65,"column":20},"end":{"line":65,"column":25}},"loc":{"start":{"line":65,"column":62},"end":{"line":70,"column":3}}},"3":{"name":"(anonymous_12)","decl":{"start":{"line":72,"column":16},"end":{"line":72,"column":21}},"loc":{"start":{"line":72,"column":58},"end":{"line":112,"column":3}}},"4":{"name":"(anonymous_13)","decl":{"start":{"line":114,"column":16},"end":{"line":114,"column":21}},"loc":{"start":{"line":114,"column":59},"end":{"line":122,"column":3}}},"5":{"name":"(anonymous_14)","decl":{"start":{"line":115,"column":63},"end":{"line":115,"column":76}},"loc":{"start":{"line":115,"column":63},"end":{"line":115,"column":102}}},"6":{"name":"(anonymous_15)","decl":{"start":{"line":117,"column":34},"end":{"line":117,"column":35}},"loc":{"start":{"line":117,"column":46},"end":{"line":120,"column":8}}},"7":{"name":"(anonymous_16)","decl":{"start":{"line":129,"column":10},"end":{"line":129,"column":15}},"loc":{"start":{"line":129,"column":52},"end":{"line":178,"column":3}}},"8":{"name":"(anonymous_17)","decl":{"start":{"line":184,"column":10},"end":{"line":184,"column":15}},"loc":{"start":{"line":184,"column":52},"end":{"line":229,"column":3}}}},"branchMap":{"0":{"loc":{"start":{"line":39,"column":14},"end":{"line":39,"column":31}},"type":"binary-expr","locations":[{"start":{"line":39,"column":14},"end":{"line":39,"column":20}},{"start":{"line":39,"column":24},"end":{"line":39,"column":31}}]},"1":{"loc":{"start":{"line":52,"column":4},"end":{"line":54,"column":5}},"type":"if","locations":[{"start":{"line":52,"column":4},"end":{"line":54,"column":5}},{"start":{},"end":{}}]},"2":{"loc":{"start":{"line":76,"column":4},"end":{"line":78,"column":5}},"type":"if","locations":[{"start":{"line":76,"column":4},"end":{"line":78,"column":5}},{"start":{},"end":{}}]},"3":{"loc":{"start":{"line":81,"column":4},"end":{"line":83,"column":5}},"type":"if","locations":[{"start":{"line":81,"column":4},"end":{"line":83,"column":5}},{"start":{},"end":{}}]},"4":{"loc":{"start":{"line":85,"column":28},"end":{"line":85,"column":61}},"type":"binary-expr","locations":[{"start":{"line":85,"column":28},"end":{"line":85,"column":52}},{"start":{"line":85,"column":56},"end":{"line":85,"column":61}}]},"5":{"loc":{"start":{"line":86,"column":4},"end":{"line":88,"column":5}},"type":"if","locations":[{"start":{"line":86,"column":4},"end":{"line":88,"column":5}},{"start":{},"end":{}}]},"6":{"loc":{"start":{"line":90,"column":4},"end":{"line":92,"column":5}},"type":"if","locations":[{"start":{"line":90,"column":4},"end":{"line":92,"column":5}},{"start":{},"end":{}}]},"7":{"loc":{"start":{"line":95,"column":4},"end":{"line":97,"column":5}},"type":"if","locations":[{"start":{"line":95,"column":4},"end":{"line":97,"column":5}},{"start":{},"end":{}}]},"8":{"loc":{"start":{"line":134,"column":4},"end":{"line":144,"column":5}},"type":"if","locations":[{"start":{"line":134,"column":4},"end":{"line":144,"column":5}},{"start":{"line":139,"column":11},"end":{"line":144,"column":5}}]},"9":{"loc":{"start":{"line":135,"column":6},"end":{"line":137,"column":7}},"type":"if","locations":[{"start":{"line":135,"column":6},"end":{"line":137,"column":7}},{"start":{},"end":{}}]},"10":{"loc":{"start":{"line":140,"column":6},"end":{"line":142,"column":7}},"type":"if","locations":[{"start":{"line":140,"column":6},"end":{"line":142,"column":7}},{"start":{},"end":{}}]},"11":{"loc":{"start":{"line":167,"column":4},"end":{"line":175,"column":5}},"type":"if","locations":[{"start":{"line":167,"column":4},"end":{"line":175,"column":5}},{"start":{},"end":{}}]},"12":{"loc":{"start":{"line":177,"column":15},"end":{"line":177,"column":44}},"type":"cond-expr","locations":[{"start":{"line":177,"column":35},"end":{"line":177,"column":38}},{"start":{"line":177,"column":41},"end":{"line":177,"column":44}}]},"13":{"loc":{"start":{"line":189,"column":4},"end":{"line":191,"column":5}},"type":"if","locations":[{"start":{"line":189,"column":4},"end":{"line":191,"column":5}},{"start":{},"end":{}}]},"14":{"loc":{"start":{"line":193,"column":28},"end":{"line":193,"column":61}},"type":"binary-expr","locations":[{"start":{"line":193,"column":28},"end":{"line":193,"column":52}},{"start":{"line":193,"column":56},"end":{"line":193,"column":61}}]},"15":{"loc":{"start":{"line":194,"column":4},"end":{"line":198,"column":5}},"type":"if","locations":[{"start":{"line":194,"column":4},"end":{"line":198,"column":5}},{"start":{},"end":{}}]},"16":{"loc":{"start":{"line":201,"column":4},"end":{"line":203,"column":5}},"type":"if","locations":[{"start":{"line":201,"column":4},"end":{"line":203,"column":5}},{"start":{},"end":{}}]},"17":{"loc":{"start":{"line":210,"column":35},"end":{"line":210,"column":76}},"type":"cond-expr","locations":[{"start":{"line":210,"column":59},"end":{"line":210,"column":66}},{"start":{"line":210,"column":69},"end":{"line":210,"column":76}}]}},"s":{"0":3,"1":3,"2":3,"3":3,"4":3,"5":3,"6":3,"7":3,"8":3,"9":1,"10":1,"11":1,"12":1,"13":1,"14":1,"15":2,"16":2,"17":2,"18":1,"19":1,"20":1,"21":0,"22":0,"23":0,"24":2,"25":2,"26":2,"27":0,"28":2,"29":2,"30":0,"31":2,"32":2,"33":0,"34":2,"35":1,"36":1,"37":1,"38":0,"39":1,"40":1,"41":0,"42":0,"43":0,"44":4,"45":4,"46":4,"47":2,"48":0,"49":2,"50":2,"51":1,"52":1,"53":3,"54":3,"55":3,"56":2,"57":3,"58":3,"59":3,"60":3,"61":3,"62":1,"63":2,"64":2,"65":1,"66":1,"67":1,"68":0,"69":1,"70":1,"71":1},"f":{"0":1,"1":2,"2":0,"3":2,"4":0,"5":0,"6":0,"7":4,"8":3},"b":{"0":[1,1],"1":[1,1],"2":[0,2],"3":[0,2],"4":[2,0],"5":[0,2],"6":[1,1],"7":[0,1],"8":[2,2],"9":[0,2],"10":[1,1],"11":[2,1],"12":[1,2],"13":[1,2],"14":[2,0],"15":[1,1],"16":[0,1],"17":[1,0]}}
,"C:\\Users\\akan\\Documents\\GitHub\\Tess\\backend\\src\\controllers\\orderLineController.ts": {"path":"C:\\Users\\akan\\Documents\\GitHub\\Tess\\backend\\src\\controllers\\orderLineController.ts","statementMap":{"0":{"start":{"line":3,"column":0},"end":{"line":3,"column":61}},"1":{"start":{"line":4,"column":0},"end":{"line":4,"column":62}},"2":{"start":{"line":6,"column":13},"end":{"line":69,"column":2}},"3":{"start":{"line":8,"column":24},"end":{"line":8,"column":34}},"4":{"start":{"line":9,"column":17},"end":{"line":9,"column":56}},"5":{"start":{"line":10,"column":18},"end":{"line":10,"column":59}},"6":{"start":{"line":12,"column":19},"end":{"line":12,"column":87}},"7":{"start":{"line":13,"column":4},"end":{"line":13,"column":21}},"8":{"start":{"line":17,"column":72},"end":{"line":17,"column":80}},"9":{"start":{"line":19,"column":20},"end":{"line":21,"column":6}},"10":{"start":{"line":23,"column":4},"end":{"line":23,"column":49}},"11":{"start":{"line":25,"column":4},"end":{"line":25,"column":34}},"12":{"start":{"line":29,"column":33},"end":{"line":29,"column":43}},"13":{"start":{"line":30,"column":63},"end":{"line":30,"column":71}},"14":{"start":{"line":32,"column":24},"end":{"line":34,"column":6}},"15":{"start":{"line":36,"column":4},"end":{"line":38,"column":5}},"16":{"start":{"line":37,"column":6},"end":{"line":37,"column":54}},"17":{"start":{"line":40,"column":4},"end":{"line":40,"column":57}},"18":{"start":{"line":42,"column":4},"end":{"line":42,"column":26}},"19":{"start":{"line":46,"column":33},"end":{"line":46,"column":43}},"20":{"start":{"line":48,"column":24},"end":{"line":48,"column":85}},"21":{"start":{"line":50,"column":4},"end":{"line":52,"column":5}},"22":{"start":{"line":51,"column":6},"end":{"line":51,"column":54}},"23":{"start":{"line":54,"column":4},"end":{"line":54,"column":57}},"24":{"start":{"line":56,"column":4},"end":{"line":56,"column":70}},"25":{"start":{"line":60,"column":33},"end":{"line":60,"column":43}},"26":{"start":{"line":61,"column":80},"end":{"line":61,"column":88}},"27":{"start":{"line":63,"column":19},"end":{"line":65,"column":6}},"28":{"start":{"line":67,"column":4},"end":{"line":67,"column":21}}},"fnMap":{"0":{"name":"(anonymous_0)","decl":{"start":{"line":7,"column":14},"end":{"line":7,"column":19}},"loc":{"start":{"line":7,"column":56},"end":{"line":14,"column":3}}},"1":{"name":"(anonymous_1)","decl":{"start":{"line":16,"column":10},"end":{"line":16,"column":15}},"loc":{"start":{"line":16,"column":52},"end":{"line":26,"column":3}}},"2":{"name":"(anonymous_2)","decl":{"start":{"line":28,"column":10},"end":{"line":28,"column":15}},"loc":{"start":{"line":28,"column":52},"end":{"line":43,"column":3}}},"3":{"name":"(anonymous_3)","decl":{"start":{"line":45,"column":10},"end":{"line":45,"column":15}},"loc":{"start":{"line":45,"column":52},"end":{"line":57,"column":3}}},"4":{"name":"(anonymous_4)","decl":{"start":{"line":59,"column":20},"end":{"line":59,"column":25}},"loc":{"start":{"line":59,"column":62},"end":{"line":68,"column":3}}}},"branchMap":{"0":{"loc":{"start":{"line":9,"column":17},"end":{"line":9,"column":56}},"type":"binary-expr","locations":[{"start":{"line":9,"column":17},"end":{"line":9,"column":51}},{"start":{"line":9,"column":55},"end":{"line":9,"column":56}}]},"1":{"loc":{"start":{"line":10,"column":18},"end":{"line":10,"column":59}},"type":"binary-expr","locations":[{"start":{"line":10,"column":18},"end":{"line":10,"column":53}},{"start":{"line":10,"column":57},"end":{"line":10,"column":59}}]},"2":{"loc":{"start":{"line":36,"column":4},"end":{"line":38,"column":5}},"type":"if","locations":[{"start":{"line":36,"column":4},"end":{"line":38,"column":5}},{"start":{},"end":{}}]},"3":{"loc":{"start":{"line":50,"column":4},"end":{"line":52,"column":5}},"type":"if","locations":[{"start":{"line":50,"column":4},"end":{"line":52,"column":5}},{"start":{},"end":{}}]}},"s":{"0":3,"1":3,"2":3,"3":0,"4":0,"5":0,"6":0,"7":0,"8":0,"9":0,"10":0,"11":0,"12":0,"13":0,"14":0,"15":0,"16":0,"17":0,"18":0,"19":0,"20":0,"21":0,"22":0,"23":0,"24":0,"25":0,"26":0,"27":0,"28":0},"f":{"0":0,"1":0,"2":0,"3":0,"4":0},"b":{"0":[0,0],"1":[0,0],"2":[0,0],"3":[0,0]}}
,"C:\\Users\\akan\\Documents\\GitHub\\Tess\\backend\\src\\controllers\\pricingController.ts": {"path":"C:\\Users\\akan\\Documents\\GitHub\\Tess\\backend\\src\\controllers\\pricingController.ts","statementMap":{"0":{"start":{"line":1,"column":0},"end":{"line":1,"column":69}},"1":{"start":{"line":2,"column":0},"end":{"line":2,"column":61}},"2":{"start":{"line":3,"column":0},"end":{"line":3,"column":61}},"3":{"start":{"line":4,"column":0},"end":{"line":4,"column":73}},"4":{"start":{"line":13,"column":13},"end":{"line":18,"column":2}}},"fnMap":{},"branchMap":{},"s":{"0":3,"1":3,"2":3,"3":3,"4":3},"f":{},"b":{}}
,"C:\\Users\\akan\\Documents\\GitHub\\Tess\\backend\\src\\controllers\\pricingSimulatorController.ts": {"path":"C:\\Users\\akan\\Documents\\GitHub\\Tess\\backend\\src\\controllers\\pricingSimulatorController.ts","statementMap":{"0":{"start":{"line":11,"column":0},"end":{"line":11,"column":81}},"1":{"start":{"line":12,"column":0},"end":{"line":12,"column":64}},"2":{"start":{"line":15,"column":13},"end":{"line":45,"column":2}},"3":{"start":{"line":24,"column":36},"end":{"line":24,"column":44}},"4":{"start":{"line":26,"column":4},"end":{"line":28,"column":5}},"5":{"start":{"line":27,"column":6},"end":{"line":27,"column":61}},"6":{"start":{"line":30,"column":4},"end":{"line":32,"column":5}},"7":{"start":{"line":31,"column":6},"end":{"line":31,"column":75}},"8":{"start":{"line":35,"column":46},"end":{"line":35,"column":64}},"9":{"start":{"line":36,"column":4},"end":{"line":40,"column":5}},"10":{"start":{"line":37,"column":6},"end":{"line":39,"column":8}},"11":{"start":{"line":42,"column":19},"end":{"line":42,"column":63}},"12":{"start":{"line":43,"column":4},"end":{"line":43,"column":21}}},"fnMap":{"0":{"name":"(anonymous_0)","decl":{"start":{"line":23,"column":12},"end":{"line":23,"column":17}},"loc":{"start":{"line":23,"column":54},"end":{"line":44,"column":3}}}},"branchMap":{"0":{"loc":{"start":{"line":26,"column":4},"end":{"line":28,"column":5}},"type":"if","locations":[{"start":{"line":26,"column":4},"end":{"line":28,"column":5}},{"start":{},"end":{}}]},"1":{"loc":{"start":{"line":30,"column":4},"end":{"line":32,"column":5}},"type":"if","locations":[{"start":{"line":30,"column":4},"end":{"line":32,"column":5}},{"start":{},"end":{}}]},"2":{"loc":{"start":{"line":36,"column":4},"end":{"line":40,"column":5}},"type":"if","locations":[{"start":{"line":36,"column":4},"end":{"line":40,"column":5}},{"start":{},"end":{}}]},"3":{"loc":{"start":{"line":36,"column":8},"end":{"line":36,"column":55}},"type":"binary-expr","locations":[{"start":{"line":36,"column":8},"end":{"line":36,"column":32}},{"start":{"line":36,"column":36},"end":{"line":36,"column":55}}]}},"s":{"0":3,"1":3,"2":3,"3":0,"4":0,"5":0,"6":0,"7":0,"8":0,"9":0,"10":0,"11":0,"12":0},"f":{"0":0},"b":{"0":[0,0],"1":[0,0],"2":[0,0],"3":[0,0]}}
[...]
lumn":18},"end":{"line":141,"column":38}},"55":{"start":{"line":143,"column":24},"end":{"line":143,"column":91}},"56":{"start":{"line":145,"column":4},"end":{"line":155,"column":6}}},"fnMap":{"0":{"name":"(anonymous_0)","decl":{"start":{"line":44,"column":12},"end":{"line":44,"column":17}},"loc":{"start":{"line":44,"column":76},"end":{"line":156,"column":3}}}},"branchMap":{"0":{"loc":{"start":{"line":47,"column":32},"end":{"line":47,"column":59}},"type":"binary-expr","locations":[{"start":{"line":47,"column":32},"end":{"line":47,"column":51}},{"start":{"line":47,"column":55},"end":{"line":47,"column":59}}]},"1":{"loc":{"start":{"line":52,"column":4},"end":{"line":54,"column":5}},"type":"if","locations":[{"start":{"line":52,"column":4},"end":{"line":54,"column":5}},{"start":{},"end":{}}]},"2":{"loc":{"start":{"line":83,"column":6},"end":{"line":94,"column":7}},"type":"if","locations":[{"start":{"line":83,"column":6},"end":{"line":94,"column":7}},{"start":{},"end":{}}]},"3":{"loc":{"start":{"line":91,"column":8},"end":{"line":93,"column":9}},"type":"if","locations":[{"start":{"line":91,"column":8},"end":{"line":93,"column":9}},{"start":{},"end":{}}]},"4":{"loc":{"start":{"line":107,"column":21},"end":{"line":107,"column":101}},"type":"binary-expr","locations":[{"start":{"line":107,"column":21},"end":{"line":107,"column":42}},{"start":{"line":107,"column":46},"end":{"line":107,"column":101}}]},"5":{"loc":{"start":{"line":114,"column":21},"end":{"line":114,"column":98}},"type":"binary-expr","locations":[{"start":{"line":114,"column":21},"end":{"line":114,"column":41}},{"start":{"line":114,"column":45},"end":{"line":114,"column":98}}]},"6":{"loc":{"start":{"line":121,"column":21},"end":{"line":121,"column":74}},"type":"binary-expr","locations":[{"start":{"line":121,"column":21},"end":{"line":121,"column":42}},{"start":{"line":121,"column":46},"end":{"line":121,"column":74}}]}},"s":{"0":3,"1":3,"2":3,"3":3,"4":0,"5":0,"6":0,"7":0,"8":0,"9":0,"10":0,"11":0,"12":0,"13":0,"14":0,"15":0,"16":0,"17":0,"18":0,"19":0,"20":0,"21":0,"22":0,"23":0,"24":0,"25":0,"26":0,"27":0,"28":0,"29":0,"30":0,"31":0,"32":0,"33":0,"34":0,"35":0,"36":0,"37":0,"38":0,"39":0,"40":0,"41":0,"42":0,"43":0,"44":0,"45":0,"46":0,"47":0,"48":0,"49":0,"50":0,"51":0,"52":0,"53":0,"54":0,"55":0,"56":0},"f":{"0":0},"b":{"0":[0,0],"1":[0,0],"2":[0,0],"3":[0,0],"4":[0,0],"5":[0,0],"6":[0,0]}}
,"C:\\Users\\akan\\Documents\\GitHub\\Tess\\backend\\src\\services\\statsAggregateService.ts": {"path":"C:\\Users\\akan\\Documents\\GitHub\\Tess\\backend\\src\\services\\statsAggregateService.ts","statementMap":{"0":{"start":{"line":14,"column":0},"end":{"line":14,"column":7}},"1":{"start":{"line":49,"column":0},"end":{"line":49,"column":16}},"2":{"start":{"line":1,"column":0},"end":{"line":1,"column":39}},"3":{"start":{"line":2,"column":0},"end":{"line":2,"column":42}},"4":{"start":{"line":5,"column":31},"end":{"line":5,"column":94}},"5":{"start":{"line":7,"column":44},"end":{"line":7,"column":48}},"6":{"start":{"line":8,"column":20},"end":{"line":8,"column":25}},"7":{"start":{"line":15,"column":16},"end":{"line":15,"column":63}},"8":{"start":{"line":17,"column":2},"end":{"line":25,"column":3}},"9":{"start":{"line":18,"column":4},"end":{"line":24,"column":5}},"10":{"start":{"line":19,"column":6},"end":{"line":19,"column":68}},"11":{"start":{"line":20,"column":6},"end":{"line":20,"column":70}},"12":{"start":{"line":22,"column":6},"end":{"line":22,"column":85}},"13":{"start":{"line":23,"column":6},"end":{"line":23,"column":55}},"14":{"start":{"line":27,"column":2},"end":{"line":27,"column":31}},"15":{"start":{"line":28,"column":2},"end":{"line":28,"column":36}},"16":{"start":{"line":29,"column":2},"end":{"line":29,"column":31}},"17":{"start":{"line":30,"column":2},"end":{"line":30,"column":55}},"18":{"start":{"line":34,"column":2},"end":{"line":34,"column":50}},"19":{"start":{"line":35,"column":2},"end":{"line":43,"column":3}},"20":{"start":{"line":36,"column":4},"end":{"line":36,"column":26}},"21":{"start":{"line":38,"column":4},"end":{"line":38,"column":27}},"22":{"start":{"line":39,"column":4},"end":{"line":42,"column":5}},"23":{"start":{"line":40,"column":6},"end":{"line":40,"column":28}},"24":{"start":{"line":41,"column":6},"end":{"line":41,"column":33}},"25":{"start":{"line":50,"column":2},"end":{"line":50,"column":65}},"26":{"start":{"line":50,"column":58},"end":{"line":50,"column":65}},"27":{"start":{"line":52,"column":2},"end":{"line":55,"column":3}},"28":{"start":{"line":53,"column":4},"end":{"line":53,"column":25}},"29":{"start":{"line":54,"column":4},"end":{"line":54,"column":11}},"30":{"start":{"line":57,"column":2},"end":{"line":59,"column":5}},"31":{"start":{"line":58,"column":4},"end":{"line":58,"column":71}}},"fnMap":{"0":{"name":"refreshStatisticsAggregates","decl":{"start":{"line":14,"column":22},"end":{"line":14,"column":49}},"loc":{"start":{"line":14,"column":49},"end":{"line":31,"column":1}}},"1":{"name":"runCoalescedRefresh","decl":{"start":{"line":33,"column":15},"end":{"line":33,"column":34}},"loc":{"start":{"line":33,"column":34},"end":{"line":44,"column":1}}},"2":{"name":"scheduleStatisticsRefreshAfterEtl","decl":{"start":{"line":49,"column":16},"end":{"line":49,"column":49}},"loc":{"start":{"line":49,"column":63},"end":{"line":60,"column":1}}},"3":{"name":"(anonymous_3)","decl":{"start":{"line":57,"column":35},"end":{"line":57,"column":36}},"loc":{"start":{"line":57,"column":43},"end":{"line":59,"column":3}}}},"branchMap":{"0":{"loc":{"start":{"line":39,"column":4},"end":{"line":42,"column":5}},"type":"if","locations":[{"start":{"line":39,"column":4},"end":{"line":42,"column":5}},{"start":{},"end":{}}]},"1":{"loc":{"start":{"line":50,"column":2},"end":{"line":50,"column":65}},"type":"if","locations":[{"start":{"line":50,"column":2},"end":{"line":50,"column":65}},{"start":{},"end":{}}]},"2":{"loc":{"start":{"line":52,"column":2},"end":{"line":55,"column":3}},"type":"if","locations":[{"start":{"line":52,"column":2},"end":{"line":55,"column":3}},{"start":{},"end":{}}]}},"s":{"0":4,"1":4,"2":4,"3":4,"4":4,"5":4,"6":4,"7":4,"8":4,"9":4,"10":4,"11":0,"12":4,"13":4,"14":0,"15":0,"16":0,"17":0,"18":4,"19":4,"20":4,"21":4,"22":4,"23":0,"24":0,"25":4,"26":0,"27":4,"28":0,"29":0,"30":4,"31":4},"f":{"0":4,"1":4,"2":4,"3":4},"b":{"0":[0,4],"1":[0,4],"2":[0,4]}}
,"C:\\Users\\akan\\Documents\\GitHub\\Tess\\backend\\src\\services\\pricingSimulator\\aggregations.ts": {"path":"C:\\Users\\akan\\Documents\\GitHub\\Tess\\backend\\src\\services\\pricingSimulator\\aggregations.ts","statementMap":{"0":{"start":{"line":8,"column":0},"end":{"line":8,"column":16}},"1":{"start":{"line":48,"column":0},"end":{"line":48,"column":16}},"2":{"start":{"line":66,"column":0},"end":{"line":66,"column":16}},"3":{"start":{"line":2,"column":0},"end":{"line":2,"column":49}},"4":{"start":{"line":11,"column":2},"end":{"line":11,"column":32}},"5":{"start":{"line":11,"column":22},"end":{"line":11,"column":32}},"6":{"start":{"line":13,"column":21},"end":{"line":13,"column":50}},"7":{"start":{"line":14,"column":20},"end":{"line":14,"column":43}},"8":{"start":{"line":15,"column":19},"end":{"line":15,"column":62}},"9":{"start":{"line":16,"column":19},"end":{"line":16,"column":96}},"10":{"start":{"line":19,"column":2},"end":{"line":35,"column":3}},"11":{"start":{"line":20,"column":21},"end":{"line":20,"column":78}},"12":{"start":{"line":21,"column":4},"end":{"line":27,"column":5}},"13":{"start":{"line":22,"column":23},"end":{"line":22,"column":42}},"14":{"start":{"line":23,"column":21},"end":{"line":23,"column":75}},"15":{"start":{"line":24,"column":6},"end":{"line":24,"column":36}},"16":{"start":{"line":25,"column":6},"end":{"line":25,"column":40}},"17":{"start":{"line":26,"column":6},"end":{"line":26,"column":37}},"18":{"start":{"line":28,"column":4},"end":{"line":34,"column":10}},"19":{"start":{"line":29,"column":26},"end":{"line":29,"column":44}},"20":{"start":{"line":30,"column":27},"end":{"line":34,"column":8}},"21":{"start":{"line":38,"column":2},"end":{"line":45,"column":5}},"22":{"start":{"line":39,"column":14},"end":{"line":39,"column":28}},"23":{"start":{"line":40,"column":4},"end":{"line":44,"column":6}},"24":{"start":{"line":52,"column":2},"end":{"line":63,"column":21}},"25":{"start":{"line":53,"column":28},"end":{"line":60,"column":6}},"26":{"start":{"line":61,"column":19},"end":{"line":61,"column":37}},"27":{"start":{"line":62,"column":20},"end":{"line":62,"column":67}},"28":{"start":{"line":70,"column":2},"end":{"line":81,"column":21}},"29":{"start":{"line":71,"column":29},"end":{"line":78,"column":6}},"30":{"start":{"line":79,"column":19},"end":{"line":79,"column":37}},"31":{"start":{"line":80,"column":20},"end":{"line":80,"column":67}}},"fnMap":{"0":{"name":"buildTrend","decl":{"start":{"line":8,"column":16},"end":{"line":8,"column":26}},"loc":{"start":{"line":9,"column":58},"end":{"line":46,"column":1}}},"1":{"name":"(anonymous_1)","decl":{"start":{"line":29,"column":12},"end":{"line":29,"column":13}},"loc":{"start":{"line":29,"column":26},"end":{"line":29,"column":44}}},"2":{"name":"(anonymous_2)","decl":{"start":{"line":30,"column":11},"end":{"line":30,"column":12}},"loc":{"start":{"line":30,"column":27},"end":{"line":34,"column":8}}},"3":{"name":"(anonymous_3)","decl":{"start":{"line":38,"column":24},"end":{"line":38,"column":25}},"loc":{"start":{"line":38,"column":33},"end":{"line":45,"column":3}}},"4":{"name":"buildTopCustomers","decl":{"start":{"line":48,"column":16},"end":{"line":48,"column":33}},"loc":{"start":{"line":50,"column":15},"end":{"line":64,"column":1}}},"5":{"name":"(anonymous_5)","decl":{"start":{"line":53,"column":9},"end":{"line":53,"column":10}},"loc":{"start":{"line":53,"column":28},"end":{"line":60,"column":6}}},"6":{"name":"(anonymous_6)","decl":{"start":{"line":61,"column":12},"end":{"line":61,"column":13}},"loc":{"start":{"line":61,"column":19},"end":{"line":61,"column":37}}},"7":{"name":"(anonymous_7)","decl":{"start":{"line":62,"column":10},"end":{"line":62,"column":11}},"loc":{"start":{"line":62,"column":20},"end":{"line":62,"column":67}}},"8":{"name":"buildTopProducts","decl":{"start":{"line":66,"column":16},"end":{"line":66,"column":32}},"loc":{"start":{"line":68,"column":15},"end":{"line":82,"column":1}}},"9":{"name":"(anonymous_9)","decl":{"start":{"line":71,"column":9},"end":{"line":71,"column":10}},"loc":{"start":{"line":71,"column":29},"end":{"line":78,"column":6}}},"10":{"name":"(anonymous_10)","decl":{"start":{"line":79,"column":12},"end":{"line":79,"column":13}},"loc":{"start":{"line":79,"column":19},"end":{"line":79,"column":37}}},"11":{"name":"(anonymous_11)","decl":{"start":{"line":80,"column":10},"end":{"line":80,"column":11}},"loc":{"start":{"line":80,"column":20},"end":{"line":80,"column":67}}}},"branchMap":{"0":{"loc":{"start":{"line":11,"column":2},"end":{"line":11,"column":32}},"type":"if","locations":[{"start":{"line":11,"column":2},"end":{"line":11,"column":32}},{"start":{},"end":{}}]},"1":{"loc":{"start":{"line":19,"column":2},"end":{"line":35,"column":3}},"type":"if","locations":[{"start":{"line":19,"column":2},"end":{"line":35,"column":3}},{"start":{},"end":{}}]},"2":{"loc":{"start":{"line":23,"column":21},"end":{"line":23,"column":75}},"type":"binary-expr","locations":[{"start":{"line":23,"column":21},"end":{"line":23,"column":43}},{"start":{"line":23,"column":47},"end":{"line":23,"column":75}}]}},"s":{"0":3,"1":3,"2":3,"3":3,"4":0,"5":0,"6":0,"7":0,"8":0,"9":0,"10":0,"11":0,"12":0,"13":0,"14":0,"15":0,"16":0,"17":0,"18":0,"19":0,"20":0,"21":0,"22":0,"23":0,"24":0,"25":0,"26":0,"27":0,"28":0,"29":0,"30":0,"31":0},"f":{"0":0,"1":0,"2":0,"3":0,"4":0,"5":0,"6":0,"7":0,"8":0,"9":0,"10":0,"11":0},"b":{"0":[0,0],"1":[0,0],"2":[0,0]}}
,"C:\\Users\\akan\\Documents\\GitHub\\Tess\\backend\\src\\services\\pricingSimulator\\helpers.ts": {"path":"C:\\Users\\akan\\Documents\\GitHub\\Tess\\backend\\src\\services\\pricingSimulator\\helpers.ts","statementMap":{"0":{"start":{"line":27,"column":0},"end":{"line":27,"column":16}},"1":{"start":{"line":53,"column":0},"end":{"line":53,"column":16}},"2":{"start":{"line":70,"column":0},"end":{"line":70,"column":16}},"3":{"start":{"line":79,"column":0},"end":{"line":79,"column":16}},"4":{"start":{"line":83,"column":0},"end":{"line":83,"column":16}},"5":{"start":{"line":87,"column":0},"end":{"line":87,"column":16}},"6":{"start":{"line":104,"column":0},"end":{"line":104,"column":16}},"7":{"start":{"line":34,"column":4},"end":{"line":36,"column":39}},"8":{"start":{"line":40,"column":4},"end":{"line":42,"column":89}},"9":{"start":{"line":45,"column":19},"end":{"line":45,"column":58}},"10":{"start":{"line":47,"column":2},"end":{"line":47,"column":51}},"11":{"start":{"line":58,"column":2},"end":{"line":60,"column":3}},"12":{"start":{"line":59,"column":4},"end":{"line":59,"column":71}},"13":{"start":{"line":61,"column":2},"end":{"line":64,"column":3}},"14":{"start":{"line":62,"column":23},"end":{"line":62,"column":62}},"15":{"start":{"line":63,"column":4},"end":{"line":63,"column":69}},"16":{"start":{"line":66,"column":2},"end":{"line":66,"column":54}},"17":{"start":{"line":71,"column":2},"end":{"line":71,"column":54}},"18":{"start":{"line":71,"column":21},"end":{"line":71,"column":54}},"19":{"start":{"line":72,"column":2},"end":{"line":72,"column":79}},"20":{"start":{"line":80,"column":2},"end":{"line":80,"column":35}},"21":{"start":{"line":84,"column":2},"end":{"line":84,"column":88}},"22":{"start":{"line":88,"column":2},"end":{"line":98,"column":4}},"23":{"start":{"line":105,"column":12},"end":{"line":105,"column":56}},"24":{"start":{"line":106,"column":2},"end":{"line":106,"column":38}}},"fnMap":{"0":{"name":"ruleMatchesLine","decl":{"start":{"line":27,"column":16},"end":{"line":27,"column":31}},"loc":{"start":{"line":27,"column":68},"end":{"line":48,"column":1}}},"1":{"name":"applyProposedRule","decl":{"start":{"line":53,"column":16},"end":{"line":53,"column":33}},"loc":{"start":{"line":56,"column":18},"end":{"line":67,"column":1}}},"2":{"name":"pctChange","decl":{"start":{"line":70,"column":16},"end":{"line":70,"column":25}},"loc":{"start":{"line":70,"column":60},"end":{"line":73,"column":1}}},"3":{"name":"round2","decl":{"start":{"line":79,"column":16},"end":{"line":79,"column":22}},"loc":{"start":{"line":79,"column":32},"end":{"line":81,"column":1}}},"4":{"name":"createBucket","decl":{"start":{"line":83,"column":16},"end":{"line":83,"column":28}},"loc":{"start":{"line":83,"column":28},"end":{"line":85,"column":1}}},"5":{"name":"emptyResult","decl":{"start":{"line":87,"column":16},"end":{"line":87,"column":27}},"loc":{"start":{"line":87,"column":38},"end":{"line":99,"column":1}}},"6":{"name":"toDateKey","decl":{"start":{"line":104,"column":16},"end":{"line":104,"column":25}},"loc":{"start":{"line":104,"column":45},"end":{"line":107,"column":1}}}},"branchMap":{"0":{"loc":{"start":{"line":34,"column":4},"end":{"line":36,"column":39}},"type":"binary-expr","locations":[{"start":{"line":34,"column":5},"end":{"line":34,"column":19}},{"start":{"line":34,"column":23},"end":{"line":34,"column":39}},{"start":{"line":35,"column":4},"end":{"line":35,"column":35}},{"start":{"line":36,"column":4},"end":{"line":36,"column":39}}]},"1":{"loc":{"start":{"line":40,"column":4},"end":{"line":42,"column":89}},"type":"binary-expr","locations":[{"start":{"line":40,"column":5},"end":{"line":40,"column":18}},{"start":{"line":40,"column":22},"end":{"line":40,"column":45}},{"start":{"line":41,"column":4},"end":{"line":41,"column":33}},{"start":{"line":42,"column":5},"end":{"line":42,"column":35}},{"start":{"line":42,"column":39},"end":{"line":42,"column":88}}]},"2":{"loc":{"start":{"line":45,"column":35},"end":{"line":45,"column":57}},"type":"binary-expr","locations":[{"start":{"line":45,"column":35},"end":{"line":45,"column":52}},{"start":{"line":45,"column":56},"end":{"line":45,"column":57}}]},"3":{"loc":{"start":{"line":47,"column":9},"end":{"line":47,"column":50}},"type":"binary-expr","locations":[{"start":{"line":47,"column":9},"end":{"line":47,"column":21}},{"start":{"line":47,"column":25},"end":{"line":47,"column":38}},{"start":{"line":47,"column":42},"end":{"line":47,"column":50}}]},"4":{"loc":{"start":{"line":58,"column":2},"end":{"line":60,"column":3}},"type":"if","locations":[{"start":{"line":58,"column":2},"end":{"line":60,"column":3}},{"start":{},"end":{}}]},"5":{"loc":{"start":{"line":61,"column":2},"end":{"line":64,"column":3}},"type":"if","locations":[{"start":{"line":61,"column":2},"end":{"line":64,"column":3}},{"start":{},"end":{}}]},"6":{"loc":{"start":{"line":71,"column":2},"end":{"line":71,"column":54}},"type":"if","locations":[{"start":{"line":71,"column":2},"end":{"line":71,"column":54}},{"start":{},"end":{}}]},"7":{"loc":{"start":{"line":71,"column":28},"end":{"line":71,"column":53}},"type":"cond-expr","locations":[{"start":{"line":71,"column":46},"end":{"line":71,"column":47}},{"start":{"line":71,"column":50},"end":{"line":71,"column":53}}]},"8":{"loc":{"start":{"line":105,"column":12},"end":{"line":105,"column":56}},"type":"cond-expr","locations":[{"start":{"line":105,"column":35},"end":{"line":105,"column":39}},{"start":{"line":105,"column":42},"end":{"line":105,"column":56}}]}},"s":{"0":3,"1":3,"2":3,"3":3,"4":3,"5":3,"6":3,"7":0,"8":0,"9":0,"10":0,"11":0,"12":0,"13":0,"14":0,"15":0,"16":0,"17":0,"18":0,"19":0,"20":0,"21":0,"22":0,"23":0,"24":0},"f":{"0":0,"1":0,"2":0,"3":0,"4":0,"5":0,"6":0},"b":{"0":[0,0,0,0],"1":[0,0,0,0,0],"2":[0,0],"3":[0,0,0],"4":[0,0],"5":[0,0],"6":[0,0],"7":[0,0],"8":[0,0]}}
,"C:\\Users\\akan\\Documents\\GitHub\\Tess\\backend\\src\\services\\pricingSimulator\\sampleQuery.ts": {"path":"C:\\Users\\akan\\Documents\\GitHub\\Tess\\backend\\src\\services\\pricingSimulator\\sampleQuery.ts","statementMap":{"0":{"start":{"line":8,"column":0},"end":{"line":8,"column":7}},"1":{"start":{"line":1,"column":0},"end":{"line":1,"column":42}},"2":{"start":{"line":13,"column":31},"end":{"line":13,"column":33}},"3":{"start":{"line":14,"column":24},"end":{"line":14,"column":26}},"4":{"start":{"line":15,"column":12},"end":{"line":15,"column":13}},"5":{"start":{"line":17,"column":2},"end":{"line":20,"column":3}},"6":{"start":{"line":18,"column":4},"end":{"line":18,"column":43}},"7":{"start":{"line":19,"column":4},"end":{"line":19,"column":27}},"8":{"start":{"line":21,"column":2},"end":{"line":24,"column":3}},"9":{"start":{"line":22,"column":4},"end":{"line":22,"column":43}},"10":{"start":{"line":23,"column":4},"end":{"line":23,"column":25}},"11":{"start":{"line":26,"column":16},"end":{"line":26,"column":80}},"12":{"start":{"line":28,"column":2},"end":{"line":28,"column":21}},"13":{"start":{"line":32,"column":14},"end":{"line":75,"column":4}},"14":{"start":{"line":77,"column":17},"end":{"line":77,"column":41}},"15":{"start":{"line":78,"column":2},"end":{"line":78,"column":21}}},"fnMap":{"0":{"name":"fetchSampleLines","decl":{"start":{"line":8,"column":22},"end":{"line":8,"column":38}},"loc":{"start":{"line":11,"column":22},"end":{"line":79,"column":1}}}},"branchMap":{"0":{"loc":{"start":{"line":11,"column":2},"end":{"line":11,"column":22}},"type":"default-arg","locations":[{"start":{"line":11,"column":18},"end":{"line":11,"column":22}}]},"1":{"loc":{"start":{"line":17,"column":2},"end":{"line":20,"column":3}},"type":"if","locations":[{"start":{"line":17,"column":2},"end":{"line":20,"column":3}},{"start":{},"end":{}}]},"2":{"loc":{"start":{"line":21,"column":2},"end":{"line":24,"column":3}},"type":"if","locations":[{"start":{"line":21,"column":2},"end":{"line":24,"column":3}},{"start":{},"end":{}}]},"3":{"loc":{"start":{"line":26,"column":16},"end":{"line":26,"column":80}},"type":"cond-expr","locations":[{"start":{"line":26,"column":40},"end":{"line":26,"column":75}},{"start":{"line":26,"column":78},"end":{"line":26,"column":80}}]}},"s":{"0":3,"1":3,"2":0,"3":0,"4":0,"5":0,"6":0,"7":0,"8":0,"9":0,"10":0,"11":0,"12":0,"13":0,"14":0,"15":0},"f":{"0":0},"b":{"0":[0],"1":[0,0],"2":[0,0],"3":[0,0]}}
}
