TN:
SF:src\assistant\chatService.ts
FN:9,runAssistantChat
FN:38,(anonymous_1)
FN:46,(anonymous_2)
FNF:3
FNH:0
FNDA:0,runAssistantChat
FNDA:0,(anonymous_1)
FNDA:0,(anonymous_2)
DA:1,3
DA:2,3
DA:3,3
DA:4,3
DA:5,3
DA:6,3
DA:9,3
DA:14,0
DA:15,0
DA:17,0
DA:18,0
DA:19,0
DA:25,0
DA:27,0
DA:32,0
DA:38,0
DA:44,0
DA:46,0
LF:18
LH:7
BRF:0
BRH:0
end_of_record
TN:
SF:src\assistant\config.ts
FN:4,(anonymous_0)
FN:18,(anonymous_1)
FN:33,resolveProvider
FN:38,resolveCredentials
FN:47,getAssistantConfig
FN:73,resetAssistantConfigCache
FNF:6
FNH:0
FNDA:0,(anonymous_0)
FNDA:0,(anonymous_1)
FNDA:0,resolveProvider
FNDA:0,resolveCredentials
FNDA:0,getAssistantConfig
FNDA:0,resetAssistantConfigCache
DA:1,3
DA:4,3
DA:6,3
DA:8,3
DA:18,0
DA:31,3
DA:34,0
DA:35,0
DA:39,0
DA:40,0
DA:41,0
DA:43,0
DA:44,0
DA:47,3
DA:48,0
DA:50,0
DA:51,0
DA:53,0
DA:54,0
DA:55,0
DA:57,0
DA:58,0
DA:62,0
DA:70,0
DA:73,3
DA:74,0
LF:26
LH:7
BRDA:4,0,0,0
BRDA:4,0,1,0
BRDA:18,1,0,0
BRDA:18,1,1,0
BRDA:18,2,0,0
BRDA:18,2,1,0
BRDA:35,3,0,0
BRDA:35,3,1,0
BRDA:39,4,0,0
BRDA:39,4,1,0
BRDA:48,5,0,0
BRDA:48,5,1,0
BRDA:51,6,0,0
BRDA:51,6,1,0
BRDA:57,7,0,0
BRDA:57,7,1,0
BRDA:58,8,0,0
BRDA:58,8,1,0
BRDA:59,9,0,0
BRDA:59,9,1,0
BRDA:63,10,0,0
BRDA:63,10,1,0
BRF:22
BRH:0
end_of_record
TN:
SF:src\assistant\validation.ts
FN:14,(anonymous_0)
FNF:1
FNH:0
FNDA:0,(anonymous_0)
DA:1,3
DA:3,3
DA:8,3
DA:14,0
LF:4
LH:3
BRDA:14,0,0,0
BRDA:14,0,1,0
BRDA:14,1,0,0
BRDA:14,1,1,0
BRF:4
BRH:0
end_of_record
TN:
SF:src\assistant\knowledge\chunks.ts
FNF:0
FNH:0
DA:8,3
LF:1
LH:1
BRF:0
BRH:0
end_of_record
TN:
SF:src\assistant\knowledge\retrieve.ts
FN:6,tokenize
FN:11,(anonymous_1)
FN:14,chunkVisibleForRole
FN:19,scoreChunk
FN:23,(anonymous_4)
FN:36,retrieveKnowledge
FN:39,(anonymous_6)
FN:42,(anonymous_7)
FN:43,(anonymous_8)
FN:44,(anonymous_9)
FN:45,(anonymous_10)
FN:47,(anonymous_11)
FN:50,formatKnowledgeContext
FN:55,(anonymous_13)
FNF:14
FNH:0
FNDA:0,tokenize
FNDA:0,(anonymous_1)
FNDA:0,chunkVisibleForRole
FNDA:0,scoreChunk
FNDA:0,(anonymous_4)
FNDA:0,retrieveKnowledge
FNDA:0,(anonymous_6)
FNDA:0,(anonymous_7)
FNDA:0,(anonymous_8)
FNDA:0,(anonymous_9)
FNDA:0,(anonymous_10)
FNDA:0,(anonymous_11)
FNDA:0,formatKnowledgeContext
FNDA:0,(anonymous_13)
DA:1,3
DA:4,3
DA:7,0
DA:11,0
DA:15,0
DA:16,0
DA:20,0
DA:21,0
DA:22,0
DA:23,0
DA:24,0
DA:26,0
DA:27,0
DA:30,0
DA:36,3
DA:37,0
DA:38,0
DA:39,0
DA:42,0
DA:43,0
DA:44,0
DA:45,0
DA:47,0
DA:50,3
DA:51,0
DA:52,0
DA:54,0
DA:55,0
LF:28
LH:4
BRDA:15,0,0,0
BRDA:15,0,1,0
BRDA:15,1,0,0
BRDA:15,1,1,0
BRDA:23,2,0,0
BRDA:23,2,1,0
BRDA:23,3,0,0
BRDA:23,3,1,0
BRDA:26,4,0,0
BRDA:26,4,1,0
BRDA:38,5,0,0
BRDA:38,5,1,0
BRDA:51,6,0,0
BRDA:51,6,1,0
BRF:14
BRH:0
end_of_record
TN:
SF:src\assistant\providers\gemini.ts
FN:16,completeWithGemini
FN:23,(anonymous_1)
FN:34,(anonymous_2)
FN:54,(anonymous_3)
FNF:4
FNH:0
FNDA:0,completeWithGemini
FNDA:0,(anonymous_1)
FNDA:0,(anonymous_2)
FNDA:0,(anonymous_3)
DA:1,3
DA:2,3
DA:16,3
DA:17,0
DA:19,0
DA:23,0
DA:33,0
DA:35,0
DA:42,0
DA:44,0
DA:45,0
DA:47,0
DA:50,0
DA:51,0
DA:54,0
DA:55,0
DA:56,0
DA:59,0
LF:18
LH:3
BRDA:24,0,0,0
BRDA:24,0,1,0
BRDA:44,1,0,0
BRDA:44,1,1,0
BRDA:47,2,0,0
BRDA:47,2,1,0
BRDA:47,3,0,0
BRDA:47,3,1,0
BRDA:50,4,0,0
BRDA:50,4,1,0
BRDA:54,5,0,0
BRDA:54,5,1,0
BRDA:55,6,0,0
BRDA:55,6,1,0
BRF:14
BRH:0
end_of_record
TN:
SF:src\assistant\providers\index.ts
FN:7,completeAssistantChat
FNF:1
FNH:0
FNDA:0,completeAssistantChat
DA:1,3
DA:2,3
DA:4,3
DA:5,3
DA:7,3
DA:11,0
DA:13,0
DA:14,0
DA:17,0
DA:25,0
DA:26,0
DA:29,0
LF:12
LH:5
BRDA:13,0,0,0
BRDA:13,0,1,0
BRDA:13,1,0,0
BRDA:13,1,1,0
BRDA:25,2,0,0
BRDA:25,2,1,0
BRF:6
BRH:0
end_of_record
TN:
SF:src\assistant\providers\openai.ts
FN:10,completeWithOpenAi
FN:17,(anonymous_1)
FN:22,(anonymous_2)
FNF:3
FNH:0
FNDA:0,completeWithOpenAi
FNDA:0,(anonymous_1)
FNDA:0,(anonymous_2)
DA:1,3
DA:2,3
DA:10,3
DA:11,0
DA:17,0
DA:21,0
DA:23,0
DA:33,0
DA:35,0
DA:36,0
DA:42,0
DA:43,0
DA:44,0
DA:47,0
LF:14
LH:3
BRDA:35,0,0,0
BRDA:35,0,1,0
BRDA:38,1,0,0
BRDA:38,1,1,0
BRDA:43,2,0,0
BRDA:43,2,1,0
BRF:6
BRH:0
end_of_record
TN:
SF:src\assistant\safety\prompt.ts
FN:3,buildSystemPrompt
FNF:1
FNH:0
FNDA:0,buildSystemPrompt
DA:3,3
DA:8,0
DA:10,0
LF:3
LH:1
BRDA:22,0,0,0
BRDA:22,0,1,0
BRF:2
BRH:0
end_of_record
TN:
SF:src\assistant\safety\sanitize.ts
FN:18,sanitizeUserText
FN:30,assertSafeUserMessage
FN:43,sanitizeMessageHistory
FNF:3
FNH:3
FNDA:2,sanitizeUserText
FNDA:2,assertSafeUserMessage
FNDA:2,sanitizeMessageHistory
DA:1,4
DA:3,4
DA:4,4
DA:7,4
DA:16,4
DA:18,4
DA:19,2
DA:20,2
DA:21,2
DA:22,0
DA:24,2
DA:25,0
DA:27,2
DA:30,4
DA:31,2
DA:32,8
DA:33,1
DA:38,1
DA:39,0
DA:43,4
DA:46,2
DA:47,0
DA:50,2
DA:52,2
DA:53,2
DA:54,0
DA:56,2
DA:57,2
DA:58,1
DA:60,2
DA:63,2
DA:64,2
DA:65,1
DA:68,1
LF:34
LH:29
BRDA:21,0,0,0
BRDA:21,0,1,2
BRDA:24,1,0,0
BRDA:24,1,1,2
BRDA:32,2,0,1
BRDA:32,2,1,7
BRDA:38,3,0,0
BRDA:38,3,1,1
BRDA:38,4,0,1
BRDA:38,4,1,0
BRDA:46,5,0,0
BRDA:46,5,1,2
BRDA:53,6,0,0
BRDA:53,6,1,2
BRDA:53,7,0,2
BRDA:53,7,1,1
BRDA:57,8,0,1
BRDA:57,8,1,1
BRDA:64,9,0,1
BRDA:64,9,1,1
BRDA:64,10,0,2
BRDA:64,10,1,2
BRF:22
BRH:16
end_of_record
TN:
SF:src\controllers\assistantController.ts
FN:8,(anonymous_0)
FN:14,(anonymous_1)
FNF:2
FNH:0
FNDA:0,(anonymous_0)
FNDA:0,(anonymous_1)
DA:3,3
DA:4,3
DA:7,3
DA:9,0
DA:10,0
DA:11,0
DA:15,0
DA:16,0
DA:21,0
LF:9
LH:3
BRF:0
BRH:0
end_of_record
TN:
SF:src\controllers\auditController.ts
FN:13,(anonymous_0)
FN:30,(anonymous_1)
FNF:2
FNH:0
FNDA:0,(anonymous_0)
FNDA:0,(anonymous_1)
DA:4,3
DA:5,3
DA:12,3
DA:15,0
DA:17,0
DA:27,0
DA:31,0
DA:32,0
DA:33,0
LF:9
LH:3
BRF:0
BRH:0
end_of_record
TN:
SF:src\controllers\authController.ts
FN:16,jwtClaimsFromUser
FN:33,publicUserFromRecord
FN:54,verifyPasswordOrDummy
FN:59,issueTokenPair
FN:71,(anonymous_5)
FN:96,(anonymous_6)
FN:126,(anonymous_7)
FN:159,(anonymous_8)
FN:167,(anonymous_9)
FN:205,(anonymous_10)
FNF:10
FNH:8
FNDA:2,jwtClaimsFromUser
FNDA:1,publicUserFromRecord
FNDA:1,verifyPasswordOrDummy
FNDA:1,issueTokenPair
FNDA:3,(anonymous_5)
FNDA:0,(anonymous_6)
FNDA:2,(anonymous_7)
FNDA:1,(anonymous_8)
FNDA:2,(anonymous_9)
FNDA:0,(anonymous_10)
DA:2,3
DA:3,3
DA:4,3
DA:8,3
DA:9,3
DA:10,3
DA:11,3
DA:14,3
DA:23,2
DA:39,1
DA:52,3
DA:55,1
DA:62,1
DA:66,1
DA:67,1
DA:70,3
DA:72,3
DA:74,3
DA:75,0
DA:78,3
DA:80,3
DA:82,1
DA:83,1
DA:86,2
DA:88,2
DA:89,1
DA:92,1
DA:93,1
DA:97,0
DA:99,0
DA:100,0
DA:103,0
DA:105,0
DA:107,0
DA:108,0
DA:111,0
DA:113,0
DA:114,0
DA:117,0
DA:118,0
DA:127,2
DA:128,2
DA:129,0
DA:132,2
DA:133,2
DA:134,1
DA:139,1
DA:140,1
DA:141,0
DA:144,1
DA:149,1
DA:160,1
DA:161,1
DA:162,1
DA:164,1
DA:168,2
DA:169,2
DA:170,0
DA:173,2
DA:178,2
DA:179,2
DA:180,0
DA:183,2
DA:184,2
DA:185,1
DA:188,1
DA:189,1
DA:195,1
DA:196,1
DA:197,1
DA:199,1
DA:206,0
DA:208,0
DA:209,0
DA:212,0
DA:217,0
DA:218,0
DA:222,0
DA:225,0
DA:226,0
DA:227,0
DA:230,0
LF:82
LH:54
BRDA:27,0,0,0
BRDA:27,0,1,2
BRDA:29,1,0,2
BRDA:29,1,1,0
BRDA:43,2,0,0
BRDA:43,2,1,1
BRDA:55,3,0,1
BRDA:55,3,1,1
BRDA:74,4,0,0
BRDA:74,4,1,3
BRDA:74,5,0,3
BRDA:74,5,1,3
BRDA:80,6,0,1
BRDA:80,6,1,2
BRDA:88,7,0,1
BRDA:88,7,1,1
BRDA:99,8,0,0
BRDA:99,8,1,0
BRDA:99,9,0,0
BRDA:99,9,1,0
BRDA:105,10,0,0
BRDA:105,10,1,0
BRDA:113,11,0,0
BRDA:113,11,1,0
BRDA:128,12,0,0
BRDA:128,12,1,2
BRDA:133,13,0,1
BRDA:133,13,1,1
BRDA:140,14,0,0
BRDA:140,14,1,1
BRDA:161,15,0,1
BRDA:161,15,1,0
BRDA:169,16,0,0
BRDA:169,16,1,2
BRDA:179,17,0,0
BRDA:179,17,1,2
BRDA:184,18,0,1
BRDA:184,18,1,1
BRDA:208,19,0,0
BRDA:208,19,1,0
BRDA:208,20,0,0
BRDA:208,20,1,0
BRDA:226,21,0,0
BRDA:226,21,1,0
BRF:44
BRH:21
end_of_record
TN:
SF:src\controllers\catalogController.ts
FN:14,(anonymous_0)
FNF:1
FNH:0
FNDA:0,(anonymous_0)
DA:4,3
DA:5,3
DA:8,3
DA:15,0
DA:16,0
DA:19,0
DA:20,0
DA:21,0
DA:23,0
DA:24,0
DA:26,0
DA:28,0
DA:31,0
DA:41,0
LF:14
LH:3
BRDA:19,0,0,0
BRDA:19,0,1,0
BRDA:20,1,0,0
BRDA:20,1,1,0
BRDA:23,2,0,0
BRDA:23,2,1,0
BRDA:23,3,0,0
BRDA:23,3,1,0
BRDA:38,4,0,0
BRDA:38,4,1,0
BRDA:49,5,0,0
BRDA:49,5,1,0
BRF:12
BRH:0
end_of_record
TN:
SF:src\controllers\customerController.ts
FN:8,(anonymous_0)
FN:13,(anonymous_1)
FN:18,(anonymous_2)
FNF:3
FNH:2
FNDA:0,(anonymous_0)
FNDA:3,(anonymous_1)
FNDA:1,(anonymous_2)
DA:3,4
DA:4,4
DA:5,4
DA:7,4
DA:9,0
DA:10,0
DA:14,3
DA:15,2
DA:19,1
DA:20,1
DA:22,1
DA:23,0
DA:26,1
LF:13
LH:10
BRDA:22,0,0,0
BRDA:22,0,1,1
BRF:2
BRH:1
end_of_record
TN:
SF:src\controllers\dashboardController.ts
FN:12,(anonymous_0)
FN:47,(anonymous_1)
FN:66,(anonymous_2)
FN:75,(anonymous_3)
FN:84,(anonymous_4)
FN:93,(anonymous_5)
FNF:6
FNH:0
FNDA:0,(anonymous_0)
FNDA:0,(anonymous_1)
FNDA:0,(anonymous_2)
FNDA:0,(anonymous_3)
FNDA:0,(anonymous_4)
FNDA:0,(anonymous_5)
DA:3,3
DA:4,3
DA:5,3
DA:6,3
DA:8,3
DA:21,0
DA:31,0
DA:48,0
DA:55,0
DA:67,0
DA:68,0
DA:69,0
DA:76,0
DA:77,0
DA:78,0
DA:85,0
DA:86,0
DA:87,0
DA:94,0
DA:95,0
DA:96,0
LF:21
LH:5
BRDA:67,0,0,0
BRDA:67,0,1,0
BRDA:76,1,0,0
BRDA:76,1,1,0
BRDA:85,2,0,0
BRDA:85,2,1,0
BRDA:94,3,0,0
BRDA:94,3,1,0
BRF:8
BRH:0
end_of_record
TN:
SF:src\controllers\etlController.ts
FNF:0
FNH:0
DA:1,3
DA:2,3
DA:3,3
DA:4,3
DA:6,3
LF:5
LH:5
BRF:0
BRH:0
end_of_record
TN:
SF:src\controllers\notificationController.ts
FN:13,(anonymous_0)
FN:28,(anonymous_1)
FN:37,(anonymous_2)
FN:47,(anonymous_3)
FN:58,(anonymous_4)
FNF:5
FNH:0
FNDA:0,(anonymous_0)
FNDA:0,(anonymous_1)
FNDA:0,(anonymous_2)
FNDA:0,(anonymous_3)
FNDA:0,(anonymous_4)
DA:4,3
DA:5,3
DA:10,3
DA:12,3
DA:14,0
DA:15,0
DA:18,0
DA:19,0
DA:21,0
DA:23,0
DA:29,0
DA:30,0
DA:33,0
DA:34,0
DA:38,0
DA:39,0
DA:42,0
DA:43,0
DA:44,0
DA:48,0
DA:49,0
DA:52,0
DA:53,0
DA:57,3
DA:59,0
DA:60,0
DA:63,0
DA:64,0
DA:65,0
DA:68,0
DA:69,0
LF:31
LH:5
BRDA:14,0,0,0
BRDA:14,0,1,0
BRDA:29,1,0,0
BRDA:29,1,1,0
BRDA:38,2,0,0
BRDA:38,2,1,0
BRDA:48,3,0,0
BRDA:48,3,1,0
BRDA:59,4,0,0
BRDA:59,4,1,0
BRDA:64,5,0,0
BRDA:64,5,1,0
BRDA:64,6,0,0
BRDA:64,6,1,0
BRF:14
BRH:0
end_of_record
TN:
SF:src\controllers\orderController.ts
FN:25,(anonymous_9)
FN:48,(anonymous_10)
FN:65,(anonymous_11)
FN:72,(anonymous_12)
FN:114,(anonymous_13)
FN:115,(anonymous_14)
FN:117,(anonymous_15)
FN:129,(anonymous_16)
FN:184,(anonymous_17)
FNF:9
FNH:5
FNDA:1,(anonymous_9)
FNDA:2,(anonymous_10)
FNDA:0,(anonymous_11)
FNDA:2,(anonymous_12)
FNDA:0,(anonymous_13)
FNDA:0,(anonymous_14)
FNDA:0,(anonymous_15)
FNDA:4,(anonymous_16)
FNDA:3,(anonymous_17)
DA:4,3
DA:5,3
DA:6,3
DA:12,3
DA:19,3
DA:20,3
DA:21,3
DA:22,3
DA:24,3
DA:26,1
DA:27,1
DA:28,1
DA:30,1
DA:43,1
DA:45,1
DA:49,2
DA:50,2
DA:52,2
DA:53,1
DA:56,1
DA:58,1
DA:66,0
DA:68,0
DA:69,0
DA:73,2
DA:74,2
DA:76,2
DA:77,0
DA:80,2
DA:81,2
DA:82,0
DA:85,2
DA:86,2
DA:87,0
DA:90,2
DA:91,1
DA:94,1
DA:95,1
DA:96,0
DA:99,1
DA:107,1
DA:115,0
DA:116,0
DA:117,0
DA:130,4
DA:131,4
DA:134,4
DA:135,2
DA:136,0
DA:138,2
DA:140,2
DA:141,1
DA:143,1
DA:146,3
DA:157,3
DA:167,3
DA:168,2
DA:177,3
DA:185,3
DA:186,3
DA:188,3
DA:189,3
DA:190,1
DA:193,2
DA:194,2
DA:195,1
DA:200,1
DA:201,1
DA:202,0
DA:205,1
DA:216,1
DA:224,1
LF:72
LH:60
BRDA:39,0,0,1
BRDA:39,0,1,1
BRDA:52,1,0,1
BRDA:52,1,1,1
BRDA:76,2,0,0
BRDA:76,2,1,2
BRDA:81,3,0,0
BRDA:81,3,1,2
BRDA:85,4,0,2
BRDA:85,4,1,0
BRDA:86,5,0,0
BRDA:86,5,1,2
BRDA:90,6,0,1
BRDA:90,6,1,1
BRDA:95,7,0,0
BRDA:95,7,1,1
BRDA:134,8,0,2
BRDA:134,8,1,2
BRDA:135,9,0,0
BRDA:135,9,1,2
BRDA:140,10,0,1
BRDA:140,10,1,1
BRDA:167,11,0,2
BRDA:167,11,1,1
BRDA:177,12,0,1
BRDA:177,12,1,2
BRDA:189,13,0,1
BRDA:189,13,1,2
BRDA:193,14,0,2
BRDA:193,14,1,0
BRDA:194,15,0,1
BRDA:194,15,1,1
BRDA:201,16,0,0
BRDA:201,16,1,1
BRDA:210,17,0,1
BRDA:210,17,1,0
BRF:36
BRH:27
end_of_record
TN:
SF:src\controllers\orderLineController.ts
FN:7,(anonymous_0)
FN:16,(anonymous_1)
FN:28,(anonymous_2)
FN:45,(anonymous_3)
FN:59,(anonymous_4)
FNF:5
FNH:0
FNDA:0,(anonymous_0)
FNDA:0,(anonymous_1)
FNDA:0,(anonymous_2)
FNDA:0,(anonymous_3)
FNDA:0,(anonymous_4)
DA:3,3
DA:4,3
DA:6,3
DA:8,0
DA:9,0
DA:10,0
DA:12,0
DA:13,0
DA:17,0
DA:19,0
DA:23,0
DA:25,0
DA:29,0
DA:30,0
DA:32,0
DA:36,0
DA:37,0
DA:40,0
DA:42,0
DA:46,0
DA:48,0
DA:50,0
DA:51,0
DA:54,0
DA:56,0
DA:60,0
DA:61,0
DA:63,0
DA:67,0
LF:29
LH:3
BRDA:9,0,0,0
BRDA:9,0,1,0
BRDA:10,1,0,0
BRDA:10,1,1,0
BRDA:36,2,0,0
BRDA:36,2,1,0
BRDA:50,3,0,0
BRDA:50,3,1,0
BRF:8
BRH:0
end_of_record
TN:
SF:src\controllers\pricingController.ts
FNF:0
FNH:0
DA:1,3
DA:2,3
DA:3,3
DA:4,3
DA:13,3
LF:5
LH:5
BRF:0
BRH:0
end_of_record
TN:
SF:src\controllers\pricingSimulatorController.ts
FN:23,(anonymous_0)
FNF:1
FNH:0
FNDA:0,(anonymous_0)
DA:11,3
DA:12,3
DA:15,3
DA:24,0
DA:26,0
DA:27,0
DA:30,0
DA:31,0
DA:35,0
DA:36,0
DA:37,0
DA:42,0
DA:43,0
LF:13
LH:3
BRDA:26,0,0,0
BRDA:26,0,1,0
BRDA:30,1,0,0
BRDA:30,1,1,0
BRDA:36,2,0,0
BRDA:36,2,1,0
BRDA:36,3,0,0
BRDA:36,3,1,0
BRF:8
BRH:0
end_of_record
TN:
SF:src\controllers\productController.ts
FN:15,(anonymous_0)
FN:32,(anonymous_1)
FN:37,(anonymous_2)
FN:49,(anonymous_3)
FNF:4
FNH:0
FNDA:0,(anonymous_0)
FNDA:0,(anonymous_1)
FNDA:0,(anonymous_2)
FNDA:0,(anonymous_3)
DA:4,3
DA:5,3
DA:6,3
DA:11,3
DA:13,3
DA:16,0
DA:20,0
DA:29,0
DA:33,0
DA:34,0
DA:38,0
DA:39,0
DA:41,0
DA:42,0
DA:45,0
DA:50,0
DA:51,0
DA:53,0
DA:54,0
DA:55,0
DA:58,0
DA:60,0
DA:74,0
LF:23
LH:5
BRDA:41,0,0,0
BRDA:41,0,1,0
BRDA:54,1,0,0
BRDA:54,1,1,0
BRDA:63,2,0,0
BRDA:63,2,1,0
BRDA:68,3,0,0
BRDA:68,3,1,0
BRDA:70,4,0,0
BRDA:70,4,1,0
BRF:10
BRH:0
end_of_record
TN:
SF:src\controllers\reportController.ts
FN:7,(anonymous_0)
FN:23,(anonymous_1)
FN:33,(anonymous_2)
FNF:3
FNH:0
FNDA:0,(anonymous_0)
FNDA:0,(anonymous_1)
FNDA:0,(anonymous_2)
DA:2,3
DA:4,3
DA:6,3
DA:8,0
DA:9,0
DA:11,0
DA:12,0
DA:15,0
DA:16,0
DA:19,0
DA:20,0
DA:24,0
DA:25,0
DA:26,0
DA:29,0
DA:30,0
DA:34,0
DA:35,0
DA:37,0
DA:38,0
DA:41,0
DA:42,0
DA:43,0
DA:46,0
LF:24
LH:3
BRDA:11,0,0,0
BRDA:11,0,1,0
BRDA:15,1,0,0
BRDA:15,1,1,0
BRDA:15,2,0,0
BRDA:15,2,1,0
BRDA:25,3,0,0
BRDA:25,3,1,0
BRDA:37,4,0,0
BRDA:37,4,1,0
BRDA:42,5,0,0
BRDA:42,5,1,0
BRF:12
BRH:0
end_of_record
TN:
SF:src\controllers\statisticsController.ts
FN:7,(anonymous_0)
FN:21,(anonymous_1)
FN:32,(anonymous_2)
FN:38,(anonymous_3)
FN:44,(anonymous_4)
FN:50,(anonymous_5)
FN:56,(anonymous_6)
FN:62,(anonymous_7)
FN:68,(anonymous_8)
FN:74,(anonymous_9)
FN:86,(anonymous_10)
FNF:11
FNH:0
FNDA:0,(anonymous_0)
FNDA:0,(anonymous_1)
FNDA:0,(anonymous_2)
FNDA:0,(anonymous_3)
FNDA:0,(anonymous_4)
FNDA:0,(anonymous_5)
FNDA:0,(anonymous_6)
FNDA:0,(anonymous_7)
FNDA:0,(anonymous_8)
FNDA:0,(anonymous_9)
FNDA:0,(anonymous_10)
DA:3,3
DA:4,3
DA:5,3
DA:7,3
DA:21,3
DA:22,0
DA:23,0
DA:24,0
DA:26,0
DA:28,0
DA:31,3
DA:33,0
DA:34,0
DA:35,0
DA:39,0
DA:40,0
DA:41,0
DA:45,0
DA:46,0
DA:47,0
DA:51,0
DA:52,0
DA:53,0
DA:57,0
DA:58,0
DA:59,0
DA:63,0
DA:64,0
DA:65,0
DA:69,0
DA:70,0
DA:71,0
DA:75,0
DA:78,0
DA:79,0
DA:82,0
DA:83,0
DA:87,0
DA:88,0
DA:95,0
LF:40
LH:6
BRDA:13,0,0,0
BRDA:13,0,1,0
BRDA:13,1,0,0
BRDA:13,1,1,0
BRDA:14,2,0,0
BRDA:14,2,1,0
BRDA:14,3,0,0
BRDA:14,3,1,0
BRDA:22,4,0,0
BRDA:22,4,1,0
BRDA:22,5,0,0
BRDA:22,5,1,0
BRDA:23,6,0,0
BRDA:23,6,1,0
BRDA:78,7,0,0
BRDA:78,7,1,0
BRDA:78,8,0,0
BRDA:78,8,1,0
BRF:18
BRH:0
end_of_record
TN:
SF:src\controllers\statusController.ts
FN:6,(anonymous_0)
FN:19,(anonymous_1)
FN:24,(anonymous_2)
FN:29,(anonymous_3)
FNF:4
FNH:0
FNDA:0,(anonymous_0)
FNDA:0,(anonymous_1)
FNDA:0,(anonymous_2)
FNDA:0,(anonymous_3)
DA:3,3
DA:5,3
DA:7,0
DA:8,0
DA:9,0
DA:11,0
DA:20,0
DA:21,0
DA:25,0
DA:26,0
DA:30,0
DA:31,0
LF:12
LH:2
BRF:0
BRH:0
end_of_record
TN:
SF:src\controllers\suggestionController.ts
FN:6,(anonymous_0)
FNF:1
FNH:0
FNDA:0,(anonymous_0)
DA:3,3
DA:5,3
DA:7,0
DA:9,0
DA:10,0
DA:13,0
DA:14,0
LF:7
LH:2
BRDA:9,0,0,0
BRDA:9,0,1,0
BRDA:9,1,0,0
BRDA:9,1,1,0
BRF:4
BRH:0
end_of_record
TN:
SF:src\controllers\userController.ts
FN:16,(anonymous_0)
FN:22,(anonymous_1)
FN:33,(anonymous_2)
FN:43,(anonymous_3)
FN:61,(anonymous_4)
FN:101,(anonymous_5)
FNF:6
FNH:0
FNDA:0,(anonymous_0)
FNDA:0,(anonymous_1)
FNDA:0,(anonymous_2)
FNDA:0,(anonymous_3)
FNDA:0,(anonymous_4)
FNDA:0,(anonymous_5)
DA:4,3
DA:5,3
DA:6,3
DA:7,3
DA:8,3
DA:15,3
DA:17,0
DA:18,0
DA:19,0
DA:23,0
DA:24,0
DA:25,0
DA:26,0
DA:27,0
DA:29,0
DA:30,0
DA:34,0
DA:35,0
DA:37,0
DA:38,0
DA:40,0
DA:44,0
DA:46,0
DA:47,0
DA:48,0
DA:51,0
DA:52,0
DA:55,0
DA:56,0
DA:58,0
DA:62,0
DA:63,0
DA:65,0
DA:66,0
DA:68,0
DA:70,0
DA:71,0
DA:72,0
DA:73,0
DA:77,0
DA:78,0
DA:79,0
DA:80,0
DA:88,0
DA:89,0
DA:90,0
DA:91,0
DA:92,0
DA:94,0
DA:95,0
DA:97,0
DA:98,0
DA:102,0
DA:103,0
DA:105,0
DA:106,0
DA:109,0
DA:110,0
DA:112,0
DA:113,0
DA:115,0
LF:61
LH:6
BRDA:24,0,0,0
BRDA:24,0,1,0
BRDA:24,0,2,0
BRDA:25,1,0,0
BRDA:25,1,1,0
BRDA:35,2,0,0
BRDA:35,2,1,0
BRDA:38,3,0,0
BRDA:38,3,1,0
BRDA:47,4,0,0
BRDA:47,4,1,0
BRDA:51,5,0,0
BRDA:51,5,1,0
BRDA:51,6,0,0
BRDA:51,6,1,0
BRDA:63,7,0,0
BRDA:63,7,1,0
BRDA:66,8,0,0
BRDA:66,8,1,0
BRDA:70,9,0,0
BRDA:70,9,1,0
BRDA:70,10,0,0
BRDA:70,10,1,0
BRDA:72,11,0,0
BRDA:72,11,1,0
BRDA:77,12,0,0
BRDA:77,12,1,0
BRDA:78,13,0,0
BRDA:78,13,1,0
BRDA:79,14,0,0
BRDA:79,14,1,0
BRDA:79,15,0,0
BRDA:79,15,1,0
BRDA:89,16,0,0
BRDA:89,16,1,0
BRDA:90,17,0,0
BRDA:90,17,1,0
BRDA:94,18,0,0
BRDA:94,18,1,0
BRDA:95,19,0,0
BRDA:95,19,1,0
BRDA:95,20,0,0
BRDA:95,20,1,0
BRDA:103,21,0,0
BRDA:103,21,1,0
BRDA:105,22,0,0
BRDA:105,22,1,0
BRDA:113,23,0,0
BRDA:113,23,1,0
BRF:49
BRH:0
end_of_record
TN:
SF:src\controllers\etl\bulk.ts
FN:11,(anonymous_0)
FN:23,(anonymous_1)
FN:28,(anonymous_2)
FN:34,(anonymous_3)
FN:55,(anonymous_4)
FN:70,(anonymous_5)
FN:86,(anonymous_6)
FN:92,(anonymous_7)
FN:111,(anonymous_8)
FNF:9
FNH:0
FNDA:0,(anonymous_0)
FNDA:0,(anonymous_1)
FNDA:0,(anonymous_2)
FNDA:0,(anonymous_3)
FNDA:0,(anonymous_4)
FNDA:0,(anonymous_5)
FNDA:0,(anonymous_6)
FNDA:0,(anonymous_7)
FNDA:0,(anonymous_8)
DA:2,3
DA:3,3
DA:4,3
DA:5,3
DA:6,3
DA:7,3
DA:8,3
DA:10,3
DA:12,0
DA:13,0
DA:15,0
DA:16,0
DA:19,0
DA:20,0
DA:24,0
DA:25,0
DA:29,0
DA:30,0
DA:35,0
DA:41,0
DA:47,0
DA:56,0
DA:61,0
DA:62,0
DA:71,0
DA:77,0
DA:78,0
DA:87,0
DA:88,0
DA:93,0
DA:94,0
DA:98,0
DA:99,0
DA:112,0
DA:113,0
DA:115,0
DA:116,0
DA:119,0
DA:120,0
DA:122,0
DA:130,0
DA:131,0
DA:133,0
LF:43
LH:8
BRDA:12,0,0,0
BRDA:12,1,0,0
BRDA:12,2,0,0
BRDA:15,3,0,0
BRDA:15,3,1,0
BRDA:87,4,0,0
BRDA:87,4,1,0
BRDA:95,5,0,0
BRDA:95,5,1,0
BRDA:95,6,0,0
BRDA:95,6,1,0
BRDA:112,7,0,0
BRDA:112,8,0,0
BRDA:112,9,0,0
BRDA:115,10,0,0
BRDA:115,10,1,0
BRF:16
BRH:0
end_of_record
TN:
SF:src\controllers\etl\data.ts
FN:7,(anonymous_0)
FN:12,(anonymous_1)
FN:17,(anonymous_2)
FN:22,(anonymous_3)
FN:27,(anonymous_4)
FN:32,(anonymous_5)
FN:37,(anonymous_6)
FNF:7
FNH:0
FNDA:0,(anonymous_0)
FNDA:0,(anonymous_1)
FNDA:0,(anonymous_2)
FNDA:0,(anonymous_3)
FNDA:0,(anonymous_4)
FNDA:0,(anonymous_5)
FNDA:0,(anonymous_6)
DA:2,3
DA:3,3
DA:4,3
DA:6,3
DA:8,0
DA:9,0
DA:13,0
DA:14,0
DA:18,0
DA:19,0
DA:23,0
DA:24,0
DA:28,0
DA:29,0
DA:33,0
DA:34,0
DA:38,0
DA:44,0
LF:18
LH:4
BRF:0
BRH:0
end_of_record
TN:
SF:src\controllers\etl\ingest.ts
FN:15,(anonymous_0)
FN:62,(anonymous_1)
FNF:2
FNH:0
FNDA:0,(anonymous_0)
FNDA:0,(anonymous_1)
DA:2,3
DA:3,3
DA:9,3
DA:10,3
DA:11,3
DA:14,3
DA:16,0
DA:17,0
DA:20,0
DA:21,0
DA:23,0
DA:24,0
DA:27,0
DA:28,0
DA:29,0
DA:30,0
DA:31,0
DA:32,0
DA:34,0
DA:58,0
DA:63,0
DA:69,0
DA:71,0
DA:72,0
DA:73,0
DA:74,0
DA:76,0
DA:77,0
DA:80,0
DA:82,0
DA:88,0
DA:89,0
DA:90,0
DA:97,0
DA:100,0
DA:101,0
DA:103,0
DA:104,0
DA:107,0
DA:109,0
DA:111,0
DA:123,0
DA:124,0
DA:125,0
DA:131,0
DA:133,0
DA:135,0
LF:47
LH:6
BRDA:16,0,0,0
BRDA:16,0,1,0
BRDA:23,1,0,0
BRDA:23,1,1,0
BRDA:23,2,0,0
BRDA:23,2,1,0
BRDA:30,3,0,0
BRDA:30,3,1,0
BRDA:31,4,0,0
BRDA:31,4,1,0
BRDA:32,5,0,0
BRDA:32,5,1,0
BRDA:71,6,0,0
BRDA:71,6,1,0
BRDA:71,6,2,0
BRDA:73,7,0,0
BRDA:73,7,1,0
BRDA:73,8,0,0
BRDA:73,8,1,0
BRDA:76,9,0,0
BRDA:76,9,1,0
BRDA:76,10,0,0
BRDA:76,10,1,0
BRDA:85,11,0,0
BRDA:85,11,1,0
BRDA:88,12,0,0
BRDA:88,12,1,0
BRDA:88,13,0,0
BRDA:88,13,1,0
BRDA:107,14,0,0
BRDA:107,14,1,0
BRDA:109,15,0,0
BRDA:109,15,1,0
BRDA:123,16,0,0
BRDA:123,16,1,0
BRDA:124,17,0,0
BRDA:124,17,1,0
BRF:37
BRH:0
end_of_record
TN:
SF:src\controllers\etl\jobs.ts
FN:12,withEtlProgressFields
FN:20,(anonymous_1)
FN:35,(anonymous_2)
FN:42,(anonymous_3)
FN:52,(anonymous_4)
FN:64,(anonymous_5)
FN:73,(anonymous_6)
FN:82,(anonymous_7)
FNF:8
FNH:0
FNDA:0,withEtlProgressFields
FNDA:0,(anonymous_1)
FNDA:0,(anonymous_2)
FNDA:0,(anonymous_3)
FNDA:0,(anonymous_4)
FNDA:0,(anonymous_5)
FNDA:0,(anonymous_6)
FNDA:0,(anonymous_7)
DA:2,3
DA:8,3
DA:9,3
DA:13,0
DA:19,3
DA:21,0
DA:22,0
DA:23,0
DA:24,0
DA:26,0
DA:27,0
DA:28,0
DA:29,0
DA:31,0
DA:32,0
DA:36,0
DA:37,0
DA:38,0
DA:39,0
DA:43,0
DA:44,0
DA:45,0
DA:46,0
DA:48,0
DA:49,0
DA:53,0
DA:54,0
DA:55,0
DA:56,0
DA:58,0
DA:59,0
DA:60,0
DA:61,0
DA:62,0
DA:64,0
DA:65,0
DA:66,0
DA:67,0
DA:68,0
DA:72,0
DA:73,0
DA:74,0
DA:75,0
DA:76,0
DA:77,0
DA:78,0
DA:82,0
DA:83,0
DA:84,0
LF:49
LH:4
BRDA:22,0,0,0
BRDA:22,0,1,0
BRDA:27,1,0,0
BRDA:27,1,1,0
BRDA:37,2,0,0
BRDA:37,2,1,0
BRDA:37,3,0,0
BRDA:37,3,1,0
BRDA:44,4,0,0
BRDA:44,4,1,0
BRDA:49,5,0,0
BRDA:49,5,1,0
BRDA:54,6,0,0
BRDA:54,6,1,0
BRDA:67,7,0,0
BRDA:67,7,1,0
BRDA:74,8,0,0
BRDA:74,8,1,0
BRDA:77,9,0,0
BRDA:77,9,1,0
BRF:20
BRH:0
end_of_record
TN:
SF:src\controllers\pricing\customerGroups.ts
FN:24,(anonymous_0)
FN:33,(anonymous_1)
FN:54,(anonymous_2)
FN:81,(anonymous_3)
FN:103,(anonymous_4)
FN:125,(anonymous_5)
FN:140,(anonymous_6)
FN:150,(anonymous_7)
FNF:8
FNH:0
FNDA:0,(anonymous_0)
FNDA:0,(anonymous_1)
FNDA:0,(anonymous_2)
FNDA:0,(anonymous_3)
FNDA:0,(anonymous_4)
FNDA:0,(anonymous_5)
FNDA:0,(anonymous_6)
FNDA:0,(anonymous_7)
DA:3,3
DA:4,3
DA:5,3
DA:6,3
DA:10,3
DA:15,3
DA:25,0
DA:26,0
DA:34,0
DA:36,0
DA:37,0
DA:40,0
DA:42,0
DA:47,0
DA:55,0
DA:56,0
DA:58,0
DA:59,0
DA:60,0
DA:63,0
DA:64,0
DA:65,0
DA:68,0
DA:74,0
DA:82,0
DA:84,0
DA:85,0
DA:87,0
DA:88,0
DA:91,0
DA:96,0
DA:104,0
DA:105,0
DA:108,0
DA:109,0
DA:110,0
DA:113,0
DA:114,0
DA:115,0
DA:118,0
DA:126,0
DA:127,0
DA:129,0
DA:130,0
DA:133,0
DA:141,0
DA:142,0
DA:151,0
DA:155,0
DA:164,0
LF:50
LH:6
BRDA:36,0,0,0
BRDA:36,0,1,0
BRDA:59,1,0,0
BRDA:59,1,1,0
BRDA:64,2,0,0
BRDA:64,2,1,0
BRDA:87,3,0,0
BRDA:87,3,1,0
BRDA:109,4,0,0
BRDA:109,4,1,0
BRDA:114,5,0,0
BRDA:114,5,1,0
BRDA:129,6,0,0
BRDA:129,6,1,0
BRDA:156,7,0,0
BRDA:156,7,1,0
BRF:16
BRH:0
end_of_record
TN:
SF:src\controllers\pricing\priceCalculation.ts
FN:20,(anonymous_0)
FN:35,(anonymous_1)
FN:50,(anonymous_2)
FNF:3
FNH:0
FNDA:0,(anonymous_0)
FNDA:0,(anonymous_1)
FNDA:0,(anonymous_2)
DA:3,3
DA:4,3
DA:5,3
DA:11,3
DA:21,0
DA:23,0
DA:24,0
DA:27,0
DA:28,0
DA:36,0
DA:38,0
DA:39,0
DA:42,0
DA:43,0
DA:51,0
DA:53,0
DA:55,0
DA:56,0
LF:18
LH:4
BRDA:23,0,0,0
BRDA:23,0,1,0
BRDA:23,1,0,0
BRDA:23,1,1,0
BRDA:23,1,2,0
BRDA:23,1,3,0
BRDA:38,2,0,0
BRDA:38,2,1,0
BRDA:38,3,0,0
BRDA:38,3,1,0
BRDA:38,3,2,0
BRF:11
BRH:0
end_of_record
TN:
SF:src\controllers\pricing\priceLists.ts
FN:21,(anonymous_0)
FN:33,(anonymous_1)
FN:48,(anonymous_2)
FN:69,(anonymous_3)
FN:96,(anonymous_4)
FNF:5
FNH:0
FNDA:0,(anonymous_0)
FNDA:0,(anonymous_1)
FNDA:0,(anonymous_2)
FNDA:0,(anonymous_3)
FNDA:0,(anonymous_4)
DA:3,3
DA:4,3
DA:5,3
DA:7,3
DA:12,3
DA:22,0
DA:23,0
DA:26,0
DA:34,0
DA:35,0
DA:37,0
DA:38,0
DA:41,0
DA:49,0
DA:51,0
DA:52,0
DA:55,0
DA:57,0
DA:62,0
DA:70,0
DA:71,0
DA:73,0
DA:74,0
DA:75,0
DA:78,0
DA:79,0
DA:80,0
DA:83,0
DA:89,0
DA:97,0
DA:99,0
DA:100,0
DA:102,0
DA:103,0
DA:106,0
DA:111,0
LF:36
LH:5
BRDA:23,0,0,0
BRDA:23,0,1,0
BRDA:37,1,0,0
BRDA:37,1,1,0
BRDA:51,2,0,0
BRDA:51,2,1,0
BRDA:74,3,0,0
BRDA:74,3,1,0
BRDA:79,4,0,0
BRDA:79,4,1,0
BRDA:102,5,0,0
BRDA:102,5,1,0
BRF:12
BRH:0
end_of_record
TN:
SF:src\controllers\pricing\priceRules.ts
FN:22,(anonymous_0)
FN:32,(anonymous_1)
FN:47,(anonymous_2)
FN:76,(anonymous_3)
FN:108,(anonymous_4)
FN:134,(anonymous_5)
FNF:6
FNH:0
FNDA:0,(anonymous_0)
FNDA:0,(anonymous_1)
FNDA:0,(anonymous_2)
FNDA:0,(anonymous_3)
FNDA:0,(anonymous_4)
FNDA:0,(anonymous_5)
DA:3,3
DA:4,3
DA:5,3
DA:6,3
DA:8,3
DA:13,3
DA:23,0
DA:24,0
DA:25,0
DA:33,0
DA:34,0
DA:36,0
DA:37,0
DA:40,0
DA:48,0
DA:50,0
DA:51,0
DA:54,0
DA:55,0
DA:58,0
DA:59,0
DA:62,0
DA:64,0
DA:69,0
DA:77,0
DA:78,0
DA:80,0
DA:82,0
DA:85,0
DA:86,0
DA:87,0
DA:90,0
DA:91,0
DA:92,0
DA:95,0
DA:101,0
DA:109,0
DA:111,0
DA:112,0
DA:114,0
DA:115,0
DA:118,0
DA:123,0
DA:135,0
DA:137,0
DA:138,0
DA:141,0
DA:146,0
LF:48
LH:6
BRDA:36,0,0,0
BRDA:36,0,1,0
BRDA:50,1,0,0
BRDA:50,1,1,0
BRDA:54,2,0,0
BRDA:54,2,1,0
BRDA:54,3,0,0
BRDA:54,3,1,0
BRDA:58,4,0,0
BRDA:58,4,1,0
BRDA:58,5,0,0
BRDA:58,5,1,0
BRDA:80,6,0,0
BRDA:80,6,1,0
BRDA:80,7,0,0
BRDA:80,7,1,0
BRDA:80,7,2,0
BRDA:80,7,3,0
BRDA:86,8,0,0
BRDA:86,8,1,0
BRDA:91,9,0,0
BRDA:91,9,1,0
BRDA:114,10,0,0
BRDA:114,10,1,0
BRDA:137,11,0,0
BRDA:137,11,1,0
BRDA:143,12,0,0
BRDA:143,12,1,0
BRF:28
BRH:0
end_of_record
TN:
SF:src\controllers\pricing\shared.ts
FN:4,getAuditUser
FNF:1
FNH:0
FNDA:0,getAuditUser
DA:4,3
DA:5,0
LF:2
LH:1
BRDA:5,0,0,0
BRDA:5,0,1,0
BRF:2
BRH:0
end_of_record
TN:
SF:src\db\batchInsert.ts
FN:26,(anonymous_1)
FN:37,(anonymous_2)
FN:40,(anonymous_3)
FN:50,(anonymous_4)
FN:51,(anonymous_5)
FNF:5
FNH:0
FNDA:0,(anonymous_1)
FNDA:0,(anonymous_2)
FNDA:0,(anonymous_3)
FNDA:0,(anonymous_4)
FNDA:0,(anonymous_5)
DA:6,4
DA:7,4
DA:26,4
DA:32,0
DA:34,0
DA:35,0
DA:37,0
DA:38,0
DA:39,0
DA:40,0
DA:44,0
DA:46,0
DA:47,0
DA:50,0
DA:51,0
DA:52,0
DA:54,0
DA:57,0
DA:59,0
DA:61,0
DA:62,0
DA:65,0
LF:22
LH:3
BRDA:30,0,0,0
BRDA:32,1,0,0
BRDA:32,1,1,0
BRDA:34,2,0,0
BRDA:34,2,1,0
BRDA:38,3,0,0
BRDA:38,3,1,0
BRDA:62,4,0,0
BRDA:62,4,1,0
BRF:9
BRH:0
end_of_record
TN:
SF:src\db\copyLoaders.ts
FN:31,(anonymous_10)
FN:41,(anonymous_11)
FN:64,(anonymous_12)
FN:67,(anonymous_13)
FN:80,(anonymous_14)
FN:81,(anonymous_15)
FN:85,(anonymous_16)
FN:105,(anonymous_17)
FN:110,(anonymous_18)
FN:111,(anonymous_19)
FN:147,countCopyLines
FN:175,(anonymous_21)
FN:187,(anonymous_22)
FN:200,(anonymous_23)
FN:203,(anonymous_24)
FN:218,(anonymous_25)
FN:220,(anonymous_26)
FN:222,(anonymous_27)
FN:227,(anonymous_28)
FN:233,(anonymous_29)
FN:324,(anonymous_30)
FN:328,(anonymous_31)
FN:365,(anonymous_32)
FN:372,(anonymous_33)
FNF:24
FNH:0
FNDA:0,(anonymous_10)
FNDA:0,(anonymous_11)
FNDA:0,(anonymous_12)
FNDA:0,(anonymous_13)
FNDA:0,(anonymous_14)
FNDA:0,(anonymous_15)
FNDA:0,(anonymous_16)
FNDA:0,(anonymous_17)
FNDA:0,(anonymous_18)
FNDA:0,(anonymous_19)
FNDA:0,countCopyLines
FNDA:0,(anonymous_21)
FNDA:0,(anonymous_22)
FNDA:0,(anonymous_23)
FNDA:0,(anonymous_24)
FNDA:0,(anonymous_25)
FNDA:0,(anonymous_26)
FNDA:0,(anonymous_27)
FNDA:0,(anonymous_28)
FNDA:0,(anonymous_29)
FNDA:0,(anonymous_30)
FNDA:0,(anonymous_31)
FNDA:0,(anonymous_32)
FNDA:0,(anonymous_33)
DA:6,4
DA:7,4
DA:8,4
DA:9,4
DA:10,4
DA:31,4
DA:37,0
DA:39,0
DA:40,0
DA:41,0
DA:44,0
DA:47,0
DA:49,0
DA:52,0
DA:60,0
DA:64,0
DA:65,0
DA:66,0
DA:67,0
DA:69,0
DA:70,0
DA:74,0
DA:76,0
DA:80,0
DA:81,0
DA:82,0
DA:85,0
DA:86,0
DA:87,0
DA:89,0
DA:94,0
DA:96,0
DA:99,0
DA:105,0
DA:106,0
DA:107,0
DA:108,0
DA:109,0
DA:110,0
DA:111,0
DA:112,0
DA:114,0
DA:122,0
DA:123,0
DA:127,0
DA:129,0
DA:134,0
DA:135,0
DA:137,0
DA:138,0
DA:140,0
DA:148,0
DA:149,0
DA:150,0
DA:175,4
DA:182,0
DA:183,0
DA:184,0
DA:185,0
DA:186,0
DA:187,0
DA:188,0
DA:190,0
DA:192,0
DA:193,0
DA:194,0
DA:195,0
DA:200,0
DA:201,0
DA:202,0
DA:203,0
DA:204,0
DA:205,0
DA:209,0
DA:210,0
DA:212,0
DA:213,0
DA:214,0
DA:218,0
DA:219,0
DA:220,0
DA:222,0
DA:223,0
DA:224,0
DA:225,0
DA:227,0
DA:228,0
DA:229,0
DA:230,0
DA:233,0
DA:234,0
DA:236,0
DA:237,0
DA:238,0
DA:239,0
DA:241,0
DA:242,0
DA:243,0
DA:244,0
DA:245,0
DA:246,0
DA:247,0
DA:248,0
DA:250,0
DA:251,0
DA:252,0
DA:253,0
DA:258,0
DA:259,0
DA:261,0
DA:263,0
DA:268,0
DA:271,0
DA:272,0
DA:279,0
DA:280,0
DA:287,0
DA:288,0
DA:295,0
DA:296,0
DA:303,0
DA:304,0
DA:313,0
DA:314,0
DA:315,0
DA:316,0
DA:317,0
DA:320,0
DA:322,0
DA:324,0
DA:325,0
DA:327,0
DA:328,0
DA:330,0
DA:331,0
DA:334,0
DA:339,0
DA:340,0
DA:343,0
DA:348,0
DA:349,0
DA:352,0
DA:353,0
DA:355,0
DA:356,0
DA:358,0
DA:365,4
DA:366,0
DA:372,0
LF:149
LH:8
BRDA:35,0,0,0
BRDA:37,1,0,0
BRDA:37,1,1,0
BRDA:49,2,0,0
BRDA:49,2,1,0
BRDA:74,3,0,0
BRDA:74,3,1,0
BRDA:87,4,0,0
BRDA:87,4,1,0
BRDA:94,5,0,0
BRDA:94,5,1,0
BRDA:112,6,0,0
BRDA:112,6,1,0
BRDA:112,7,0,0
BRDA:112,7,1,0
BRDA:122,8,0,0
BRDA:122,8,1,0
BRDA:148,9,0,0
BRDA:148,9,1,0
BRDA:148,10,0,0
BRDA:148,10,1,0
BRDA:150,11,0,0
BRDA:150,11,1,0
BRDA:150,12,0,0
BRDA:150,12,1,0
BRDA:179,13,0,0
BRDA:180,14,0,0
BRDA:182,15,0,0
BRDA:193,16,0,0
BRDA:193,16,1,0
BRDA:193,17,0,0
BRDA:193,17,1,0
BRDA:212,18,0,0
BRDA:212,18,1,0
BRDA:212,19,0,0
BRDA:212,19,1,0
BRDA:222,20,0,0
BRDA:222,20,1,0
BRDA:224,21,0,0
BRDA:224,21,1,0
BRDA:225,22,0,0
BRDA:225,22,1,0
BRDA:227,23,0,0
BRDA:227,23,1,0
BRDA:229,24,0,0
BRDA:229,24,1,0
BRDA:230,25,0,0
BRDA:230,25,1,0
BRDA:236,26,0,0
BRDA:236,26,1,0
BRDA:238,27,0,0
BRDA:238,27,1,0
BRDA:242,28,0,0
BRDA:242,28,1,0
BRDA:242,29,0,0
BRDA:242,29,1,0
BRDA:244,30,0,0
BRDA:244,30,1,0
BRDA:245,31,0,0
BRDA:245,31,1,0
BRDA:245,32,0,0
BRDA:245,32,1,0
BRDA:247,33,0,0
BRDA:247,33,1,0
BRDA:247,34,0,0
BRDA:247,34,1,0
BRDA:250,35,0,0
BRDA:250,35,1,0
BRDA:250,36,0,0
BRDA:250,36,1,0
BRDA:258,37,0,0
BRDA:258,37,1,0
BRDA:258,38,0,0
BRDA:258,38,1,0
BRDA:268,39,0,0
BRDA:268,39,1,0
BRDA:268,40,0,0
BRDA:268,40,1,0
BRDA:271,41,0,0
BRDA:271,41,1,0
BRDA:279,42,0,0
BRDA:279,42,1,0
BRDA:287,43,0,0
BRDA:287,43,1,0
BRDA:295,44,0,0
BRDA:295,44,1,0
BRDA:303,45,0,0
BRDA:303,45,1,0
BRDA:303,46,0,0
BRDA:303,46,1,0
BRDA:313,47,0,0
BRDA:313,47,1,0
BRDA:314,48,0,0
BRDA:314,48,1,0
BRDA:315,49,0,0
BRDA:315,49,1,0
BRDA:322,50,0,0
BRDA:322,50,1,0
BRDA:327,51,0,0
BRDA:327,51,1,0
BRDA:331,52,0,0
BRDA:331,52,1,0
BRDA:340,53,0,0
BRDA:340,53,1,0
BRDA:349,54,0,0
BRDA:349,54,1,0
BRF:106
BRH:0
end_of_record
TN:
SF:src\db\identifiers.ts
FN:18,quoteIdentifier
FN:31,assertSafeIdentifiers
FN:36,(anonymous_2)
FN:39,(anonymous_3)
FNF:4
FNH:0
FNDA:0,quoteIdentifier
FNDA:0,assertSafeIdentifiers
FNDA:0,(anonymous_2)
FNDA:0,(anonymous_3)
DA:12,4
DA:18,4
DA:19,0
DA:31,4
DA:36,0
DA:37,0
DA:38,0
DA:39,0
LF:8
LH:3
BRDA:37,0,0,0
BRDA:37,0,1,0
BRF:2
BRH:0
end_of_record
TN:
SF:src\db\index.ts
FN:14,(anonymous_1)
FN:14,(anonymous_2)
FN:15,(anonymous_3)
FN:15,(anonymous_4)
FN:15,(anonymous_5)
FN:16,(anonymous_6)
FN:18,(anonymous_7)
FN:19,(anonymous_8)
FN:20,(anonymous_9)
FN:23,(anonymous_10)
FN:24,(anonymous_11)
FNF:11
FNH:0
FNDA:0,(anonymous_1)
FNDA:0,(anonymous_2)
FNDA:0,(anonymous_3)
FNDA:0,(anonymous_4)
FNDA:0,(anonymous_5)
FNDA:0,(anonymous_6)
FNDA:0,(anonymous_7)
FNDA:0,(anonymous_8)
FNDA:0,(anonymous_9)
FNDA:0,(anonymous_10)
FNDA:0,(anonymous_11)
DA:14,4
DA:15,4
DA:16,4
DA:17,4
DA:18,4
DA:19,4
DA:20,4
DA:23,4
DA:24,4
LF:9
LH:9
BRF:0
BRH:0
end_of_record
TN:
SF:src\db\migrate.ts
FN:9,resolveMigrationsDir
FN:14,(anonymous_2)
FN:18,createPool
FN:27,runMigrations
FN:47,(anonymous_5)
FN:83,(anonymous_6)
FN:87,(anonymous_7)
FNF:7
FNH:0
FNDA:0,resolveMigrationsDir
FNDA:0,(anonymous_2)
FNDA:0,createPool
FNDA:0,runMigrations
FNDA:0,(anonymous_5)
FNDA:0,(anonymous_6)
FNDA:0,(anonymous_7)
DA:1,3
DA:2,3
DA:3,3
DA:4,3
DA:5,3
DA:7,3
DA:10,0
DA:14,0
DA:15,0
DA:20,0
DA:21,0
DA:27,3
DA:28,0
DA:29,0
DA:30,0
DA:32,0
DA:33,0
DA:40,0
DA:41,0
DA:42,0
DA:45,0
DA:47,0
DA:50,0
DA:51,0
DA:52,0
DA:53,0
DA:56,0
DA:57,0
DA:58,0
DA:59,0
DA:60,0
DA:61,0
DA:62,0
DA:63,0
DA:65,0
DA:66,0
DA:68,0
DA:72,0
DA:73,0
DA:79,3
DA:81,3
DA:82,0
DA:84,0
DA:85,0
DA:88,0
DA:89,0
LF:46
LH:9
BRDA:15,0,0,0
BRDA:15,0,1,0
BRDA:20,1,0,0
BRDA:20,1,1,0
BRDA:29,2,0,0
BRDA:29,2,1,0
BRDA:40,3,0,0
BRDA:40,3,1,0
BRDA:52,4,0,0
BRDA:52,4,1,0
BRDA:52,5,0,0
BRDA:52,5,1,0
BRDA:72,6,0,0
BRDA:72,6,1,0
BRDA:81,7,0,0
BRDA:81,7,1,3
BRF:16
BRH:1
end_of_record
TN:
SF:src\db\pool.ts
FN:22,resolveDatabaseUrl
FN:50,(anonymous_2)
FN:54,(anonymous_3)
FN:63,(anonymous_4)
FNF:4
FNH:1
FNDA:4,resolveDatabaseUrl
FNDA:0,(anonymous_2)
FNDA:0,(anonymous_3)
FNDA:0,(anonymous_4)
DA:10,4
DA:11,4
DA:12,4
DA:13,4
DA:15,4
DA:21,4
DA:23,4
DA:24,4
DA:25,4
DA:26,4
DA:27,4
DA:29,0
DA:34,4
DA:48,4
DA:50,4
DA:51,0
DA:54,4
DA:55,0
DA:63,4
DA:69,4
LF:20
LH:17
BRDA:24,0,0,0
BRDA:24,0,1,4
BRDA:25,1,0,4
BRDA:25,1,1,0
BRDA:25,2,0,4
BRDA:25,2,1,4
BRF:6
BRH:4
end_of_record
TN:
SF:src\db\query.ts
FN:17,(anonymous_1)
FN:35,(anonymous_2)
FN:55,(anonymous_3)
FNF:3
FNH:0
FNDA:0,(anonymous_1)
FNDA:0,(anonymous_2)
FNDA:0,(anonymous_3)
DA:6,4
DA:7,4
DA:17,4
DA:18,0
DA:19,0
DA:20,0
DA:21,0
DA:22,0
DA:24,0
DA:35,4
DA:55,4
DA:56,0
DA:57,0
DA:58,0
DA:59,0
DA:60,0
DA:61,0
DA:63,0
DA:64,0
DA:66,0
LF:20
LH:5
BRDA:21,0,0,0
BRDA:21,0,1,0
BRF:2
BRH:0
end_of_record
TN:
SF:src\etl\bulkDataController.ts
FN:12,(anonymous_0)
FN:12,(anonymous_1)
FN:13,(anonymous_2)
FN:14,(anonymous_3)
FN:14,(anonymous_4)
FN:15,(anonymous_5)
FN:16,(anonymous_6)
FN:17,(anonymous_7)
FN:18,(anonymous_8)
FNF:9
FNH:2
FNDA:0,(anonymous_0)
FNDA:0,(anonymous_1)
FNDA:9,(anonymous_2)
FNDA:0,(anonymous_3)
FNDA:0,(anonymous_4)
FNDA:0,(anonymous_5)
FNDA:0,(anonymous_6)
FNDA:0,(anonymous_7)
FNDA:2,(anonymous_8)
DA:12,4
DA:13,13
DA:14,4
DA:15,4
DA:16,4
DA:17,4
DA:18,6
LF:7
LH:7
BRF:0
BRH:0
end_of_record
TN:
SF:src\etl\bulkLoadFast.ts
FN:34,runBulkLoadFast
FNF:1
FNH:0
FNDA:0,runBulkLoadFast
DA:1,3
DA:2,3
DA:3,3
DA:4,3
DA:5,3
DA:6,3
DA:7,3
DA:18,3
DA:19,3
DA:24,3
DA:34,3
DA:49,0
DA:51,0
DA:52,0
DA:53,0
DA:54,0
DA:56,0
DA:58,0
DA:59,0
DA:62,0
DA:72,0
DA:73,0
DA:78,0
DA:79,0
DA:82,0
DA:85,0
DA:92,0
DA:93,0
DA:102,0
DA:103,0
DA:112,0
DA:113,0
DA:122,0
DA:123,0
DA:124,0
DA:125,0
DA:126,0
DA:142,0
DA:144,0
DA:145,0
DA:146,0
DA:148,0
DA:149,0
DA:156,0
DA:170,0
DA:181,0
DA:182,0
DA:183,0
DA:185,0
LF:49
LH:11
BRDA:46,0,0,0
BRDA:47,1,0,0
BRDA:51,2,0,0
BRDA:51,2,1,0
BRDA:62,3,0,0
BRDA:62,3,1,0
BRDA:62,4,0,0
BRDA:62,4,1,0
BRDA:125,5,0,0
BRDA:125,5,1,0
BRDA:125,6,0,0
BRDA:125,6,1,0
BRDA:146,7,0,0
BRDA:146,7,1,0
BRDA:153,8,0,0
BRDA:153,8,1,0
BRDA:165,9,0,0
BRDA:165,9,1,0
BRDA:178,10,0,0
BRDA:178,10,1,0
BRDA:181,11,0,0
BRDA:181,11,1,0
BRF:22
BRH:0
end_of_record
TN:
SF:src\etl\bulkLoadFastSmoke.ts
FN:4,main
FNF:1
FNH:0
FNDA:0,main
DA:1,0
DA:2,0
DA:5,0
DA:6,0
DA:7,0
DA:8,0
DA:10,0
DA:15,0
DA:19,0
DA:22,0
DA:23,0
DA:27,0
LF:12
LH:0
BRF:0
BRH:0
end_of_record
TN:
SF:src\etl\checkpoint.ts
FN:7,ensureDir
FN:11,saveCheckpoint
FN:18,loadCheckpoint
FN:28,deleteCheckpoint
FNF:4
FNH:0
FNDA:0,ensureDir
FNDA:0,saveCheckpoint
FNDA:0,loadCheckpoint
FNDA:0,deleteCheckpoint
DA:1,4
DA:2,4
DA:5,4
DA:8,0
DA:11,4
DA:12,0
DA:13,0
DA:14,0
DA:15,0
DA:18,4
DA:19,0
DA:20,0
DA:21,0
DA:22,0
DA:24,0
DA:28,4
DA:29,0
DA:30,0
DA:31,0
LF:19
LH:6
BRDA:5,0,0,4
BRDA:5,0,1,4
BRF:2
BRH:2
end_of_record
TN:
SF:src\etl\copyBufferEncoder.ts
FN:7,writeCopyValue
FN:35,writeCopyField
FN:41,writeCopyRowEnd
FN:50,allocBuffer
FN:55,takeBuffer
FN:60,returnBuffer
FNF:6
FNH:0
FNDA:0,writeCopyValue
FNDA:0,writeCopyField
FNDA:0,writeCopyRowEnd
FNDA:0,allocBuffer
FNDA:0,takeBuffer
FNDA:0,returnBuffer
DA:7,3
DA:8,0
DA:9,0
DA:10,0
DA:12,0
DA:13,0
DA:14,0
DA:15,0
DA:16,0
DA:17,0
DA:18,0
DA:19,0
DA:20,0
DA:21,0
DA:22,0
DA:23,0
DA:24,0
DA:25,0
DA:26,0
DA:28,0
DA:31,0
DA:35,3
DA:36,0
DA:37,0
DA:41,3
DA:42,0
DA:43,0
DA:46,3
DA:47,3
DA:48,3
DA:51,0
DA:55,3
DA:56,0
DA:60,3
DA:61,0
DA:62,0
DA:66,3
LF:37
LH:9
BRDA:8,0,0,0
BRDA:8,0,1,0
BRDA:8,1,0,0
BRDA:8,1,1,0
BRDA:15,2,0,0
BRDA:15,2,1,0
BRDA:18,3,0,0
BRDA:18,3,1,0
BRDA:21,4,0,0
BRDA:21,4,1,0
BRDA:24,5,0,0
BRDA:24,5,1,0
BRDA:56,6,0,0
BRDA:56,6,1,0
BRDA:61,7,0,0
BRDA:61,7,1,0
BRF:16
BRH:0
end_of_record
TN:
SF:src\etl\csvUploadController.ts
FN:9,detectSeparatorAndHeaders
FN:13,(anonymous_2)
FN:14,(anonymous_3)
FN:28,(anonymous_4)
FN:32,detectTargetTable
FN:45,(anonymous_6)
FN:55,uploadCsvToTable
FNF:7
FNH:0
FNDA:0,detectSeparatorAndHeaders
FNDA:0,(anonymous_2)
FNDA:0,(anonymous_3)
FNDA:0,(anonymous_4)
FNDA:0,detectTargetTable
FNDA:0,(anonymous_6)
FNDA:0,uploadCsvToTable
DA:1,3
DA:2,3
DA:3,3
DA:5,3
DA:7,3
DA:10,0
DA:11,0
DA:13,0
DA:14,0
DA:15,0
DA:16,0
DA:17,0
DA:19,0
DA:20,0
DA:23,0
DA:24,0
DA:25,0
DA:26,0
DA:28,0
DA:29,0
DA:33,0
DA:35,0
DA:44,0
DA:45,0
DA:46,0
DA:49,0
DA:55,3
DA:59,0
DA:60,0
DA:61,0
DA:63,0
DA:64,0
DA:74,0
DA:75,0
DA:82,0
DA:89,0
DA:90,0
DA:91,0
DA:93,0
DA:100,0
DA:101,0
DA:102,0
DA:105,0
DA:106,0
LF:44
LH:6
BRDA:23,0,0,0
BRDA:23,0,1,0
BRDA:24,1,0,0
BRDA:24,1,1,0
BRDA:25,2,0,0
BRDA:25,2,1,0
BRDA:33,3,0,0
BRDA:33,3,1,0
BRDA:33,4,0,0
BRDA:33,4,1,0
BRDA:46,5,0,0
BRDA:46,5,1,0
BRDA:61,6,0,0
BRDA:61,6,1,0
BRDA:63,7,0,0
BRDA:63,7,1,0
BRDA:74,8,0,0
BRDA:74,8,1,0
BRDA:74,9,0,0
BRDA:74,9,1,0
BRDA:74,9,2,0
BRDA:74,9,3,0
BRF:22
BRH:0
end_of_record
TN:
SF:src\etl\dbController.ts
FN:6,createDB
FN:101,truncateDB
FN:125,(anonymous_2)
FNF:3
FNH:0
FNDA:0,createDB
FNDA:0,truncateDB
FNDA:0,(anonymous_2)
DA:1,3
DA:6,3
DA:7,0
DA:89,0
DA:90,0
DA:91,0
DA:92,0
DA:95,0
DA:101,3
DA:103,0
DA:115,0
DA:116,0
DA:117,0
DA:118,0
DA:119,0
DA:121,0
DA:125,0
LF:17
LH:3
BRF:0
BRH:0
end_of_record
TN:
SF:src\etl\deadLetter.ts
FN:8,ensureDir
FN:13,appendDeadLetterRows
FN:15,(anonymous_3)
FN:19,writeDeadLetterFile
FN:28,(anonymous_5)
FN:38,createDeadLetterCollector
FN:44,ensurePath
FN:51,flushBuffer
FN:60,(anonymous_9)
FN:69,(anonymous_10)
FN:77,(anonymous_11)
FN:85,(anonymous_12)
FN:90,(anonymous_13)
FNF:13
FNH:0
FNDA:0,ensureDir
FNDA:0,appendDeadLetterRows
FNDA:0,(anonymous_3)
FNDA:0,writeDeadLetterFile
FNDA:0,(anonymous_5)
FNDA:0,createDeadLetterCollector
FNDA:0,ensurePath
FNDA:0,flushBuffer
FNDA:0,(anonymous_9)
FNDA:0,(anonymous_10)
FNDA:0,(anonymous_11)
FNDA:0,(anonymous_12)
FNDA:0,(anonymous_13)
DA:1,4
DA:2,4
DA:5,4
DA:6,4
DA:9,0
DA:14,0
DA:15,0
DA:16,0
DA:19,4
DA:24,0
DA:25,0
DA:26,0
DA:27,0
DA:28,0
DA:29,0
DA:30,0
DA:38,4
DA:39,0
DA:40,0
DA:41,0
DA:42,0
DA:45,0
DA:46,0
DA:47,0
DA:48,0
DA:52,0
DA:53,0
DA:54,0
DA:55,0
DA:56,0
DA:59,0
DA:61,0
DA:70,0
DA:71,0
DA:72,0
DA:73,0
DA:78,0
DA:79,0
DA:80,0
DA:82,0
DA:86,0
DA:91,0
LF:42
LH:6
BRDA:5,0,0,4
BRDA:5,0,1,4
BRDA:14,1,0,0
BRDA:14,1,1,0
BRDA:24,2,0,0
BRDA:24,2,1,0
BRDA:45,3,0,0
BRDA:45,3,1,0
BRDA:52,4,0,0
BRDA:52,4,1,0
BRDA:71,5,0,0
BRDA:71,5,1,0
BRDA:78,6,0,0
BRDA:78,6,1,0
BRF:14
BRH:2
end_of_record
TN:
SF:src\etl\etlBenchmark.ts
FN:13,runStreamingBenchmark
FN:28,(anonymous_11)
FN:40,(anonymous_12)
FN:45,(anonymous_13)
FN:48,(anonymous_14)
FN:49,(anonymous_15)
FN:81,(anonymous_16)
FNF:7
FNH:0
FNDA:0,runStreamingBenchmark
FNDA:0,(anonymous_11)
FNDA:0,(anonymous_12)
FNDA:0,(anonymous_13)
FNDA:0,(anonymous_14)
FNDA:0,(anonymous_15)
FNDA:0,(anonymous_16)
DA:1,3
DA:2,3
DA:3,3
DA:4,3
DA:6,3
DA:13,3
DA:24,0
DA:25,0
DA:27,0
DA:28,0
DA:29,0
DA:30,0
DA:31,0
DA:32,0
DA:33,0
DA:34,0
DA:35,0
DA:38,0
DA:39,0
DA:40,0
DA:41,0
DA:42,0
DA:43,0
DA:44,0
DA:45,0
DA:48,0
DA:49,0
DA:51,0
DA:52,0
DA:54,0
DA:55,0
DA:63,0
DA:64,0
DA:65,0
DA:67,0
DA:69,0
DA:81,0
LF:37
LH:6
BRDA:6,0,0,3
BRDA:6,0,1,3
BRDA:44,1,0,0
BRDA:44,1,1,0
BRDA:44,2,0,0
BRDA:44,2,1,0
BRDA:49,3,0,0
BRDA:49,3,1,0
BRDA:65,4,0,0
BRDA:65,4,1,0
BRDA:67,5,0,0
BRDA:67,5,1,0
BRF:12
BRH:2
end_of_record
TN:
SF:src\etl\etlFailures.ts
FN:17,recordEtlFailure
FN:42,getLastFailureForJob
FNF:2
FNH:0
FNDA:0,recordEtlFailure
FNDA:0,getLastFailureForJob
DA:1,4
DA:17,4
DA:25,0
DA:42,4
DA:43,0
DA:51,0
DA:52,0
LF:7
LH:3
BRDA:31,0,0,0
BRDA:31,0,1,0
BRDA:32,1,0,0
BRDA:32,1,1,0
BRDA:33,2,0,0
BRDA:33,2,1,0
BRDA:34,3,0,0
BRDA:34,3,1,0
BRDA:52,4,0,0
BRDA:52,4,1,0
BRF:10
BRH:0
end_of_record
TN:
SF:src\etl\etlJobStore.ts
FN:20,rowToProgress
FN:38,persistEtlJob
FN:75,loadEtlJob
FN:89,listPersistedEtlJobs
FN:95,(anonymous_4)
FNF:5
FNH:0
FNDA:0,rowToProgress
FNDA:0,persistEtlJob
FNDA:0,loadEtlJob
FNDA:0,listPersistedEtlJobs
FNDA:0,(anonymous_4)
DA:1,4
DA:3,4
DA:21,0
DA:38,4
DA:39,0
DA:40,0
DA:71,0
DA:75,4
DA:76,0
DA:77,0
DA:81,0
DA:82,0
DA:84,0
DA:85,0
DA:89,4
DA:90,0
DA:91,0
DA:95,0
DA:97,0
DA:98,0
LF:20
LH:5
BRDA:30,0,0,0
BRDA:30,0,1,0
BRDA:31,1,0,0
BRDA:31,1,1,0
BRDA:64,2,0,0
BRDA:64,2,1,0
BRDA:65,3,0,0
BRDA:65,3,1,0
BRDA:81,4,0,0
BRDA:81,4,1,0
BRF:10
BRH:0
end_of_record
TN:
SF:src\etl\etlMetrics.ts
FN:36,percentile
FN:42,recordEtlRun
FN:53,recordBulkFastRun
FN:70,getEtlMetrics
FN:72,(anonymous_4)
FN:73,(anonymous_5)
FN:76,(anonymous_6)
FN:79,(anonymous_7)
FN:79,(anonymous_8)
FN:86,(anonymous_9)
FN:89,(anonymous_10)
FN:95,(anonymous_11)
FN:96,(anonymous_12)
FN:117,clearEtlMetrics
FNF:14
FNH:0
FNDA:0,percentile
FNDA:0,recordEtlRun
FNDA:0,recordBulkFastRun
FNDA:0,getEtlMetrics
FNDA:0,(anonymous_4)
FNDA:0,(anonymous_5)
FNDA:0,(anonymous_6)
FNDA:0,(anonymous_7)
FNDA:0,(anonymous_8)
FNDA:0,(anonymous_9)
FNDA:0,(anonymous_10)
FNDA:0,(anonymous_11)
FNDA:0,(anonymous_12)
FNDA:0,clearEtlMetrics
DA:29,3
DA:30,3
DA:31,3
DA:32,3
DA:34,3
DA:37,0
DA:38,0
DA:39,0
DA:42,3
DA:43,0
DA:47,0
DA:48,0
DA:49,0
DA:53,3
DA:60,0
DA:64,0
DA:65,0
DA:66,0
DA:70,3
DA:71,0
DA:72,0
DA:73,0
DA:75,0
DA:76,0
DA:79,0
DA:80,0
DA:86,0
DA:87,0
DA:88,0
DA:89,0
DA:92,0
DA:93,0
DA:94,0
DA:95,0
DA:96,0
DA:99,0
DA:110,0
DA:117,3
DA:118,0
DA:119,0
LF:40
LH:9
BRDA:37,0,0,0
BRDA:37,0,1,0
BRDA:48,1,0,0
BRDA:48,1,1,0
BRDA:65,2,0,0
BRDA:65,2,1,0
BRDA:75,3,0,0
BRDA:75,3,1,0
BRDA:87,4,0,0
BRDA:87,4,1,0
BRDA:89,5,0,0
BRDA:89,5,1,0
BRDA:94,6,0,0
BRDA:94,6,1,0
BRDA:104,7,0,0
BRDA:104,7,1,0
BRDA:105,8,0,0
BRDA:105,8,1,0
BRF:18
BRH:0
end_of_record
TN:
SF:src\etl\etlQueue.ts
FN:36,resolveUpsertKeys
FN:42,executeIngestJob
FN:120,initEtlQueue
FN:130,(anonymous_4)
FN:136,(anonymous_5)
FN:145,enqueueIngestJob
FN:162,createIngestJobId
FN:166,stopEtlQueue
FN:174,isEtlQueueReady
FNF:9
FNH:0
FNDA:0,resolveUpsertKeys
FNDA:0,executeIngestJob
FNDA:0,initEtlQueue
FNDA:0,(anonymous_4)
FNDA:0,(anonymous_5)
FNDA:0,enqueueIngestJob
FNDA:0,createIngestJobId
FNDA:0,stopEtlQueue
FNDA:0,isEtlQueueReady
DA:1,3
DA:2,3
DA:3,3
DA:5,3
DA:12,3
DA:13,3
DA:16,3
DA:19,3
DA:34,3
DA:37,0
DA:38,0
DA:42,3
DA:43,0
DA:61,0
DA:63,0
DA:64,0
DA:65,0
DA:67,0
DA:68,0
DA:103,0
DA:104,0
DA:106,0
DA:107,0
DA:108,0
DA:109,0
DA:111,0
DA:113,0
DA:114,0
DA:115,0
DA:120,3
DA:122,0
DA:124,0
DA:130,0
DA:131,0
DA:134,0
DA:136,0
DA:137,0
DA:138,0
DA:139,0
DA:142,0
DA:145,3
DA:146,0
DA:147,0
DA:149,0
DA:155,0
DA:156,0
DA:158,0
DA:159,0
DA:162,3
DA:163,0
DA:166,3
DA:167,0
DA:168,0
DA:169,0
DA:170,0
DA:174,3
DA:175,0
LF:57
LH:15
BRDA:37,0,0,0
BRDA:37,0,1,0
BRDA:38,1,0,0
BRDA:38,1,1,0
BRDA:86,2,0,0
BRDA:86,2,1,0
BRDA:86,3,0,0
BRDA:86,3,1,0
BRDA:90,4,0,0
BRDA:90,4,1,0
BRDA:94,5,0,0
BRDA:94,5,1,0
BRDA:94,6,0,0
BRDA:94,6,1,0
BRDA:96,7,0,0
BRDA:96,7,1,0
BRDA:98,8,0,0
BRDA:98,8,1,0
BRDA:101,9,0,0
BRDA:101,9,1,0
BRDA:101,10,0,0
BRDA:101,10,1,0
BRDA:106,11,0,0
BRDA:106,11,1,0
BRDA:107,12,0,0
BRDA:107,12,1,0
BRDA:108,13,0,0
BRDA:108,13,1,0
BRDA:114,14,0,0
BRDA:114,14,1,0
BRDA:122,15,0,0
BRDA:122,15,1,0
BRDA:146,16,0,0
BRDA:146,16,1,0
BRDA:155,17,0,0
BRDA:155,17,1,0
BRDA:163,18,0,0
BRDA:163,18,1,0
BRDA:167,19,0,0
BRDA:167,19,1,0
BRF:40
BRH:0
end_of_record
TN:
SF:src\etl\jobRegistry.ts
FN:8,syncPersist
FN:12,registerJob
FN:35,updateJobProgress
FN:45,completeJob
FN:51,(anonymous_13)
FN:51,(anonymous_14)
FN:56,failJob
FN:63,(anonymous_16)
FN:63,(anonymous_17)
FN:68,setJobAbortController
FN:72,clearJobAbortController
FN:76,cancelJob
FN:87,getJob
FN:92,getJobAsync
FN:100,listJobs
FN:102,(anonymous_24)
FN:106,listJobsAsync
FN:116,pruneOldJobs
FN:119,(anonymous_27)
FN:120,(anonymous_28)
FN:126,subscribeToJob
FN:131,(anonymous_30)
FN:137,broadcastProgress
FN:140,(anonymous_32)
FNF:24
FNH:0
FNDA:0,syncPersist
FNDA:0,registerJob
FNDA:0,updateJobProgress
FNDA:0,completeJob
FNDA:0,(anonymous_13)
FNDA:0,(anonymous_14)
FNDA:0,failJob
FNDA:0,(anonymous_16)
FNDA:0,(anonymous_17)
FNDA:0,setJobAbortController
FNDA:0,clearJobAbortController
FNDA:0,cancelJob
FNDA:0,getJob
FNDA:0,getJobAsync
FNDA:0,listJobs
FNDA:0,(anonymous_24)
FNDA:0,listJobsAsync
FNDA:0,pruneOldJobs
FNDA:0,(anonymous_27)
FNDA:0,(anonymous_28)
FNDA:0,subscribeToJob
FNDA:0,(anonymous_30)
FNDA:0,broadcastProgress
FNDA:0,(anonymous_32)
DA:2,4
DA:4,4
DA:5,4
DA:6,4
DA:9,0
DA:12,4
DA:13,0
DA:14,0
DA:15,0
DA:17,0
DA:18,0
DA:30,0
DA:31,0
DA:32,0
DA:35,4
DA:39,0
DA:40,0
DA:41,0
DA:42,0
DA:45,4
DA:46,0
DA:47,0
DA:48,0
DA:49,0
DA:50,0
DA:51,0
DA:52,0
DA:56,4
DA:57,0
DA:58,0
DA:59,0
DA:60,0
DA:61,0
DA:62,0
DA:63,0
DA:64,0
DA:68,4
DA:69,0
DA:72,4
DA:73,0
DA:76,4
DA:77,0
DA:78,0
DA:79,0
DA:80,0
DA:81,0
DA:82,0
DA:83,0
DA:84,0
DA:87,4
DA:88,0
DA:92,4
DA:93,0
DA:94,0
DA:95,0
DA:96,0
DA:97,0
DA:100,4
DA:101,0
DA:102,0
DA:106,4
DA:107,0
DA:108,0
DA:109,0
DA:110,0
DA:111,0
DA:113,0
DA:117,0
DA:118,0
DA:119,0
DA:120,0
DA:124,4
DA:126,4
DA:127,0
DA:128,0
DA:129,0
DA:130,0
DA:131,0
DA:132,0
DA:133,0
DA:137,4
DA:138,0
DA:139,0
DA:140,0
LF:84
LH:18
BRDA:12,0,0,0
BRDA:14,1,0,0
BRDA:14,1,1,0
BRDA:14,2,0,0
BRDA:14,2,1,0
BRDA:40,3,0,0
BRDA:40,3,1,0
BRDA:47,4,0,0
BRDA:47,4,1,0
BRDA:47,5,0,0
BRDA:47,5,1,0
BRDA:58,6,0,0
BRDA:58,6,1,0
BRDA:58,7,0,0
BRDA:58,7,1,0
BRDA:58,7,2,0
BRDA:78,8,0,0
BRDA:78,8,1,0
BRDA:82,9,0,0
BRDA:82,9,1,0
BRDA:88,10,0,0
BRDA:88,10,1,0
BRDA:94,11,0,0
BRDA:94,11,1,0
BRDA:96,12,0,0
BRDA:96,12,1,0
BRDA:100,13,0,0
BRDA:106,14,0,0
BRDA:108,15,0,0
BRDA:108,15,1,0
BRDA:111,16,0,0
BRDA:111,16,1,0
BRDA:117,17,0,0
BRDA:117,17,1,0
BRDA:127,18,0,0
BRDA:127,18,1,0
BRDA:130,19,0,0
BRDA:130,19,1,0
BRDA:133,20,0,0
BRDA:133,20,1,0
BRDA:139,21,0,0
BRDA:139,21,1,0
BRF:42
BRH:0
end_of_record
TN:
SF:src\etl\realDataController.ts
FN:16,generateRealData
FN:35,(anonymous_1)
FN:61,insertRealData
FNF:3
FNH:0
FNDA:0,generateRealData
FNDA:0,(anonymous_1)
FNDA:0,insertRealData
DA:1,3
DA:2,3
DA:10,3
DA:16,3
DA:17,0
DA:35,0
DA:41,0
DA:42,0
DA:43,0
DA:45,0
DA:47,0
DA:61,3
DA:62,0
DA:63,0
DA:66,0
DA:67,0
DA:70,0
DA:71,0
DA:76,0
DA:79,0
DA:80,0
DA:85,0
DA:88,0
DA:89,0
DA:94,0
DA:97,0
DA:98,0
DA:103,0
DA:106,0
DA:107,0
DA:112,0
DA:115,0
DA:116,0
DA:117,0
DA:124,0
DA:125,0
DA:131,0
DA:134,0
DA:135,0
DA:138,0
DA:139,0
DA:140,0
DA:145,0
DA:147,0
DA:149,0
LF:45
LH:5
BRDA:62,0,0,0
BRDA:62,0,1,0
BRF:2
BRH:0
end_of_record
TN:
SF:src\etl\testDataController.ts
FN:10,generateTestData
FN:65,generateRandomOrders
FN:153,insertTestData
FNF:3
FNH:0
FNDA:0,generateTestData
FNDA:0,generateRandomOrders
FNDA:0,insertTestData
DA:1,3
DA:4,3
DA:10,3
DA:11,0
DA:13,0
DA:53,0
DA:54,0
DA:66,0
DA:67,0
DA:68,0
DA:69,0
DA:70,0
DA:71,0
DA:72,0
DA:73,0
DA:78,0
DA:79,0
DA:80,0
DA:83,0
DA:84,0
DA:85,0
DA:86,0
DA:89,0
DA:90,0
DA:91,0
DA:93,0
DA:94,0
DA:95,0
DA:96,0
DA:97,0
DA:98,0
DA:100,0
DA:112,0
DA:113,0
DA:114,0
DA:115,0
DA:128,0
DA:129,0
DA:130,0
DA:131,0
DA:133,0
DA:147,0
DA:153,3
DA:154,0
DA:155,0
DA:158,0
DA:159,0
DA:162,0
DA:163,0
DA:168,0
DA:171,0
DA:172,0
DA:177,0
DA:180,0
DA:181,0
DA:186,0
DA:189,0
DA:190,0
DA:195,0
DA:198,0
DA:199,0
DA:204,0
DA:207,0
DA:208,0
DA:209,0
DA:216,0
DA:217,0
DA:223,0
DA:226,0
DA:227,0
DA:230,0
DA:231,0
DA:232,0
DA:237,0
DA:239,0
DA:242,0
DA:250,0
DA:256,0
LF:78
LH:4
BRDA:112,0,0,0
BRDA:112,0,1,0
BRDA:121,1,0,0
BRDA:121,1,1,0
BRDA:122,2,0,0
BRDA:122,2,1,0
BRDA:154,3,0,0
BRDA:154,3,1,0
BRF:8
BRH:0
end_of_record
TN:
SF:src\etl\bulkData\counts.ts
FN:6,getTableCounts
FNF:1
FNH:1
FNDA:2,getTableCounts
DA:1,4
DA:6,4
DA:7,2
DA:8,2
DA:10,2
DA:11,16
DA:13,16
DA:18,8
DA:20,8
DA:24,2
LF:10
LH:10
BRDA:18,0,0,8
BRDA:18,0,1,0
BRF:2
BRH:1
end_of_record
TN:
SF:src\etl\bulkData\dimensions.ts
FN:8,getDimensionData
FN:73,ensureDimensionData
FN:75,(anonymous_11)
FNF:3
FNH:1
FNDA:9,getDimensionData
FNDA:0,ensureDimensionData
FNDA:0,(anonymous_11)
DA:1,4
DA:5,4
DA:8,4
DA:9,9
DA:10,9
DA:11,9
DA:12,9
DA:13,9
DA:14,9
DA:15,1072
DA:16,1072
DA:17,1072
DA:19,9
DA:20,9
DA:48,9
DA:49,9
DA:50,225
DA:51,1251
DA:52,1251
DA:57,1251
DA:59,225
DA:61,9
DA:62,3249
DA:63,3249
DA:64,3249
DA:66,9
DA:73,4
DA:74,0
DA:75,0
DA:77,0
DA:82,0
DA:86,0
DA:94,0
DA:95,0
DA:96,0
DA:98,0
LF:36
LH:27
BRDA:51,0,0,0
BRDA:51,0,1,1251
BRDA:59,1,0,0
BRDA:59,1,1,225
BRF:4
BRH:2
end_of_record
TN:
SF:src\etl\bulkData\generate.ts
FN:16,generateBulkTestData
FNF:1
FNH:1
FNDA:9,generateBulkTestData
DA:1,4
DA:3,4
DA:4,4
DA:7,4
DA:11,4
DA:16,4
DA:21,9
DA:22,9
DA:23,0
DA:27,9
DA:31,9
DA:33,9
DA:35,9
DA:36,9
DA:37,9
DA:39,9
DA:47,9
DA:48,9
DA:50,9
DA:59,9
LF:20
LH:19
BRDA:21,0,0,1
BRDA:21,1,0,1
BRDA:21,2,0,1
BRDA:22,3,0,0
BRDA:22,3,1,9
BRF:5
BRH:4
end_of_record
TN:
SF:src\etl\bulkData\indexes.ts
FN:40,dropBulkIndexes
FN:41,(anonymous_1)
FN:45,createBulkIndexes
FN:46,(anonymous_3)
FNF:4
FNH:0
FNDA:0,dropBulkIndexes
FNDA:0,(anonymous_1)
FNDA:0,createBulkIndexes
FNDA:0,(anonymous_3)
DA:1,4
DA:2,4
DA:5,4
DA:21,4
DA:40,4
DA:41,0
DA:45,4
DA:46,0
DA:47,0
LF:9
LH:6
BRF:0
BRH:0
end_of_record
TN:
SF:src\etl\bulkData\insert.ts
FN:9,insertBulkTestData
FN:36,(anonymous_10)
FN:37,(anonymous_11)
FN:47,(anonymous_12)
FN:49,(anonymous_13)
FN:57,(anonymous_14)
FN:59,(anonymous_15)
FN:69,(anonymous_16)
FN:71,(anonymous_17)
FNF:9
FNH:0
FNDA:0,insertBulkTestData
FNDA:0,(anonymous_10)
FNDA:0,(anonymous_11)
FNDA:0,(anonymous_12)
FNDA:0,(anonymous_13)
FNDA:0,(anonymous_14)
FNDA:0,(anonymous_15)
FNDA:0,(anonymous_16)
FNDA:0,(anonymous_17)
DA:1,4
DA:2,4
DA:3,4
DA:4,4
DA:9,4
DA:10,0
DA:11,0
DA:14,0
DA:15,0
DA:16,0
DA:19,0
DA:20,0
DA:21,0
DA:23,0
DA:26,0
DA:27,0
DA:30,0
DA:31,0
DA:33,0
DA:35,0
DA:36,0
DA:37,0
DA:39,0
DA:41,0
DA:42,0
DA:45,0
DA:46,0
DA:47,0
DA:49,0
DA:50,0
DA:52,0
DA:55,0
DA:56,0
DA:57,0
DA:59,0
DA:60,0
DA:62,0
DA:65,0
DA:66,0
DA:67,0
DA:68,0
DA:69,0
DA:71,0
DA:72,0
DA:80,0
DA:81,0
DA:82,0
DA:83,0
DA:86,0
DA:87,0
DA:88,0
DA:89,0
DA:91,0
DA:92,0
DA:93,0
DA:96,0
DA:101,0
LF:57
LH:5
BRDA:10,0,0,0
BRDA:10,0,1,0
BRDA:19,1,0,0
BRDA:19,1,1,0
BRDA:20,2,0,0
BRDA:20,2,1,0
BRDA:21,3,0,0
BRDA:21,3,1,0
BRDA:65,4,0,0
BRDA:65,4,1,0
BRDA:65,5,0,0
BRDA:65,5,1,0
BRDA:88,6,0,0
BRDA:88,6,1,0
BRDA:88,7,0,0
BRDA:88,7,1,0
BRDA:91,8,0,0
BRDA:91,8,1,0
BRDA:91,9,0,0
BRDA:91,9,1,0
BRDA:92,10,0,0
BRDA:92,10,1,0
BRF:22
BRH:0
end_of_record
TN:
SF:src\etl\bulkData\orderGeneration.ts
FN:29,getOrderRows
FN:82,generateOrdersIntoArrays
FNF:2
FNH:2
FNDA:100141,getOrderRows
FNDA:9,generateOrdersIntoArrays
DA:4,4
DA:5,4
DA:12,4
DA:13,4
DA:14,4
DA:21,4
DA:22,4
DA:29,4
DA:34,100141
DA:35,100141
DA:36,100141
DA:37,100141
DA:38,100141
DA:39,100141
DA:40,100141
DA:41,100141
DA:42,100141
DA:43,100141
DA:44,100141
DA:45,100141
DA:46,300834
DA:47,300834
DA:48,300834
DA:49,300834
DA:50,300834
DA:51,300834
DA:52,300834
DA:53,276563
DA:64,100141
DA:65,100141
DA:76,100141
DA:82,4
DA:89,9
DA:90,9
DA:91,100141
DA:92,100141
DA:93,100141
DA:94,100141
LF:38
LH:38
BRDA:52,0,0,276563
BRDA:52,0,1,24271
BRDA:52,1,0,300834
BRDA:52,1,1,60326
BRDA:59,2,0,92244
BRDA:59,2,1,184319
BRDA:60,3,0,69296
BRDA:60,3,1,207267
BRF:8
BRH:8
end_of_record
TN:
SF:src\etl\bulkData\stages.ts
FN:19,runBulkPipelineInStages
FN:41,(anonymous_10)
FNF:2
FNH:0
FNDA:0,runBulkPipelineInStages
FNDA:0,(anonymous_10)
DA:1,4
DA:3,4
DA:4,4
DA:5,4
DA:8,4
DA:19,4
DA:38,0
DA:40,0
DA:41,0
DA:43,0
DA:48,0
DA:49,0
DA:51,0
DA:52,0
DA:53,0
DA:54,0
DA:56,0
DA:57,0
DA:58,0
DA:59,0
DA:60,0
DA:62,0
DA:63,0
DA:64,0
DA:65,0
DA:73,0
DA:74,0
DA:75,0
DA:76,0
DA:77,0
DA:78,0
DA:80,0
DA:82,0
DA:88,0
DA:91,0
DA:92,0
DA:93,0
DA:98,0
LF:38
LH:6
BRDA:35,0,0,0
BRDA:36,1,0,0
BRDA:37,2,0,0
BRDA:77,3,0,0
BRDA:77,3,1,0
BRF:5
BRH:0
end_of_record
TN:
SF:src\etl\bulkData\streaming.ts
FN:18,runBulkPipelineStreaming
FNF:1
FNH:0
FNDA:0,runBulkPipelineStreaming
DA:1,4
DA:2,4
DA:3,4
DA:4,4
DA:5,4
DA:6,4
DA:7,4
DA:8,4
DA:10,4
DA:11,4
DA:12,4
DA:18,4
DA:30,0
DA:31,0
DA:33,0
DA:38,0
DA:39,0
DA:41,0
DA:42,0
DA:43,0
DA:45,0
DA:46,0
DA:47,0
DA:49,0
DA:50,0
DA:51,0
DA:52,0
DA:53,0
DA:54,0
DA:55,0
DA:56,0
DA:57,0
DA:58,0
DA:60,0
DA:61,0
DA:62,0
DA:64,0
DA:66,0
DA:68,0
DA:69,0
DA:70,0
DA:75,0
LF:42
LH:12
BRDA:30,0,0,0
BRDA:30,1,0,0
BRDA:54,2,0,0
BRDA:54,2,1,0
BRDA:55,3,0,0
BRDA:55,3,1,0
BRDA:56,4,0,0
BRDA:56,4,1,0
BRDA:57,5,0,0
BRDA:57,5,1,0
BRDA:58,6,0,0
BRDA:58,6,1,0
BRF:12
BRH:0
end_of_record
TN:
SF:src\etl\bulkLoadFast\generators.ts
FN:12,generateOrdreCopyBuffers
FN:54,(anonymous_1)
FN:66,generateOrdrelinjeCopyBuffers
FN:104,(anonymous_3)
FN:117,generateHenvisningCopyBuffers
FN:166,(anonymous_5)
FNF:6
FNH:0
FNDA:0,generateOrdreCopyBuffers
FNDA:0,(anonymous_1)
FNDA:0,generateOrdrelinjeCopyBuffers
FNDA:0,(anonymous_3)
FNDA:0,generateHenvisningCopyBuffers
FNDA:0,(anonymous_5)
DA:1,3
DA:9,3
DA:12,3
DA:18,0
DA:19,0
DA:20,0
DA:21,0
DA:22,0
DA:23,0
DA:24,0
DA:25,0
DA:26,0
DA:27,0
DA:28,0
DA:29,0
DA:30,0
DA:31,0
DA:32,0
DA:33,0
DA:34,0
DA:36,0
DA:37,0
DA:38,0
DA:39,0
DA:40,0
DA:41,0
DA:42,0
DA:43,0
DA:44,0
DA:45,0
DA:47,0
DA:48,0
DA:50,0
DA:51,0
DA:52,0
DA:53,0
DA:54,0
DA:57,0
DA:58,0
DA:61,0
DA:66,3
DA:73,0
DA:74,0
DA:75,0
DA:76,0
DA:77,0
DA:78,0
DA:79,0
DA:81,0
DA:82,0
DA:83,0
DA:84,0
DA:85,0
DA:87,0
DA:88,0
DA:89,0
DA:90,0
DA:91,0
DA:92,0
DA:93,0
DA:94,0
DA:95,0
DA:97,0
DA:98,0
DA:100,0
DA:101,0
DA:102,0
DA:103,0
DA:104,0
DA:108,0
DA:109,0
DA:112,0
DA:117,3
DA:124,0
DA:131,0
DA:133,0
DA:134,0
DA:135,0
DA:136,0
DA:137,0
DA:138,0
DA:139,0
DA:140,0
DA:142,0
DA:143,0
DA:144,0
DA:145,0
DA:146,0
DA:147,0
DA:148,0
DA:150,0
DA:151,0
DA:152,0
DA:153,0
DA:154,0
DA:155,0
DA:156,0
DA:157,0
DA:159,0
DA:160,0
DA:162,0
DA:163,0
DA:164,0
DA:165,0
DA:166,0
DA:171,0
DA:172,0
DA:175,0
LF:108
LH:5
BRDA:50,0,0,0
BRDA:50,0,1,0
BRDA:50,1,0,0
BRDA:50,1,1,0
BRDA:57,2,0,0
BRDA:57,2,1,0
BRDA:100,3,0,0
BRDA:100,3,1,0
BRDA:100,4,0,0
BRDA:100,4,1,0
BRDA:108,5,0,0
BRDA:108,5,1,0
BRDA:143,6,0,0
BRDA:143,6,1,0
BRDA:143,7,0,0
BRDA:143,7,1,0
BRDA:147,8,0,0
BRDA:147,8,1,0
BRDA:148,9,0,0
BRDA:148,9,1,0
BRDA:162,10,0,0
BRDA:162,10,1,0
BRDA:162,11,0,0
BRDA:162,11,1,0
BRDA:171,12,0,0
BRDA:171,12,1,0
BRF:26
BRH:0
end_of_record
TN:
SF:src\etl\bulkLoadFast\sessionSetup.ts
FN:8,createUnloggedStagingTables
FN:35,setSessionWorkMem
FNF:2
FNH:0
FNDA:0,createUnloggedStagingTables
FNDA:0,setSessionWorkMem
DA:2,3
DA:8,3
DA:9,0
DA:14,0
DA:19,0
DA:26,0
DA:27,0
DA:28,0
DA:31,0
DA:35,3
DA:36,0
DA:37,0
LF:12
LH:3
BRF:0
BRH:0
end_of_record
TN:
SF:src\etl\bulkLoadFast\shared.ts
FN:31,getEnvNumber
FNF:1
FNH:0
FNDA:0,getEnvNumber
DA:21,3
DA:22,3
DA:23,3
DA:24,3
DA:25,3
DA:27,3
DA:29,3
DA:31,3
DA:32,0
DA:33,0
DA:34,0
DA:35,0
DA:48,3
DA:49,3
DA:50,3
LF:15
LH:11
BRDA:33,0,0,0
BRDA:33,0,1,0
BRDA:33,1,0,0
BRDA:33,1,1,0
BRDA:35,2,0,0
BRDA:35,2,1,0
BRF:6
BRH:0
end_of_record
TN:
SF:src\etl\bulkLoadFast\staging.ts
FN:17,copyIntoStagingFromChunks
FN:25,(anonymous_10)
FN:33,(anonymous_11)
FN:35,(anonymous_12)
FN:37,(anonymous_13)
FN:104,migrateStagingToFinal
FNF:6
FNH:0
FNDA:0,copyIntoStagingFromChunks
FNDA:0,(anonymous_10)
FNDA:0,(anonymous_11)
FNDA:0,(anonymous_12)
FNDA:0,(anonymous_13)
FNDA:0,migrateStagingToFinal
DA:1,3
DA:3,3
DA:4,3
DA:5,3
DA:17,3
DA:25,0
DA:26,0
DA:27,0
DA:29,0
DA:30,0
DA:31,0
DA:33,0
DA:34,0
DA:35,0
DA:37,0
DA:38,0
DA:39,0
DA:40,0
DA:41,0
DA:42,0
DA:43,0
DA:44,0
DA:45,0
DA:46,0
DA:49,0
DA:50,0
DA:51,0
DA:52,0
DA:53,0
DA:55,0
DA:59,0
DA:60,0
DA:65,0
DA:66,0
DA:67,0
DA:68,0
DA:73,0
DA:75,0
DA:80,0
DA:81,0
DA:82,0
DA:85,0
DA:86,0
DA:87,0
DA:88,0
DA:91,0
DA:104,3
DA:110,0
DA:113,0
DA:115,0
DA:123,0
DA:131,0
DA:140,0
DA:142,0
DA:145,0
DA:146,0
DA:147,0
DA:148,0
DA:150,0
LF:59
LH:6
BRDA:42,0,0,0
BRDA:42,0,1,0
BRDA:49,1,0,0
BRDA:49,1,1,0
BRDA:49,2,0,0
BRDA:49,2,1,0
BRDA:49,2,2,0
BRDA:50,3,0,0
BRDA:50,3,1,0
BRDA:52,4,0,0
BRDA:52,4,1,0
BRDA:52,5,0,0
BRDA:52,5,1,0
BRDA:56,6,0,0
BRDA:56,6,1,0
BRDA:59,7,0,0
BRDA:59,7,1,0
BRDA:59,8,0,0
BRDA:59,8,1,0
BRDA:65,9,0,0
BRDA:65,9,1,0
BRDA:65,10,0,0
BRDA:65,10,1,0
BRDA:85,11,0,0
BRDA:85,11,1,0
BRDA:85,12,0,0
BRDA:85,12,1,0
BRDA:85,12,2,0
BRDA:87,13,0,0
BRDA:87,13,1,0
BRDA:87,14,0,0
BRDA:87,14,1,0
BRDA:151,15,0,0
BRDA:151,15,1,0
BRDA:152,16,0,0
BRDA:152,16,1,0
BRDA:153,17,0,0
BRDA:153,17,1,0
BRF:38
BRH:0
end_of_record
TN:
SF:src\etl\realData\generators.ts
FN:1,generateRealisticCustomers
FN:37,generateRealisticFirms
FN:47,generateRealisticProducts
FN:143,generateRealisticOrders
FN:168,(anonymous_4)
FNF:5
FNH:0
FNDA:0,generateRealisticCustomers
FNDA:0,generateRealisticFirms
FNDA:0,generateRealisticProducts
FNDA:0,generateRealisticOrders
FNDA:0,(anonymous_4)
DA:1,3
DA:3,0
DA:22,0
DA:23,0
DA:25,0
DA:26,0
DA:27,0
DA:28,0
DA:34,0
DA:37,3
DA:38,0
DA:47,3
DA:48,0
DA:49,0
DA:52,0
DA:129,0
DA:130,0
DA:131,0
DA:140,0
DA:143,3
DA:144,0
DA:145,0
DA:146,0
DA:147,0
DA:150,0
DA:156,0
DA:157,0
DA:164,0
DA:165,0
DA:166,0
DA:167,0
DA:168,0
DA:169,0
DA:172,0
DA:173,0
DA:174,0
DA:176,0
DA:177,0
DA:178,0
DA:179,0
DA:180,0
DA:181,0
DA:183,0
DA:195,0
DA:196,0
DA:197,0
DA:198,0
DA:211,0
DA:212,0
DA:213,0
DA:214,0
DA:215,0
DA:217,0
DA:231,0
LF:54
LH:4
BRDA:179,0,0,0
BRDA:179,0,1,0
BRDA:191,1,0,0
BRDA:191,1,1,0
BRDA:195,2,0,0
BRDA:195,2,1,0
BRDA:204,3,0,0
BRDA:204,3,1,0
BRDA:205,4,0,0
BRDA:205,4,1,0
BRF:10
BRH:0
end_of_record
TN:
SF:src\etl\streaming\backpressure.ts
FN:10,readableFromAsyncIterator
FN:22,(anonymous_1)
FNF:2
FNH:2
FNDA:4,readableFromAsyncIterator
FNDA:10,(anonymous_1)
DA:1,4
DA:3,4
DA:10,4
DA:14,4
DA:15,4
DA:17,4
DA:19,4
DA:23,10
DA:24,10
DA:25,10
DA:26,4
DA:27,4
DA:29,6
DA:31,0
DA:34,0
LF:15
LH:13
BRDA:12,0,0,0
BRDA:14,1,0,4
BRDA:14,1,1,0
BRDA:15,2,0,4
BRDA:15,2,1,0
BRDA:25,3,0,4
BRDA:25,3,1,6
BRDA:29,4,0,0
BRDA:29,4,1,6
BRF:9
BRH:5
end_of_record
TN:
SF:src\etl\streaming\pipeline.ts
FN:1,(anonymous_0)
FNF:1
FNH:1
FNDA:5,(anonymous_0)
DA:1,9
LF:1
LH:1
BRF:0
BRH:0
end_of_record
TN:
SF:src\etl\streaming\transforms.ts
FN:35,normalizeHeader
FN:39,normalizeRecord
FN:47,parseIntegerLike
FN:54,parseDecimalLike
FN:69,parseDateLike
FN:80,parseStatusToInt
FN:88,toDbColumn
FN:92,buildColumnPlan
FN:101,(anonymous_8)
FN:122,transformValue
FN:136,isRowValid
FN:142,getRowValidationError
FN:175,formatCopyValue
FN:184,formatCopyLine
FNF:14
FNH:11
FNDA:66,normalizeHeader
FNDA:11,normalizeRecord
FNDA:6,parseIntegerLike
FNDA:1,parseDecimalLike
FNDA:7,parseDateLike
FNDA:0,parseStatusToInt
FNDA:16,toDbColumn
FNDA:5,buildColumnPlan
FNDA:0,(anonymous_8)
FNDA:19,transformValue
FNDA:0,isRowValid
FNDA:15,getRowValidationError
FNDA:21,formatCopyValue
FNDA:7,formatCopyLine
DA:3,6
DA:32,6
DA:33,6
DA:35,6
DA:36,66
DA:39,6
DA:40,11
DA:41,11
DA:42,32
DA:44,11
DA:47,6
DA:48,6
DA:49,6
DA:50,6
DA:51,6
DA:54,6
DA:55,1
DA:56,1
DA:58,1
DA:59,1
DA:60,1
DA:61,0
DA:62,0
DA:65,1
DA:66,1
DA:69,6
DA:70,7
DA:71,7
DA:72,7
DA:73,1
DA:74,1
DA:75,1
DA:77,0
DA:80,6
DA:81,0
DA:82,0
DA:83,0
DA:84,0
DA:85,0
DA:89,16
DA:92,6
DA:97,5
DA:98,5
DA:100,5
DA:101,0
DA:104,5
DA:105,0
DA:106,0
DA:107,0
DA:110,5
DA:111,16
DA:112,16
DA:113,16
DA:114,16
DA:115,16
DA:116,16
DA:119,5
DA:122,6
DA:123,19
DA:124,19
DA:125,13
DA:127,13
DA:128,6
DA:129,6
DA:130,6
DA:132,7
DA:133,6
DA:136,6
DA:137,0
DA:138,0
DA:142,6
DA:146,15
DA:147,8
DA:148,7
DA:150,7
DA:151,1
DA:152,1
DA:153,0
DA:155,6
DA:156,2
DA:157,1
DA:159,4
DA:160,1
DA:161,0
DA:163,3
DA:164,1
DA:165,0
DA:167,2
DA:168,2
DA:169,1
DA:170,0
DA:172,0
DA:175,6
DA:176,21
DA:177,20
DA:184,6
DA:185,7
LF:97
LH:78
BRDA:42,0,0,0
BRDA:42,0,1,32
BRDA:42,1,0,32
BRDA:42,1,1,32
BRDA:48,2,0,6
BRDA:48,2,1,0
BRDA:49,3,0,0
BRDA:49,3,1,6
BRDA:51,4,0,6
BRDA:51,4,1,0
BRDA:55,5,0,1
BRDA:55,5,1,0
BRDA:56,6,0,0
BRDA:56,6,1,1
BRDA:59,7,0,1
BRDA:59,7,1,0
BRDA:59,8,0,1
BRDA:59,8,1,1
BRDA:61,9,0,0
BRDA:61,9,1,0
BRDA:66,10,0,1
BRDA:66,10,1,0
BRDA:70,11,0,7
BRDA:70,11,1,0
BRDA:71,12,0,0
BRDA:71,12,1,7
BRDA:72,13,0,6
BRDA:72,13,1,1
BRDA:73,14,0,1
BRDA:73,14,1,0
BRDA:81,15,0,0
BRDA:81,15,1,0
BRDA:82,16,0,0
BRDA:82,16,1,0
BRDA:83,17,0,0
BRDA:83,17,1,0
BRDA:84,18,0,0
BRDA:84,18,1,0
BRDA:85,19,0,0
BRDA:85,19,1,0
BRDA:89,20,0,16
BRDA:89,20,1,0
BRDA:100,21,0,0
BRDA:100,21,1,5
BRDA:105,22,0,0
BRDA:105,22,1,0
BRDA:105,23,0,0
BRDA:105,23,1,0
BRDA:113,24,0,0
BRDA:113,24,1,16
BRDA:114,25,0,0
BRDA:114,25,1,16
BRDA:114,26,0,16
BRDA:114,26,1,16
BRDA:123,27,0,19
BRDA:123,27,1,0
BRDA:124,28,0,6
BRDA:124,28,1,13
BRDA:125,29,0,0
BRDA:125,29,1,13
BRDA:127,30,0,6
BRDA:127,30,1,7
BRDA:128,31,0,0
BRDA:128,31,1,6
BRDA:128,32,0,0
BRDA:128,32,1,0
BRDA:129,33,0,0
BRDA:129,33,1,6
BRDA:129,34,0,0
BRDA:129,34,1,0
BRDA:132,35,0,1
BRDA:132,35,1,6
BRDA:133,36,0,0
BRDA:133,36,1,6
BRDA:146,37,0,8
BRDA:146,37,1,7
BRDA:147,38,0,1
BRDA:147,38,1,7
BRDA:150,39,0,1
BRDA:150,39,1,6
BRDA:151,40,0,0
BRDA:151,40,1,1
BRDA:152,41,0,1
BRDA:152,41,1,0
BRDA:155,42,0,2
BRDA:155,42,1,4
BRDA:156,43,0,1
BRDA:156,43,1,1
BRDA:159,44,0,1
BRDA:159,44,1,3
BRDA:160,45,0,1
BRDA:160,45,1,0
BRDA:163,46,0,1
BRDA:163,46,1,2
BRDA:164,47,0,1
BRDA:164,47,1,0
BRDA:167,48,0,2
BRDA:167,48,1,0
BRDA:168,49,0,1
BRDA:168,49,1,1
BRDA:169,50,0,1
BRDA:169,50,1,0
BRDA:176,51,0,1
BRDA:176,51,1,20
BRDA:176,52,0,21
BRDA:176,52,1,20
BRF:106
BRH:60
end_of_record
TN:
SF:src\etl\streaming\pipeline\helpers.ts
FN:13,mapRow
FN:21,(anonymous_1)
FN:27,(anonymous_2)
FN:38,withRetries
FN:53,(anonymous_4)
FNF:5
FNH:4
FNDA:6,mapRow
FNDA:18,(anonymous_1)
FNDA:18,(anonymous_2)
FNDA:4,withRetries
FNDA:0,(anonymous_4)
DA:1,4
DA:2,4
DA:3,4
DA:11,4
DA:13,4
DA:20,6
DA:21,6
DA:22,18
DA:23,18
DA:26,6
DA:27,18
DA:28,6
DA:29,6
DA:30,0
DA:31,0
DA:33,0
DA:35,6
DA:38,4
DA:43,4
DA:44,4
DA:45,4
DA:46,4
DA:48,0
DA:49,0
DA:50,0
DA:51,0
DA:52,0
DA:53,0
LF:28
LH:19
BRDA:22,0,0,18
BRDA:22,0,1,0
BRDA:29,1,0,0
BRDA:29,1,1,6
BRDA:30,2,0,0
BRDA:30,2,1,0
BRDA:41,3,0,4
BRDA:49,4,0,0
BRDA:49,4,1,0
BRF:9
BRH:3
end_of_record
TN:
SF:src\etl\streaming\pipeline\runner.ts
FN:27,runStreamingEtl
FN:88,lineGenerator
FN:176,(anonymous_2)
FN:179,(anonymous_3)
FN:185,(anonymous_4)
FN:220,(anonymous_5)
FN:261,(anonymous_6)
FNF:7
FNH:5
FNDA:5,runStreamingEtl
FNDA:4,lineGenerator
FNDA:4,(anonymous_2)
FNDA:12,(anonymous_3)
FNDA:0,(anonymous_4)
FNDA:0,(anonymous_5)
FNDA:12,(anonymous_6)
DA:1,4
DA:2,4
DA:3,4
DA:4,4
DA:5,4
DA:6,4
DA:14,4
DA:15,4
DA:16,4
DA:17,4
DA:18,4
DA:24,4
DA:25,4
DA:27,4
DA:28,5
DA:29,1
DA:31,4
DA:32,4
DA:33,4
DA:34,4
DA:35,4
DA:37,4
DA:38,0
DA:41,4
DA:43,4
DA:44,4
DA:45,4
DA:46,4
DA:52,4
DA:53,4
DA:54,4
DA:55,4
DA:56,4
DA:57,0
DA:69,0
DA:70,0
DA:71,0
DA:74,4
DA:76,4
DA:79,4
DA:80,0
DA:83,4
DA:84,4
DA:85,4
DA:86,4
DA:89,4
DA:90,4
DA:91,4
DA:92,4
DA:93,4
DA:95,0
DA:96,0
DA:97,0
DA:101,4
DA:102,4
DA:103,6
DA:104,0
DA:106,6
DA:107,6
DA:108,2
DA:109,2
DA:110,2
DA:111,2
DA:112,2
DA:114,0
DA:115,0
DA:116,0
DA:120,2
DA:121,0
DA:127,0
DA:130,2
DA:131,2
DA:132,0
DA:134,2
DA:135,0
DA:137,2
DA:138,0
DA:140,2
DA:141,0
DA:144,2
DA:145,0
DA:151,2
DA:153,0
DA:156,0
DA:168,4
DA:174,4
DA:175,4
DA:177,4
DA:179,12
DA:186,0
DA:187,0
DA:193,0
DA:202,0
DA:203,0
DA:204,0
DA:205,0
DA:206,0
DA:207,0
DA:208,0
DA:209,0
DA:211,0
DA:212,0
DA:213,0
DA:220,0
DA:223,0
DA:224,0
DA:225,0
DA:226,0
DA:233,0
DA:239,0
DA:243,4
DA:244,4
DA:245,0
DA:246,0
DA:247,0
DA:250,4
DA:252,4
DA:253,4
DA:261,12
DA:268,4
DA:269,0
DA:275,0
DA:276,0
DA:277,0
DA:278,0
DA:282,4
DA:297,4
DA:298,4
DA:299,4
LF:129
LH:78
BRDA:28,0,0,1
BRDA:28,0,1,4
BRDA:28,1,0,5
BRDA:28,1,1,2
BRDA:33,2,0,4
BRDA:33,2,1,4
BRDA:34,3,0,4
BRDA:34,3,1,4
BRDA:35,4,0,4
BRDA:35,4,1,4
BRDA:37,5,0,0
BRDA:37,5,1,4
BRDA:41,6,0,0
BRDA:41,6,1,4
BRDA:41,7,0,4
BRDA:41,7,1,0
BRDA:43,8,0,0
BRDA:43,8,1,4
BRDA:43,9,0,4
BRDA:43,9,1,0
BRDA:45,10,0,1
BRDA:45,10,1,3
BRDA:56,11,0,0
BRDA:56,11,1,4
BRDA:60,12,0,0
BRDA:60,12,1,0
BRDA:67,13,0,0
BRDA:67,13,1,0
BRDA:69,14,0,0
BRDA:69,14,1,0
BRDA:76,15,0,0
BRDA:76,15,1,4
BRDA:76,16,0,4
BRDA:76,16,1,0
BRDA:76,16,2,0
BRDA:79,17,0,0
BRDA:79,17,1,4
BRDA:83,18,0,4
BRDA:83,18,1,4
BRDA:85,19,0,4
BRDA:85,19,1,4
BRDA:86,20,0,4
BRDA:86,20,1,2
BRDA:92,21,0,4
BRDA:92,21,1,0
BRDA:96,22,0,0
BRDA:96,22,1,0
BRDA:96,23,0,0
BRDA:96,23,1,0
BRDA:103,24,0,0
BRDA:103,24,1,6
BRDA:107,25,0,4
BRDA:107,25,1,2
BRDA:111,26,0,2
BRDA:111,26,1,0
BRDA:115,27,0,0
BRDA:115,27,1,0
BRDA:115,28,0,0
BRDA:115,28,1,0
BRDA:120,29,0,0
BRDA:120,29,1,2
BRDA:120,30,0,2
BRDA:120,30,1,0
BRDA:125,31,0,0
BRDA:125,31,1,0
BRDA:125,31,2,0
BRDA:130,32,0,2
BRDA:130,32,1,2
BRDA:130,32,2,2
BRDA:131,33,0,0
BRDA:131,33,1,2
BRDA:131,34,0,2
BRDA:131,34,1,0
BRDA:134,35,0,0
BRDA:134,35,1,2
BRDA:134,36,0,2
BRDA:134,36,1,0
BRDA:137,37,0,0
BRDA:137,37,1,2
BRDA:137,38,0,2
BRDA:137,38,1,0
BRDA:140,39,0,0
BRDA:140,39,1,2
BRDA:140,40,0,2
BRDA:140,40,1,0
BRDA:144,41,0,0
BRDA:144,41,1,2
BRDA:144,42,0,2
BRDA:144,42,1,0
BRDA:151,43,0,0
BRDA:151,43,1,2
BRDA:151,44,0,2
BRDA:151,44,1,0
BRDA:151,44,2,0
BRDA:153,45,0,0
BRDA:153,45,1,0
BRDA:153,46,0,0
BRDA:153,46,1,0
BRDA:161,47,0,0
BRDA:161,47,1,0
BRDA:186,48,0,0
BRDA:186,48,1,0
BRDA:191,49,0,0
BRDA:191,49,1,0
BRDA:191,49,2,0
BRDA:202,50,0,0
BRDA:202,50,1,0
BRDA:203,51,0,0
BRDA:203,51,1,0
BRDA:204,52,0,0
BRDA:204,52,1,0
BRDA:205,53,0,0
BRDA:205,53,1,0
BRDA:206,54,0,0
BRDA:206,54,1,0
BRDA:208,55,0,0
BRDA:208,55,1,0
BRDA:218,56,0,0
BRDA:218,56,1,0
BRDA:223,57,0,0
BRDA:223,57,1,0
BRDA:223,58,0,0
BRDA:223,58,1,0
BRDA:223,58,2,0
BRDA:228,59,0,0
BRDA:228,59,1,0
BRDA:244,60,0,0
BRDA:244,60,1,4
BRDA:244,61,0,4
BRDA:244,61,1,0
BRDA:244,61,2,0
BRDA:252,62,0,3
BRDA:252,62,1,1
BRDA:263,63,0,4
BRDA:263,63,1,4
BRDA:264,64,0,4
BRDA:264,64,1,4
BRDA:265,65,0,4
BRDA:265,65,1,4
BRDA:268,66,0,0
BRDA:268,66,1,4
BRDA:277,67,0,0
BRDA:277,67,1,0
BRF:143
BRH:60
end_of_record
TN:
SF:src\etl\streaming\pipeline\sourceStream.ts
FN:18,getSourceStream
FN:52,(anonymous_1)
FNF:2
FNH:1
FNDA:4,getSourceStream
FNDA:0,(anonymous_1)
DA:1,4
DA:2,4
DA:3,4
DA:4,4
DA:18,4
DA:19,4
DA:20,4
DA:22,4
DA:23,2
DA:24,0
DA:26,2
DA:34,2
DA:35,1
DA:36,0
DA:38,1
DA:46,1
DA:47,1
DA:48,0
DA:50,1
DA:51,1
DA:53,0
DA:56,1
DA:59,0
LF:23
LH:18
BRDA:18,0,0,0
BRDA:20,1,0,0
BRDA:20,1,1,4
BRDA:22,2,0,2
BRDA:22,2,1,2
BRDA:23,3,0,0
BRDA:23,3,1,2
BRDA:29,4,0,2
BRDA:29,4,1,2
BRDA:34,5,0,1
BRDA:34,5,1,1
BRDA:35,6,0,0
BRDA:35,6,1,1
BRDA:40,7,0,1
BRDA:40,7,1,0
BRDA:41,8,0,1
BRDA:41,8,1,1
BRDA:46,9,0,1
BRDA:46,9,1,0
BRDA:47,10,0,0
BRDA:47,10,1,1
BRDA:50,11,0,0
BRDA:50,11,1,1
BRDA:51,12,0,1
BRDA:51,12,1,0
BRF:25
BRH:16
end_of_record
TN:
SF:src\etl\streaming\sources\apiSource.ts
FN:17,sleep
FN:18,(anonymous_1)
FN:21,pathGet
FN:26,(anonymous_3)
FN:34,fetchWithRetry
FN:58,normalizeRecords
FN:60,(anonymous_6)
FN:72,apiRowSource
FN:98,fetchPage
FN:111,(anonymous_9)
FN:113,(anonymous_10)
FNF:11
FNH:0
FNDA:0,sleep
FNDA:0,(anonymous_1)
FNDA:0,pathGet
FNDA:0,(anonymous_3)
FNDA:0,fetchWithRetry
FNDA:0,normalizeRecords
FNDA:0,(anonymous_6)
FNDA:0,apiRowSource
FNDA:0,fetchPage
FNDA:0,(anonymous_9)
FNDA:0,(anonymous_10)
DA:18,0
DA:22,0
DA:23,0
DA:27,0
DA:28,0
DA:30,0
DA:39,0
DA:40,0
DA:41,0
DA:42,0
DA:43,0
DA:44,0
DA:45,0
DA:46,0
DA:47,0
DA:49,0
DA:51,0
DA:52,0
DA:53,0
DA:59,0
DA:60,0
DA:61,0
DA:66,0
DA:67,0
DA:69,0
DA:72,3
DA:87,0
DA:90,0
DA:91,0
DA:92,0
DA:93,0
DA:94,0
DA:95,0
DA:96,0
DA:99,0
DA:100,0
DA:102,0
DA:103,0
DA:104,0
DA:105,0
DA:108,0
DA:109,0
DA:110,0
DA:111,0
DA:113,0
DA:114,0
DA:115,0
DA:125,0
DA:126,0
DA:128,0
DA:129,0
DA:131,0
DA:135,0
DA:136,0
DA:137,0
DA:139,0
DA:140,0
DA:141,0
DA:142,0
DA:144,0
DA:145,0
DA:147,0
DA:148,0
DA:150,0
DA:152,0
DA:153,0
DA:154,0
LF:67
LH:1
BRDA:22,0,0,0
BRDA:22,0,1,0
BRDA:27,1,0,0
BRDA:27,1,1,0
BRDA:27,2,0,0
BRDA:27,2,1,0
BRDA:27,2,2,0
BRDA:43,3,0,0
BRDA:43,3,1,0
BRDA:44,4,0,0
BRDA:44,4,1,0
BRDA:44,5,0,0
BRDA:44,5,1,0
BRDA:51,6,0,0
BRDA:51,6,1,0
BRDA:59,7,0,0
BRDA:59,7,1,0
BRDA:61,8,0,0
BRDA:61,8,1,0
BRDA:61,9,0,0
BRDA:61,9,1,0
BRDA:61,9,2,0
BRDA:66,10,0,0
BRDA:66,10,1,0
BRDA:66,11,0,0
BRDA:66,11,1,0
BRDA:74,12,0,0
BRDA:78,13,0,0
BRDA:79,14,0,0
BRDA:81,15,0,0
BRDA:82,16,0,0
BRDA:83,17,0,0
BRDA:84,18,0,0
BRDA:85,19,0,0
BRDA:86,20,0,0
BRDA:93,21,0,0
BRDA:93,21,1,0
BRDA:99,22,0,0
BRDA:99,22,1,0
BRDA:102,23,0,0
BRDA:102,23,1,0
BRDA:102,24,0,0
BRDA:102,24,1,0
BRDA:104,25,0,0
BRDA:104,25,1,0
BRDA:110,26,0,0
BRDA:110,26,1,0
BRDA:120,27,0,0
BRDA:120,27,1,0
BRDA:128,28,0,0
BRDA:128,28,1,0
BRDA:128,29,0,0
BRDA:128,29,1,0
BRDA:135,30,0,0
BRDA:135,30,1,0
BRDA:136,31,0,0
BRDA:136,31,1,0
BRDA:140,32,0,0
BRDA:140,32,1,0
BRDA:144,33,0,0
BRDA:144,33,1,0
BRDA:144,34,0,0
BRDA:144,34,1,0
BRDA:147,35,0,0
BRDA:147,35,1,0
BRDA:147,36,0,0
BRDA:147,36,1,0
BRF:67
BRH:0
end_of_record
TN:
SF:src\etl\streaming\sources\csvSource.ts
FN:8,detectDelimiterFromFirstLine
FN:25,(anonymous_2)
FN:27,(anonymous_3)
FN:32,(anonymous_4)
FN:57,(anonymous_5)
FN:77,csvRowSource
FN:100,(anonymous_7)
FN:100,(anonymous_8)
FNF:8
FNH:0
FNDA:0,detectDelimiterFromFirstLine
FNDA:0,(anonymous_2)
FNDA:0,(anonymous_3)
FNDA:0,(anonymous_4)
FNDA:0,(anonymous_5)
FNDA:0,csvRowSource
FNDA:0,(anonymous_7)
FNDA:0,(anonymous_8)
DA:1,3
DA:2,3
DA:3,3
DA:4,3
DA:5,3
DA:9,0
DA:10,0
DA:11,0
DA:20,0
DA:21,0
DA:26,0
DA:27,0
DA:28,0
DA:37,0
DA:38,0
DA:39,0
DA:40,0
DA:41,0
DA:43,0
DA:44,0
DA:45,0
DA:46,0
DA:47,0
DA:48,0
DA:49,0
DA:50,0
DA:51,0
DA:52,0
DA:54,0
DA:58,0
DA:59,0
DA:60,0
DA:61,0
DA:62,0
DA:64,0
DA:66,0
DA:77,3
DA:83,0
DA:84,0
DA:85,0
DA:86,0
DA:88,0
DA:89,0
DA:92,0
DA:93,0
DA:100,0
DA:104,0
DA:105,0
DA:106,0
DA:107,0
DA:109,0
DA:110,0
DA:111,0
DA:113,0
LF:54
LH:6
BRDA:9,0,0,0
BRDA:9,0,1,0
BRDA:10,1,0,0
BRDA:10,1,1,0
BRDA:11,2,0,0
BRDA:11,2,1,0
BRDA:37,3,0,0
BRDA:37,3,1,0
BRDA:38,4,0,0
BRDA:38,4,1,0
BRDA:43,5,0,0
BRDA:43,5,1,0
BRDA:46,6,0,0
BRDA:46,6,1,0
BRDA:58,7,0,0
BRDA:58,7,1,0
BRDA:59,8,0,0
BRDA:59,8,1,0
BRDA:80,9,0,0
BRDA:81,10,0,0
BRDA:83,11,0,0
BRDA:85,12,0,0
BRDA:85,12,1,0
BRDA:86,13,0,0
BRDA:86,13,1,0
BRDA:92,14,0,0
BRDA:92,14,1,0
BRDA:106,15,0,0
BRDA:106,15,1,0
BRDA:109,16,0,0
BRDA:109,16,1,0
BRF:31
BRH:0
end_of_record
TN:
SF:src\etl\streaming\sources\jsonSource.ts
FN:10,asObjectRow
FN:24,ndjsonSource
FN:58,jsonArraySource
FN:84,jsonRowSource
FNF:4
FNH:0
FNDA:0,asObjectRow
FNDA:0,ndjsonSource
FNDA:0,jsonArraySource
FNDA:0,jsonRowSource
DA:1,3
DA:2,3
DA:3,3
DA:4,3
DA:5,3
DA:8,3
DA:11,0
DA:12,0
DA:14,0
DA:30,0
DA:31,0
DA:32,0
DA:33,0
DA:34,0
DA:35,0
DA:36,0
DA:37,0
DA:38,0
DA:40,0
DA:41,0
DA:42,0
DA:43,0
DA:44,0
DA:45,0
DA:46,0
DA:47,0
DA:49,0
DA:51,0
DA:64,0
DA:65,0
DA:66,0
DA:67,0
DA:68,0
DA:69,0
DA:71,0
DA:72,0
DA:73,0
DA:74,0
DA:76,0
DA:77,0
DA:78,0
DA:80,0
DA:84,3
DA:90,0
DA:91,0
DA:92,0
DA:93,0
DA:95,0
LF:48
LH:7
BRDA:11,0,0,0
BRDA:11,0,1,0
BRDA:11,1,0,0
BRDA:11,1,1,0
BRDA:11,1,2,0
BRDA:31,2,0,0
BRDA:31,2,1,0
BRDA:32,3,0,0
BRDA:32,3,1,0
BRDA:37,4,0,0
BRDA:37,4,1,0
BRDA:42,5,0,0
BRDA:42,5,1,0
BRDA:45,6,0,0
BRDA:45,6,1,0
BRDA:65,7,0,0
BRDA:65,7,1,0
BRDA:66,8,0,0
BRDA:66,8,1,0
BRDA:73,9,0,0
BRDA:73,9,1,0
BRDA:76,10,0,0
BRDA:76,10,1,0
BRDA:86,11,0,0
BRDA:87,12,0,0
BRDA:88,13,0,0
BRDA:90,14,0,0
BRDA:91,15,0,0
BRDA:91,15,1,0
BRF:29
BRH:0
end_of_record
TN:
SF:src\lib\actionKey.ts
FN:11,getAdminActionKey
FN:33,assertAdminActionKey
FNF:2
FNH:0
FNDA:0,getAdminActionKey
FNDA:0,assertAdminActionKey
DA:1,3
DA:2,3
DA:11,3
DA:12,0
DA:13,0
DA:14,0
DA:15,0
DA:16,0
DA:17,0
DA:21,0
DA:22,0
DA:24,0
DA:25,0
DA:27,0
DA:33,3
DA:34,0
DA:35,0
DA:36,0
LF:18
LH:4
BRDA:13,0,0,0
BRDA:13,0,1,0
BRDA:15,1,0,0
BRDA:15,1,1,0
BRDA:16,2,0,0
BRDA:16,2,1,0
BRDA:18,3,0,0
BRDA:18,3,1,0
BRDA:24,4,0,0
BRDA:24,4,1,0
BRDA:35,5,0,0
BRDA:35,5,1,0
BRDA:35,6,0,0
BRDA:35,6,1,0
BRF:14
BRH:0
end_of_record
TN:
SF:src\lib\assertOwnership.ts
FN:9,assertKundeOwnership
FNF:1
FNH:1
FNDA:3,assertKundeOwnership
DA:1,4
DA:9,4
DA:10,3
DA:12,2
DA:13,1
LF:5
LH:5
BRDA:10,0,0,1
BRDA:10,0,1,2
BRDA:12,1,0,1
BRDA:12,1,1,1
BRDA:12,2,0,2
BRDA:12,2,1,2
BRF:6
BRH:6
end_of_record
TN:
SF:src\lib\asyncUtils.ts
FN:9,withTimeout
FN:14,(anonymous_1)
FN:15,(anonymous_2)
FN:20,(anonymous_3)
FN:24,(anonymous_4)
FN:31,sleep
FN:32,(anonymous_6)
FN:35,withRetry
FN:61,isRetryableHttpStatus
FN:66,isTransientError
FNF:10
FNH:9
FNDA:2,withTimeout
FNDA:2,(anonymous_1)
FNDA:1,(anonymous_2)
FNDA:1,(anonymous_3)
FNDA:0,(anonymous_4)
FNDA:2,sleep
FNDA:2,(anonymous_6)
FNDA:3,withRetry
FNDA:3,isRetryableHttpStatus
FNDA:7,isTransientError
DA:1,4
DA:9,4
DA:14,2
DA:15,2
DA:16,1
DA:19,2
DA:21,1
DA:22,1
DA:25,0
DA:26,0
DA:32,2
DA:35,4
DA:39,3
DA:40,3
DA:41,3
DA:45,3
DA:46,5
DA:47,5
DA:49,4
DA:50,4
DA:51,2
DA:53,2
DA:57,0
DA:61,4
DA:62,3
DA:66,4
DA:67,7
DA:68,3
DA:70,4
DA:71,3
DA:73,1
DA:74,0
DA:76,1
DA:77,0
DA:79,1
LF:35
LH:30
BRDA:12,0,0,1
BRDA:37,1,0,0
BRDA:39,2,0,3
BRDA:39,2,1,0
BRDA:40,3,0,3
BRDA:40,3,1,0
BRDA:41,4,0,3
BRDA:41,4,1,3
BRDA:50,5,0,2
BRDA:50,5,1,2
BRDA:50,6,0,4
BRDA:50,6,1,4
BRDA:62,7,0,3
BRDA:62,7,1,2
BRDA:62,7,2,2
BRDA:62,7,3,2
BRDA:67,8,0,3
BRDA:67,8,1,4
BRDA:70,9,0,3
BRDA:70,9,1,1
BRDA:73,10,0,0
BRDA:73,10,1,1
BRDA:73,11,0,1
BRDA:73,11,1,0
BRDA:76,12,0,0
BRDA:76,12,1,1
BRDA:76,13,0,1
BRDA:76,13,1,1
BRF:28
BRH:22
end_of_record
TN:
SF:src\lib\collections.ts
FN:1,chunk
FN:10,splitEvenly
FN:16,asyncPool
FN:26,worker
FN:34,(anonymous_4)
FN:39,groupBy
FN:52,keyBy
FN:63,uniqueBy
FN:77,sortByNb
FN:78,(anonymous_9)
FNF:10
FNH:7
FNDA:2,chunk
FNDA:1,splitEvenly
FNDA:1,asyncPool
FNDA:2,worker
FNDA:2,(anonymous_4)
FNDA:0,groupBy
FNDA:0,keyBy
FNDA:0,uniqueBy
FNDA:1,sortByNb
FNDA:4,(anonymous_9)
DA:1,1
DA:2,2
DA:3,2
DA:4,2
DA:5,5
DA:7,2
DA:10,1
DA:11,1
DA:12,1
DA:13,1
DA:16,1
DA:21,1
DA:23,1
DA:24,1
DA:27,2
DA:28,4
DA:29,4
DA:30,4
DA:34,2
DA:35,1
DA:36,1
DA:39,1
DA:43,0
DA:44,0
DA:45,0
DA:46,0
DA:47,0
DA:49,0
DA:52,1
DA:56,0
DA:57,0
DA:58,0
DA:60,0
DA:63,1
DA:64,0
DA:65,0
DA:66,0
DA:67,0
DA:68,0
DA:69,0
DA:70,0
DA:72,0
DA:75,1
DA:77,1
DA:78,4
LF:45
LH:27
BRDA:2,0,0,0
BRDA:2,0,1,2
BRDA:2,1,0,2
BRDA:2,1,1,2
BRDA:11,2,0,0
BRDA:11,2,1,1
BRDA:11,3,0,1
BRDA:11,3,1,1
BRDA:21,4,0,0
BRDA:21,4,1,1
BRDA:21,5,0,1
BRDA:21,5,1,1
BRDA:46,6,0,0
BRDA:46,6,1,0
BRDA:68,7,0,0
BRDA:68,7,1,0
BRF:16
BRH:9
end_of_record
TN:
SF:src\lib\env.ts
FN:51,validateEnv
FN:120,getEnv
FNF:2
FNH:2
FNDA:7,validateEnv
FNDA:7,getEnv
DA:1,4
DA:2,4
DA:4,4
DA:10,4
DA:51,4
DA:52,7
DA:55,7
DA:56,7
DA:57,0
DA:58,0
DA:59,0
DA:60,0
DA:64,0
DA:65,0
DA:66,0
DA:67,0
DA:68,0
DA:70,0
DA:71,0
DA:72,0
DA:74,0
DA:75,0
DA:76,0
DA:77,0
DA:78,0
DA:80,0
DA:84,7
DA:85,0
DA:86,0
DA:88,0
DA:89,0
DA:93,0
DA:94,0
DA:96,0
DA:97,0
DA:99,0
DA:100,0
DA:101,0
DA:103,0
DA:104,0
DA:106,0
DA:113,7
DA:115,7
DA:119,4
DA:120,4
DA:121,7
DA:122,4
DA:124,7
DA:127,4
LF:49
LH:17
BRDA:55,0,0,7
BRDA:55,0,1,0
BRDA:57,1,0,0
BRDA:57,1,1,0
BRDA:68,2,0,0
BRDA:68,2,1,0
BRDA:75,3,0,0
BRDA:75,3,1,0
BRDA:84,4,0,0
BRDA:84,4,1,7
BRDA:85,5,0,0
BRDA:85,5,1,0
BRDA:88,6,0,0
BRDA:88,6,1,0
BRDA:93,7,0,0
BRDA:93,7,1,0
BRDA:96,8,0,0
BRDA:96,8,1,0
BRDA:100,9,0,0
BRDA:100,9,1,0
BRDA:121,10,0,4
BRDA:121,10,1,3
BRF:22
BRH:4
end_of_record
TN:
SF:src\lib\etlProgress.ts
FN:2,computeEtlProgressPercent
FNF:1
FNH:0
FNDA:0,computeEtlProgressPercent
DA:2,3
DA:6,0
DA:7,0
DA:8,0
LF:4
LH:1
BRDA:6,0,0,0
BRDA:6,0,1,0
BRDA:6,1,0,0
BRDA:6,1,1,0
BRF:4
BRH:0
end_of_record
TN:
SF:src\lib\fsUtil.ts
FN:5,unlinkIfExists
FNF:1
FNH:0
FNDA:0,unlinkIfExists
DA:1,3
DA:2,3
DA:5,3
DA:6,0
DA:7,0
DA:9,0
DA:10,0
DA:11,0
LF:8
LH:3
BRDA:10,0,0,0
BRDA:10,0,1,0
BRF:2
BRH:0
end_of_record
TN:
SF:src\lib\jwt.ts
FN:8,allowsFallbackSecret
FN:20,getJwtSecret
FNF:2
FNH:2
FNDA:12,allowsFallbackSecret
FNDA:12,getJwtSecret
DA:1,5
DA:9,12
DA:10,12
DA:20,5
DA:21,12
DA:22,12
DA:23,12
DA:24,0
DA:29,12
DA:32,12
DA:34,0
DA:38,5
LF:12
LH:10
BRDA:10,0,0,12
BRDA:10,0,1,12
BRDA:22,1,0,12
BRDA:22,1,1,0
BRDA:23,2,0,0
BRDA:23,2,1,12
BRDA:25,3,0,0
BRDA:25,3,1,0
BRF:8
BRH:4
end_of_record
TN:
SF:src\lib\listResponse.ts
FN:14,buildListResponse
FNF:1
FNH:1
FNDA:1,buildListResponse
DA:14,3
DA:18,1
DA:19,1
LF:3
LH:3
BRDA:25,0,0,1
BRDA:25,0,1,0
BRF:2
BRH:1
end_of_record
TN:
SF:src\lib\logger.ts
FN:20,(anonymous_1)
FN:27,(anonymous_2)
FNF:2
FNH:1
FNDA:0,(anonymous_1)
FNDA:50,(anonymous_2)
DA:1,12
DA:3,12
DA:5,12
DA:20,0
DA:27,50
DA:30,12
DA:31,12
DA:32,12
DA:33,12
DA:35,12
LF:10
LH:9
BRDA:6,0,0,12
BRDA:6,0,1,12
BRDA:6,1,0,12
BRDA:6,1,1,0
BRDA:7,2,0,12
BRDA:7,2,1,0
BRDA:18,3,0,12
BRDA:18,3,1,0
BRF:8
BRH:5
end_of_record
TN:
SF:src\lib\orderTotals.ts
FN:17,summarizeOrderLines
FN:48,round2
FNF:2
FNH:2
FNDA:3,summarizeOrderLines
FNDA:12,round2
DA:15,4
DA:17,4
DA:21,3
DA:22,3
DA:24,3
DA:25,4
DA:27,4
DA:31,4
DA:32,4
DA:35,3
DA:36,3
DA:37,3
DA:39,3
DA:49,12
LF:14
LH:14
BRDA:19,0,0,3
BRDA:25,1,0,4
BRDA:25,1,1,0
BRDA:27,2,0,3
BRDA:27,2,1,1
BRDA:29,3,0,1
BRDA:29,3,1,0
BRDA:37,4,0,3
BRDA:37,4,1,0
BRF:9
BRH:6
end_of_record
TN:
SF:src\lib\orderWorkflow.ts
FN:25,isOrderWorkflowStatus
FN:50,(anonymous_1)
FN:67,getNextWorkflowStatuses
FN:71,canTransition
FNF:4
FNH:4
FNDA:2,isOrderWorkflowStatus
FNDA:12,(anonymous_1)
FNDA:2,getNextWorkflowStatuses
FNDA:19,canTransition
DA:1,4
DA:14,4
DA:25,4
DA:26,2
DA:30,4
DA:41,4
DA:50,12
DA:53,4
DA:67,4
DA:68,2
DA:71,4
DA:75,19
DA:76,18
LF:13
LH:13
BRDA:75,0,0,1
BRDA:75,0,1,18
BRF:2
BRH:2
end_of_record
TN:
SF:src\lib\paginatedQuery.ts
FN:7,extractWindowCountPage
FN:11,(anonymous_1)
FNF:2
FNH:0
FNDA:0,extractWindowCountPage
FNDA:0,(anonymous_1)
DA:7,4
DA:10,0
DA:11,0
DA:12,0
LF:4
LH:1
BRDA:10,0,0,0
BRDA:10,0,1,0
BRDA:10,1,0,0
BRDA:10,1,1,0
BRF:4
BRH:0
end_of_record
TN:
SF:src\lib\password.ts
FN:5,hashPassword
FN:9,verifyPassword
FNF:2
FNH:2
FNDA:1,hashPassword
FNDA:5,verifyPassword
DA:1,3
DA:3,3
DA:5,3
DA:6,1
DA:9,3
DA:10,5
LF:6
LH:6
BRF:0
BRH:0
end_of_record
TN:
SF:src\lib\sqlSearch.ts
FN:2,escapeLikeMetacharacters
FN:10,toIlikeContains
FNF:2
FNH:0
FNDA:0,escapeLikeMetacharacters
FNDA:0,toIlikeContains
DA:3,0
DA:10,4
DA:11,0
DA:12,0
DA:13,0
LF:5
LH:1
BRDA:12,0,0,0
BRDA:12,0,1,0
BRF:2
BRH:0
end_of_record
TN:
SF:src\lib\sqlSort.ts
FN:2,buildOrderByClause
FNF:1
FNH:0
FNDA:0,buildOrderByClause
DA:2,3
DA:8,0
DA:9,0
DA:10,0
LF:4
LH:1
BRDA:8,0,0,0
BRDA:8,0,1,0
BRDA:8,1,0,0
BRDA:8,1,1,0
BRDA:9,2,0,0
BRDA:9,2,1,0
BRF:6
BRH:0
end_of_record
TN:
SF:src\lib\tableEstimate.ts
FN:4,estimateTableRowCount
FNF:1
FNH:0
FNDA:0,estimateTableRowCount
DA:1,3
DA:4,3
DA:5,0
DA:12,0
LF:4
LH:2
BRDA:4,0,0,0
BRDA:12,1,0,0
BRDA:12,1,1,0
BRF:3
BRH:0
end_of_record
TN:
SF:src\lib\trigramIndexes.ts
FN:36,ensureTrigramSearchIndexes
FNF:1
FNH:0
FNDA:0,ensureTrigramSearchIndexes
DA:1,4
DA:2,4
DA:8,4
DA:36,4
DA:37,0
DA:38,0
DA:40,0
LF:7
LH:4
BRF:0
BRH:0
end_of_record
TN:
SF:src\middleware\apiMetrics.ts
FN:23,apiMetricsMiddleware
FN:27,(anonymous_1)
FN:78,getApiMetrics
FN:82,(anonymous_3)
FN:88,getApiMetricsSummary
FN:91,(anonymous_5)
FN:92,(anonymous_6)
FN:94,(anonymous_7)
FN:117,clearApiMetrics
FNF:9
FNH:2
FNDA:24,apiMetricsMiddleware
FNDA:24,(anonymous_1)
FNDA:0,getApiMetrics
FNDA:0,(anonymous_3)
FNDA:0,getApiMetricsSummary
FNDA:0,(anonymous_5)
FNDA:0,(anonymous_6)
FNDA:0,(anonymous_7)
FNDA:0,clearApiMetrics
DA:16,3
DA:17,3
DA:18,3
DA:23,3
DA:24,24
DA:27,24
DA:28,24
DA:29,24
DA:32,24
DA:33,24
DA:34,9
DA:48,24
DA:49,24
DA:50,24
DA:51,24
DA:54,24
DA:59,24
DA:60,0
DA:64,24
DA:65,24
DA:66,0
DA:69,24
DA:72,24
DA:78,3
DA:79,0
DA:82,0
DA:88,3
DA:89,0
DA:91,0
DA:92,0
DA:93,0
DA:94,0
DA:96,0
DA:117,3
DA:118,0
LF:35
LH:24
BRDA:29,0,0,24
BRDA:29,0,1,0
BRDA:33,1,0,9
BRDA:33,1,1,15
BRDA:35,2,0,9
BRDA:35,2,1,0
BRDA:59,3,0,0
BRDA:59,3,1,24
BRDA:65,4,0,0
BRDA:65,4,1,24
BRDA:93,5,0,0
BRDA:93,5,1,0
BRDA:94,6,0,0
BRDA:94,6,1,0
BRDA:100,7,0,0
BRDA:100,7,1,0
BRDA:105,8,0,0
BRDA:105,8,1,0
BRDA:110,9,0,0
BRDA:110,9,1,0
BRF:20
BRH:6
end_of_record
TN:
SF:src\middleware\auth.ts
FN:27,(anonymous_1)
FN:46,(anonymous_2)
FN:49,invalidateTokenVersionCache
FN:54,getCurrentTokenVersion
FN:64,(anonymous_5)
FN:112,(anonymous_6)
FN:113,(anonymous_7)
FNF:7
FNH:7
FNDA:8,(anonymous_1)
FNDA:8,(anonymous_2)
FNDA:11,invalidateTokenVersionCache
FNDA:8,getCurrentTokenVersion
FNDA:12,(anonymous_5)
FNDA:33,(anonymous_6)
FNDA:8,(anonymous_7)
DA:2,3
DA:3,3
DA:4,3
DA:5,3
DA:6,3
DA:19,3
DA:27,8
DA:41,3
DA:42,3
DA:45,3
DA:46,8
DA:49,3
DA:50,11
DA:51,1
DA:55,8
DA:56,8
DA:57,0
DA:59,8
DA:60,7
DA:61,7
DA:64,3
DA:69,12
DA:71,12
DA:72,2
DA:75,10
DA:77,10
DA:78,10
DA:79,9
DA:80,9
DA:81,1
DA:89,8
DA:90,8
DA:91,7
DA:92,1
DA:94,6
DA:98,1
DA:101,1
DA:102,1
DA:105,5
DA:106,5
DA:108,1
DA:112,3
DA:113,33
DA:114,8
DA:115,1
DA:118,7
DA:119,3
DA:122,4
LF:48
LH:47
BRDA:31,0,0,0
BRDA:31,0,1,8
BRDA:32,1,0,4
BRDA:32,1,1,4
BRDA:50,2,0,10
BRDA:50,2,1,1
BRDA:56,3,0,0
BRDA:56,3,1,8
BRDA:56,4,0,8
BRDA:56,4,1,0
BRDA:71,5,0,2
BRDA:71,5,1,10
BRDA:71,6,0,12
BRDA:71,6,1,11
BRDA:80,7,0,1
BRDA:80,7,1,8
BRDA:91,8,0,1
BRDA:91,8,1,6
BRDA:94,9,0,1
BRDA:94,9,1,5
BRDA:95,10,0,6
BRDA:95,10,1,4
BRDA:114,11,0,1
BRDA:114,11,1,7
BRDA:118,12,0,3
BRDA:118,12,1,4
BRF:26
BRH:23
end_of_record
TN:
SF:src\middleware\errorHandler.ts
FN:24,(anonymous_0)
FN:36,(anonymous_1)
FN:45,(anonymous_2)
FN:54,(anonymous_3)
FN:63,(anonymous_4)
FN:71,(anonymous_5)
FN:139,(anonymous_6)
FN:141,(anonymous_7)
FNF:8
FNH:8
FNDA:23,(anonymous_0)
FNDA:9,(anonymous_1)
FNDA:3,(anonymous_2)
FNDA:4,(anonymous_3)
FNDA:4,(anonymous_4)
FNDA:13,(anonymous_5)
FNDA:357,(anonymous_6)
FNDA:24,(anonymous_7)
DA:12,10
DA:20,10
DA:25,23
DA:26,23
DA:27,23
DA:28,23
DA:35,10
DA:37,9
DA:44,10
DA:46,3
DA:53,10
DA:55,4
DA:62,10
DA:64,4
DA:71,10
DA:78,13
DA:85,13
DA:87,13
DA:88,0
DA:90,13
DA:92,13
DA:99,0
DA:100,0
DA:101,0
DA:107,0
DA:108,0
DA:109,0
DA:116,0
DA:118,0
DA:139,10
DA:141,357
DA:142,24
LF:32
LH:23
BRDA:24,0,0,0
BRDA:24,1,0,23
BRDA:36,2,0,0
BRDA:45,3,0,0
BRDA:54,4,0,0
BRDA:63,5,0,0
BRDA:85,6,0,13
BRDA:85,6,1,0
BRDA:87,7,0,0
BRDA:87,7,1,13
BRDA:99,8,0,0
BRDA:99,8,1,0
BRDA:107,9,0,0
BRDA:107,9,1,0
BRDA:120,10,0,0
BRDA:120,10,1,0
BRDA:121,11,0,0
BRDA:121,11,1,0
BRF:18
BRH:3
end_of_record
TN:
SF:src\middleware\productionSafety.ts
FN:10,isDestructiveEtlEnabled
FN:20,isSchedulerJobsEnabled
FN:30,requireDestructiveEtl
FN:44,assertAdminActionKeyStrength
FNF:4
FNH:0
FNDA:0,isDestructiveEtlEnabled
FNDA:0,isSchedulerJobsEnabled
FNDA:0,requireDestructiveEtl
FNDA:0,assertAdminActionKeyStrength
DA:2,4
DA:4,4
DA:10,4
DA:11,0
DA:12,0
DA:13,0
DA:14,0
DA:20,4
DA:21,0
DA:22,0
DA:23,0
DA:24,0
DA:30,4
DA:31,0
DA:32,0
DA:38,0
DA:44,4
DA:45,0
DA:46,0
DA:48,0
DA:49,0
LF:21
LH:6
BRDA:12,0,0,0
BRDA:12,0,1,0
BRDA:12,1,0,0
BRDA:12,1,1,0
BRDA:13,2,0,0
BRDA:13,2,1,0
BRDA:13,3,0,0
BRDA:13,3,1,0
BRDA:22,4,0,0
BRDA:22,4,1,0
BRDA:22,5,0,0
BRDA:22,5,1,0
BRDA:23,6,0,0
BRDA:23,6,1,0
BRDA:23,7,0,0
BRDA:23,7,1,0
BRDA:31,8,0,0
BRDA:31,8,1,0
BRDA:45,9,0,0
BRDA:45,9,1,0
BRDA:48,10,0,0
BRDA:48,10,1,0
BRF:22
BRH:0
[...]
FN:5,(anonymous_0)
FN:53,(anonymous_1)
FNF:2
FNH:0
FNDA:0,(anonymous_0)
FNDA:0,(anonymous_1)
DA:1,3
DA:4,3
DA:9,0
DA:10,0
DA:11,0
DA:12,0
DA:13,0
DA:14,0
DA:15,0
DA:16,0
DA:19,0
DA:26,0
DA:27,0
DA:30,0
DA:31,0
DA:32,0
DA:33,0
DA:34,0
DA:35,0
DA:38,0
DA:39,0
DA:40,0
DA:42,0
DA:43,0
DA:44,0
DA:47,0
DA:49,0
DA:50,0
DA:57,0
DA:58,0
DA:59,0
DA:62,0
DA:63,0
DA:64,0
DA:65,0
DA:66,0
DA:67,0
DA:70,0
DA:71,0
DA:72,0
DA:74,0
DA:75,0
DA:76,0
DA:79,0
DA:93,0
LF:45
LH:2
BRDA:9,0,0,0
BRDA:9,0,1,0
BRDA:11,1,0,0
BRDA:11,1,1,0
BRDA:13,2,0,0
BRDA:13,2,1,0
BRDA:15,3,0,0
BRDA:15,3,1,0
BRDA:30,4,0,0
BRDA:30,4,1,0
BRDA:30,5,0,0
BRDA:30,5,1,0
BRDA:33,6,0,0
BRDA:33,6,1,0
BRDA:38,7,0,0
BRDA:38,7,1,0
BRDA:42,8,0,0
BRDA:42,8,1,0
BRDA:62,9,0,0
BRDA:62,9,1,0
BRDA:62,10,0,0
BRDA:62,10,1,0
BRDA:65,11,0,0
BRDA:65,11,1,0
BRDA:70,12,0,0
BRDA:70,12,1,0
BRDA:74,13,0,0
BRDA:74,13,1,0
BRDA:94,14,0,0
BRDA:94,14,1,0
BRDA:95,15,0,0
BRDA:95,15,1,0
BRDA:96,16,0,0
BRDA:96,16,1,0
BRDA:97,17,0,0
BRDA:97,17,1,0
BRDA:98,18,0,0
BRDA:98,18,1,0
BRF:38
BRH:0
end_of_record
TN:
SF:src\models\statistics\top.ts
FN:7,(anonymous_0)
FN:29,(anonymous_1)
FNF:2
FNH:0
FNDA:0,(anonymous_0)
FNDA:0,(anonymous_1)
DA:1,3
DA:3,3
DA:8,0
DA:22,0
DA:23,0
DA:30,0
DA:43,0
DA:44,0
LF:8
LH:2
BRDA:7,0,0,0
BRDA:29,1,0,0
BRF:2
BRH:0
end_of_record
TN:
SF:src\routes\assistant.ts
FNF:0
FNH:0
DA:1,3
DA:2,3
DA:3,3
DA:4,3
DA:5,3
DA:6,3
DA:7,3
DA:9,3
DA:11,3
DA:13,3
DA:15,3
LF:11
LH:11
BRF:0
BRH:0
end_of_record
TN:
SF:src\routes\audit.ts
FNF:0
FNH:0
DA:1,3
DA:2,3
DA:3,3
DA:4,3
DA:5,3
DA:7,3
DA:9,3
DA:11,3
DA:13,3
LF:9
LH:9
BRF:0
BRH:0
end_of_record
TN:
SF:src\routes\auth.ts
FNF:0
FNH:0
DA:1,3
DA:2,3
DA:3,3
DA:4,3
DA:5,3
DA:6,3
DA:15,3
DA:18,3
DA:25,3
DA:32,3
DA:40,3
DA:47,3
DA:50,3
LF:13
LH:13
BRF:0
BRH:0
end_of_record
TN:
SF:src\routes\catalog.ts
FNF:0
FNH:0
DA:1,3
DA:2,3
DA:3,3
DA:4,3
DA:5,3
DA:6,3
DA:8,3
DA:11,3
LF:8
LH:8
BRF:0
BRH:0
end_of_record
TN:
SF:src\routes\customers.ts
FNF:0
FNH:0
DA:1,4
DA:2,4
DA:3,4
DA:4,4
DA:6,4
DA:8,4
DA:9,4
DA:10,4
DA:13,4
DA:16,4
DA:19,4
LF:11
LH:11
BRF:0
BRH:0
end_of_record
TN:
SF:src\routes\dashboard.ts
FNF:0
FNH:0
DA:1,3
DA:2,3
DA:3,3
DA:4,3
DA:6,3
DA:9,3
DA:12,3
DA:15,3
DA:18,3
DA:19,3
DA:20,3
DA:21,3
LF:12
LH:12
BRF:0
BRH:0
end_of_record
TN:
SF:src\routes\etl.ts
FN:34,(anonymous_1)
FNF:1
FNH:0
FNDA:0,(anonymous_1)
DA:1,3
DA:2,3
DA:3,3
DA:4,3
DA:5,3
DA:6,3
DA:7,3
DA:8,3
DA:9,3
DA:10,3
DA:11,3
DA:13,3
DA:15,3
DA:16,3
DA:18,3
DA:19,3
DA:27,3
DA:35,0
DA:36,0
DA:37,0
DA:38,0
DA:39,0
DA:41,0
DA:46,3
DA:49,3
DA:52,3
DA:54,3
DA:55,3
DA:56,3
DA:57,3
DA:58,3
DA:59,3
DA:60,3
DA:64,3
DA:65,3
DA:68,3
DA:71,3
DA:74,3
DA:76,3
DA:77,3
DA:78,3
DA:79,3
DA:82,3
DA:85,3
DA:90,3
DA:93,3
DA:96,3
DA:99,3
LF:48
LH:42
BRDA:37,0,0,0
BRDA:37,0,1,0
BRDA:37,1,0,0
BRDA:37,1,1,0
BRF:4
BRH:0
end_of_record
TN:
SF:src\routes\notifications.ts
FNF:0
FNH:0
DA:1,3
DA:2,3
DA:3,3
DA:7,3
DA:8,3
DA:14,3
DA:16,3
DA:18,3
DA:24,3
DA:26,3
DA:32,3
DA:34,3
LF:12
LH:12
BRF:0
BRH:0
end_of_record
TN:
SF:src\routes\orderlines.ts
FNF:0
FNH:0
DA:1,3
DA:2,3
DA:3,3
DA:4,3
DA:6,3
DA:9,3
DA:12,3
DA:15,3
DA:18,3
DA:21,3
LF:10
LH:10
BRF:0
BRH:0
end_of_record
TN:
SF:src\routes\orders.ts
FNF:0
FNH:0
DA:1,3
DA:2,3
DA:3,3
DA:4,3
DA:5,3
DA:6,3
DA:8,3
DA:11,3
DA:14,3
DA:17,3
DA:25,3
DA:35,3
DA:43,3
DA:52,3
LF:14
LH:14
BRF:0
BRH:0
end_of_record
TN:
SF:src\routes\pricing.ts
FNF:0
FNH:0
DA:1,3
DA:2,3
DA:3,3
DA:4,3
DA:5,3
DA:6,3
DA:16,3
DA:18,3
DA:19,3
DA:20,3
DA:21,3
DA:27,3
DA:28,3
DA:29,3
DA:30,3
DA:31,3
DA:32,3
DA:33,3
DA:40,3
DA:46,3
DA:47,3
DA:48,3
DA:49,3
DA:50,3
DA:56,3
DA:57,3
DA:58,3
DA:59,3
DA:60,3
DA:61,3
DA:67,3
DA:73,3
DA:74,3
DA:75,3
LF:34
LH:34
BRF:0
BRH:0
end_of_record
TN:
SF:src\routes\products.ts
FNF:0
FNH:0
DA:1,3
DA:2,3
DA:3,3
DA:4,3
DA:5,3
DA:7,3
DA:9,3
DA:11,3
DA:12,3
DA:14,3
DA:17,3
DA:25,3
LF:12
LH:12
BRF:0
BRH:0
end_of_record
TN:
SF:src\routes\reports.ts
FNF:0
FNH:0
DA:1,3
DA:2,3
DA:3,3
DA:4,3
DA:6,3
DA:8,3
DA:10,3
DA:11,3
DA:12,3
LF:9
LH:9
BRF:0
BRH:0
end_of_record
TN:
SF:src\routes\scheduler.ts
FN:18,(anonymous_0)
FN:24,(anonymous_1)
FN:34,(anonymous_2)
FN:44,(anonymous_3)
FN:51,(anonymous_4)
FN:58,(anonymous_5)
FNF:6
FNH:0
FNDA:0,(anonymous_0)
FNDA:0,(anonymous_1)
FNDA:0,(anonymous_2)
FNDA:0,(anonymous_3)
FNDA:0,(anonymous_4)
FNDA:0,(anonymous_5)
DA:1,3
DA:2,3
DA:3,3
DA:10,3
DA:12,3
DA:15,3
DA:18,3
DA:19,0
DA:20,0
DA:24,3
DA:25,0
DA:26,0
DA:27,0
DA:28,0
DA:30,0
DA:34,3
DA:35,0
DA:36,0
DA:37,0
DA:38,0
DA:40,0
DA:44,3
DA:45,0
DA:46,0
DA:47,0
DA:51,3
DA:52,0
DA:53,0
DA:54,0
DA:58,3
DA:59,0
DA:61,0
DA:62,0
DA:66,0
DA:67,0
DA:68,0
DA:71,0
LF:37
LH:12
BRDA:27,0,0,0
BRDA:27,0,1,0
BRDA:37,1,0,0
BRDA:37,1,1,0
BRDA:53,2,0,0
BRDA:53,2,1,0
BRDA:61,3,0,0
BRDA:61,3,1,0
BRDA:61,4,0,0
BRDA:61,4,1,0
BRDA:61,4,2,0
BRDA:61,4,3,0
BRDA:67,5,0,0
BRDA:67,5,1,0
BRF:14
BRH:0
end_of_record
TN:
SF:src\routes\statistics.ts
FNF:0
FNH:0
DA:1,3
DA:2,3
DA:3,3
DA:4,3
DA:5,3
DA:13,3
DA:16,3
DA:24,3
DA:32,3
DA:40,3
DA:48,3
DA:56,3
DA:64,3
DA:72,3
DA:80,3
LF:15
LH:15
BRF:0
BRH:0
end_of_record
TN:
SF:src\routes\status.ts
FN:23,(anonymous_0)
FN:31,(anonymous_1)
FNF:2
FNH:0
FNDA:0,(anonymous_0)
FNDA:0,(anonymous_1)
DA:1,3
DA:2,3
DA:3,3
DA:4,3
DA:5,3
DA:6,3
DA:8,3
DA:11,3
DA:14,3
DA:17,3
DA:20,3
DA:23,3
DA:24,0
DA:31,3
DA:32,0
LF:15
LH:13
BRF:0
BRH:0
end_of_record
TN:
SF:src\routes\suggestions.ts
FNF:0
FNH:0
DA:1,3
DA:2,3
DA:3,3
DA:4,3
DA:5,3
DA:6,3
DA:8,3
DA:11,3
DA:14,3
LF:9
LH:9
BRF:0
BRH:0
end_of_record
TN:
SF:src\routes\users.ts
FNF:0
FNH:0
DA:1,3
DA:2,3
DA:3,3
DA:4,3
DA:5,3
DA:14,3
DA:16,3
DA:17,3
DA:19,3
DA:21,3
DA:23,3
DA:25,3
DA:27,3
DA:29,3
LF:14
LH:14
BRF:0
BRH:0
end_of_record
TN:
SF:src\scheduler\index.ts
FN:27,logJob
FN:38,createJob
FN:63,(anonymous_3)
FN:95,startJob
FN:108,stopJob
FN:121,runJobNow
FN:150,getAllJobs
FN:151,(anonymous_8)
FN:157,getJobLogs
FN:159,(anonymous_10)
FN:167,getJobTask
FN:174,stopAllJobs
FN:187,initializeDefaultJobs
FN:191,(anonymous_14)
FN:198,(anonymous_15)
FN:205,(anonymous_16)
FN:219,(anonymous_17)
FNF:17
FNH:0
FNDA:0,logJob
FNDA:0,createJob
FNDA:0,(anonymous_3)
FNDA:0,startJob
FNDA:0,stopJob
FNDA:0,runJobNow
FNDA:0,getAllJobs
FNDA:0,(anonymous_8)
FNDA:0,getJobLogs
FNDA:0,(anonymous_10)
FNDA:0,getJobTask
FNDA:0,stopAllJobs
FNDA:0,initializeDefaultJobs
FNDA:0,(anonymous_14)
FNDA:0,(anonymous_15)
FNDA:0,(anonymous_16)
FNDA:0,(anonymous_17)
DA:1,3
DA:2,3
DA:3,3
DA:4,3
DA:5,3
DA:6,3
DA:7,3
DA:21,3
DA:22,3
DA:28,0
DA:30,0
DA:31,0
DA:38,3
DA:45,0
DA:46,0
DA:50,0
DA:51,0
DA:52,0
DA:55,0
DA:63,0
DA:64,0
DA:65,0
DA:66,0
DA:68,0
DA:69,0
DA:70,0
DA:71,0
DA:72,0
DA:73,0
DA:74,0
DA:75,0
DA:77,0
DA:78,0
DA:79,0
DA:80,0
DA:81,0
DA:88,0
DA:89,0
DA:95,3
DA:96,0
DA:97,0
DA:99,0
DA:100,0
DA:101,0
DA:102,0
DA:108,3
DA:109,0
DA:110,0
DA:112,0
DA:113,0
DA:114,0
DA:115,0
DA:121,3
DA:122,0
DA:123,0
DA:126,0
DA:127,0
DA:128,0
DA:129,0
DA:130,0
DA:132,0
DA:133,0
DA:134,0
DA:135,0
DA:136,0
DA:138,0
DA:139,0
DA:140,0
DA:141,0
DA:142,0
DA:150,3
DA:151,0
DA:157,3
DA:158,0
DA:159,0
DA:161,0
DA:165,3
DA:168,0
DA:174,3
DA:175,0
DA:176,0
DA:177,0
DA:178,0
DA:187,3
DA:188,0
DA:190,0
DA:191,0
DA:192,0
DA:193,0
DA:195,0
DA:196,0
DA:198,0
DA:199,0
DA:200,0
DA:202,0
DA:203,0
DA:205,0
DA:206,0
DA:213,0
DA:214,0
DA:216,0
DA:219,0
DA:220,0
DA:222,0
DA:223,0
DA:225,0
LF:106
LH:18
BRDA:30,0,0,0
BRDA:30,0,1,0
BRDA:45,1,0,0
BRDA:45,1,1,0
BRDA:50,2,0,0
BRDA:50,2,1,0
BRDA:97,3,0,0
BRDA:97,3,1,0
BRDA:110,4,0,0
BRDA:110,4,1,0
BRDA:123,5,0,0
BRDA:123,5,1,0
BRDA:127,6,0,0
BRDA:127,6,1,0
BRDA:157,7,0,0
BRDA:158,8,0,0
BRDA:158,8,1,0
BRDA:190,9,0,0
BRDA:190,9,1,0
BRF:19
BRH:0
end_of_record
TN:
SF:src\services\alertDelivery.ts
FN:10,webhookUrlFor
FN:17,postWebhook
FN:31,sendSmtpEmail
FN:36,(anonymous_12)
FN:57,deliverExternalAlert
FN:58,(anonymous_14)
FNF:6
FNH:0
FNDA:0,webhookUrlFor
FNDA:0,postWebhook
FNDA:0,sendSmtpEmail
FNDA:0,(anonymous_12)
FNDA:0,deliverExternalAlert
FNDA:0,(anonymous_14)
DA:1,1
DA:11,0
DA:12,0
DA:14,0
DA:18,0
DA:26,0
DA:27,0
DA:32,0
DA:33,0
DA:34,0
DA:36,0
DA:37,0
DA:38,0
DA:48,0
DA:57,1
DA:58,0
DA:59,0
DA:60,0
DA:61,0
DA:62,0
DA:64,0
DA:68,0
DA:69,0
DA:70,0
DA:72,0
LF:25
LH:2
BRDA:11,0,0,0
BRDA:11,0,1,0
BRDA:12,1,0,0
BRDA:12,1,1,0
BRDA:26,2,0,0
BRDA:26,2,1,0
BRDA:34,3,0,0
BRDA:34,3,1,0
BRDA:34,4,0,0
BRDA:34,4,1,0
BRDA:37,5,0,0
BRDA:37,5,1,0
BRDA:43,6,0,0
BRDA:43,6,1,0
BRDA:43,7,0,0
BRDA:43,7,1,0
BRDA:49,8,0,0
BRDA:49,8,1,0
BRDA:49,8,2,0
BRDA:60,9,0,0
BRDA:60,9,1,0
BRDA:68,10,0,0
BRDA:68,10,1,0
BRDA:68,11,0,0
BRDA:68,11,1,0
BRF:25
BRH:0
end_of_record
TN:
SF:src\services\auditService.ts
FN:27,computeChanges
FN:63,(anonymous_1)
FNF:2
FNH:0
FNDA:0,computeChanges
FNDA:0,(anonymous_1)
DA:1,2
DA:2,2
DA:4,2
DA:31,0
DA:34,0
DA:36,0
DA:37,0
DA:38,0
DA:40,0
DA:41,0
DA:44,0
DA:45,0
DA:47,0
DA:48,0
DA:52,0
DA:59,2
DA:64,0
DA:65,0
DA:67,0
DA:68,0
DA:71,0
DA:85,0
DA:87,0
DA:93,0
LF:24
LH:4
BRDA:38,0,0,0
BRDA:38,0,1,0
BRDA:40,1,0,0
BRDA:40,1,1,0
BRDA:41,2,0,0
BRDA:41,2,1,0
BRDA:47,3,0,0
BRDA:47,3,1,0
BRDA:52,4,0,0
BRDA:52,4,1,0
BRDA:67,5,0,0
BRDA:67,5,1,0
BRDA:67,6,0,0
BRDA:67,6,1,0
BRDA:67,6,2,0
BRDA:72,7,0,0
BRDA:72,7,1,0
BRDA:77,8,0,0
BRDA:77,8,1,0
BRDA:79,9,0,0
BRDA:79,9,1,0
BRDA:79,10,0,0
BRDA:79,10,1,0
BRDA:81,11,0,0
BRDA:81,11,1,0
BRDA:82,12,0,0
BRDA:82,12,1,0
BRF:27
BRH:0
end_of_record
TN:
SF:src\services\catalogService.ts
FN:30,(anonymous_0)
FN:53,(anonymous_1)
FN:62,(anonymous_2)
FN:64,(anonymous_3)
FNF:4
FNH:0
FNDA:0,(anonymous_0)
FNDA:0,(anonymous_1)
FNDA:0,(anonymous_2)
FNDA:0,(anonymous_3)
DA:10,3
DA:11,3
DA:24,3
DA:39,0
DA:48,0
DA:49,0
DA:52,0
DA:53,0
DA:62,0
DA:64,0
DA:65,0
DA:66,0
DA:78,0
LF:13
LH:3
BRDA:48,0,0,0
BRDA:48,0,1,0
BRDA:55,1,0,0
BRDA:55,1,1,0
BRDA:57,2,0,0
BRDA:57,2,1,0
BRDA:70,3,0,0
BRDA:70,3,1,0
BRDA:71,4,0,0
BRDA:71,4,1,0
BRDA:71,5,0,0
BRDA:71,5,1,0
BRDA:72,6,0,0
BRDA:72,6,1,0
BRDA:73,7,0,0
BRDA:73,7,1,0
BRDA:74,8,0,0
BRDA:74,8,1,0
BRF:18
BRH:0
end_of_record
TN:
SF:src\services\conflictDetectionService.ts
FN:28,scopesMatch
FN:37,analyzeOverlap
FN:107,detectConflicts
FN:141,(anonymous_3)
FNF:4
FNH:0
FNDA:0,scopesMatch
FNDA:0,analyzeOverlap
FNDA:0,detectConflicts
FNDA:0,(anonymous_3)
DA:1,3
DA:29,0
DA:30,0
DA:31,0
DA:39,0
DA:42,0
DA:47,0
DA:52,0
DA:55,0
DA:59,0
DA:64,0
DA:67,0
DA:69,0
DA:70,0
DA:75,0
DA:81,0
DA:88,0
DA:89,0
DA:90,0
DA:92,0
DA:93,0
DA:96,0
DA:107,3
DA:111,0
DA:114,0
DA:122,0
DA:123,0
DA:125,0
DA:127,0
DA:129,0
DA:130,0
DA:131,0
DA:141,0
DA:142,0
DA:143,0
DA:144,0
DA:147,0
LF:37
LH:2
BRDA:29,0,0,0
BRDA:29,0,1,0
BRDA:30,1,0,0
BRDA:30,1,1,0
BRDA:39,2,0,0
BRDA:39,2,1,0
BRDA:42,3,0,0
BRDA:42,3,1,0
BRDA:47,4,0,0
BRDA:47,4,1,0
BRDA:47,4,2,0
BRDA:47,4,3,0
BRDA:47,4,4,0
BRDA:47,4,5,0
BRDA:47,4,6,0
BRDA:47,4,7,0
BRDA:47,4,8,0
BRDA:47,4,9,0
BRDA:47,4,10,0
BRDA:47,4,11,0
BRDA:52,5,0,0
BRDA:52,5,1,0
BRDA:52,6,0,0
BRDA:52,6,1,0
BRDA:55,7,0,0
BRDA:55,7,1,0
BRDA:59,8,0,0
BRDA:59,8,1,0
BRDA:59,8,2,0
BRDA:59,8,3,0
BRDA:59,8,4,0
BRDA:59,8,5,0
BRDA:59,8,6,0
BRDA:59,8,7,0
BRDA:59,8,8,0
BRDA:59,8,9,0
BRDA:59,8,10,0
BRDA:59,8,11,0
BRDA:64,9,0,0
BRDA:64,9,1,0
BRDA:64,10,0,0
BRDA:64,10,1,0
BRDA:67,11,0,0
BRDA:67,11,1,0
BRDA:69,12,0,0
BRDA:69,12,1,0
BRDA:70,13,0,0
BRDA:70,13,1,0
BRDA:72,14,0,0
BRDA:72,14,1,0
BRDA:75,15,0,0
BRDA:75,15,1,0
BRDA:77,16,0,0
BRDA:77,16,1,0
BRDA:89,17,0,0
BRDA:89,17,1,0
BRDA:92,18,0,0
BRDA:92,18,1,0
BRDA:111,19,0,0
BRDA:111,19,1,0
BRDA:127,20,0,0
BRDA:127,20,1,0
BRDA:127,21,0,0
BRDA:127,21,1,0
BRDA:130,22,0,0
BRDA:130,22,1,0
BRDA:142,23,0,0
BRDA:142,23,1,0
BRDA:142,24,0,0
BRDA:142,24,1,0
BRDA:143,25,0,0
BRDA:143,25,1,0
BRDA:143,26,0,0
BRDA:143,26,1,0
BRF:74
BRH:0
end_of_record
TN:
SF:src\services\customerProfileService.ts
FN:6,mapDbRowToProfile
FN:8,(anonymous_1)
FN:36,(anonymous_2)
FN:47,(anonymous_3)
FNF:4
FNH:4
FNDA:5,mapDbRowToProfile
FNDA:10,(anonymous_1)
FNDA:6,(anonymous_2)
FNDA:4,(anonymous_3)
DA:2,4
DA:3,4
DA:7,5
DA:8,10
DA:11,5
DA:32,4
DA:37,6
DA:38,6
DA:39,1
DA:41,5
DA:48,4
DA:49,2
DA:51,2
LF:13
LH:13
BRDA:7,0,0,4
BRDA:7,0,1,1
BRDA:13,1,0,5
BRDA:13,1,1,0
BRDA:14,2,0,5
BRDA:14,2,1,0
BRDA:15,3,0,5
BRDA:15,3,1,0
BRDA:16,4,0,5
BRDA:16,4,1,0
BRDA:17,5,0,5
BRDA:17,5,1,0
BRDA:18,6,0,5
BRDA:18,6,1,0
BRDA:19,7,0,5
BRDA:19,7,1,0
BRDA:20,8,0,5
BRDA:20,8,1,0
BRDA:23,9,0,5
BRDA:23,9,1,1
BRDA:24,10,0,5
BRDA:24,10,1,1
BRDA:25,11,0,5
BRDA:25,11,1,1
BRDA:26,12,0,5
BRDA:26,12,1,1
BRDA:27,13,0,5
BRDA:27,13,1,1
BRDA:38,14,0,1
BRDA:38,14,1,5
BRDA:48,15,0,2
BRDA:48,15,1,2
BRF:32
BRH:24
end_of_record
TN:
SF:src\services\notificationService.ts
FN:6,notifyOrderStatusChange
FN:45,notifyOrderSubmitted
FN:81,notifyOrderDataRefresh
FN:111,notifyEtlJobFinished
FNF:4
FNH:0
FNDA:0,notifyOrderStatusChange
FNDA:0,notifyOrderSubmitted
FNDA:0,notifyOrderDataRefresh
FNDA:0,notifyEtlJobFinished
DA:2,1
DA:3,1
DA:4,1
DA:6,1
DA:13,0
DA:14,0
DA:15,0
DA:16,0
DA:24,0
DA:33,0
DA:41,0
DA:45,1
DA:52,0
DA:53,0
DA:54,0
DA:55,0
DA:57,0
DA:58,0
DA:60,0
DA:61,0
DA:70,0
DA:78,0
DA:81,1
DA:86,0
DA:87,0
DA:89,0
DA:91,0
DA:95,0
DA:103,0
DA:111,1
DA:112,0
DA:114,0
DA:115,0
DA:116,0
DA:120,0
DA:135,0
DA:142,0
DA:143,0
LF:38
LH:7
BRDA:54,0,0,0
BRDA:54,0,1,0
BRDA:57,1,0,0
BRDA:57,1,1,0
BRDA:86,2,0,0
BRDA:86,2,1,0
BRDA:86,3,0,0
BRDA:86,3,1,0
BRDA:87,4,0,0
BRDA:87,4,1,0
BRDA:91,5,0,0
BRDA:91,5,1,0
BRDA:112,6,0,0
BRDA:112,6,1,0
BRDA:112,7,0,0
BRDA:112,7,1,0
BRDA:115,8,0,0
BRDA:115,8,1,0
BRDA:116,9,0,0
BRDA:116,9,1,0
BRDA:117,10,0,0
BRDA:117,10,1,0
BRDA:121,11,0,0
BRDA:121,11,1,0
BRDA:136,12,0,0
BRDA:136,12,1,0
BRDA:142,13,0,0
BRDA:142,13,1,0
BRF:28
BRH:0
end_of_record
TN:
SF:src\services\orderPlacementService.ts
FN:43,findByIdempotencyKey
FN:51,isUniqueViolation
FN:61,hydrate
FN:84,(anonymous_3)
FN:92,(anonymous_4)
FN:98,(anonymous_5)
FN:100,(anonymous_6)
FN:107,(anonymous_7)
FN:120,(anonymous_8)
FN:123,(anonymous_9)
FN:146,(anonymous_10)
FNF:11
FNH:0
FNDA:0,findByIdempotencyKey
FNDA:0,isUniqueViolation
FNDA:0,hydrate
FNDA:0,(anonymous_3)
FNDA:0,(anonymous_4)
FNDA:0,(anonymous_5)
FNDA:0,(anonymous_6)
FNDA:0,(anonymous_7)
FNDA:0,(anonymous_8)
FNDA:0,(anonymous_9)
FNDA:0,(anonymous_10)
DA:13,2
DA:14,2
DA:15,2
DA:44,0
DA:48,0
DA:52,0
DA:62,0
DA:66,0
DA:67,0
DA:68,0
DA:70,0
DA:79,2
DA:86,0
DA:87,0
DA:88,0
DA:92,0
DA:93,0
DA:97,0
DA:98,0
DA:100,0
DA:101,0
DA:102,0
DA:106,0
DA:108,0
DA:109,0
DA:120,0
DA:122,0
DA:123,0
DA:124,0
DA:142,0
DA:145,0
DA:146,0
DA:147,0
DA:148,0
DA:149,0
DA:150,0
DA:159,0
DA:162,0
DA:168,0
DA:171,0
DA:180,0
DA:181,0
DA:182,0
DA:183,0
DA:186,0
LF:45
LH:4
BRDA:48,0,0,0
BRDA:48,0,1,0
BRDA:53,1,0,0
BRDA:53,1,1,0
BRDA:53,1,2,0
BRDA:53,1,3,0
BRDA:67,2,0,0
BRDA:67,2,1,0
BRDA:87,3,0,0
BRDA:87,3,1,0
BRDA:101,4,0,0
BRDA:101,4,1,0
BRDA:111,5,0,0
BRDA:111,5,1,0
BRDA:113,6,0,0
BRDA:113,6,1,0
BRDA:134,7,0,0
BRDA:134,7,1,0
BRDA:135,8,0,0
BRDA:135,8,1,0
BRDA:136,9,0,0
BRDA:136,9,1,0
BRDA:180,10,0,0
BRDA:180,10,1,0
BRDA:182,11,0,0
BRDA:182,11,1,0
BRF:26
BRH:0
end_of_record
TN:
SF:src\services\pricingMath.ts
FN:3,calculateMargin
FN:7,calculateMarginPercent
FN:12,formatRuleName
FN:34,applyBestRule
FNF:4
FNH:4
FNDA:1,calculateMargin
FNDA:2,calculateMarginPercent
FNDA:11,formatRuleName
FNDA:11,applyBestRule
DA:3,5
DA:4,1
DA:7,5
DA:8,2
DA:9,1
DA:12,5
DA:13,11
DA:15,11
DA:16,7
DA:17,4
DA:18,3
DA:21,11
DA:22,9
DA:23,2
DA:24,1
DA:27,11
DA:28,1
DA:31,11
DA:34,5
DA:39,11
DA:51,11
DA:52,5
DA:55,6
DA:56,6
DA:58,6
DA:59,2
DA:60,2
DA:61,4
DA:62,4
DA:63,4
DA:64,4
DA:67,6
DA:68,6
DA:69,6
DA:70,6
DA:71,6
DA:72,6
DA:73,6
DA:75,6
LF:39
LH:39
BRDA:8,0,0,1
BRDA:8,0,1,1
BRDA:15,1,0,7
BRDA:15,1,1,4
BRDA:17,2,0,3
BRDA:17,2,1,1
BRDA:21,3,0,9
BRDA:21,3,1,2
BRDA:23,4,0,1
BRDA:23,4,1,1
BRDA:27,5,0,1
BRDA:27,5,1,10
BRDA:31,6,0,11
BRDA:31,6,1,1
BRDA:51,7,0,5
BRDA:51,7,1,6
BRDA:58,8,0,2
BRDA:58,8,1,4
BRDA:61,9,0,4
BRDA:61,9,1,0
BRDA:73,10,0,6
BRDA:73,10,1,0
BRF:22
BRH:20
end_of_record
TN:
SF:src\services\pricingService.ts
FN:21,(anonymous_0)
FN:56,(anonymous_1)
FN:61,(anonymous_2)
FN:82,(anonymous_3)
FN:114,(anonymous_4)
FN:127,(anonymous_5)
FNF:6
FNH:4
FNDA:8,(anonymous_0)
FNDA:4,(anonymous_1)
FNDA:0,(anonymous_2)
FNDA:0,(anonymous_3)
FNDA:1,(anonymous_4)
FNDA:2,(anonymous_5)
DA:1,4
DA:3,4
DA:4,4
DA:10,4
DA:22,8
DA:26,8
DA:27,2
DA:29,6
DA:33,6
DA:37,8
DA:46,8
DA:47,4
DA:50,4
DA:56,4
DA:62,0
DA:69,0
DA:70,0
DA:72,0
DA:84,0
DA:88,0
DA:91,0
DA:108,0
DA:119,1
DA:123,1
DA:126,1
DA:128,2
DA:139,1
LF:27
LH:19
BRDA:26,0,0,2
BRDA:26,0,1,6
BRDA:33,1,0,6
BRDA:33,1,1,1
BRDA:46,2,0,4
BRDA:46,2,1,4
BRDA:75,3,0,0
BRDA:75,3,1,0
BRDA:76,4,0,0
BRDA:76,4,1,0
BRDA:88,5,0,0
BRDA:88,5,1,0
BRDA:123,6,0,1
BRDA:123,6,1,0
BRF:14
BRH:7
end_of_record
TN:
SF:src\services\pricingSimulatorService.ts
FN:44,(anonymous_0)
FNF:1
FNH:0
FNDA:0,(anonymous_0)
DA:23,3
DA:32,3
DA:33,3
DA:39,3
DA:45,0
DA:46,0
DA:47,0
DA:50,0
DA:52,0
DA:53,0
DA:57,0
DA:58,0
DA:61,0
DA:62,0
DA:63,0
DA:64,0
DA:66,0
DA:67,0
DA:68,0
DA:71,0
DA:72,0
DA:75,0
DA:83,0
DA:84,0
DA:91,0
DA:92,0
DA:96,0
DA:100,0
DA:101,0
DA:102,0
DA:103,0
DA:106,0
DA:107,0
DA:108,0
DA:109,0
DA:110,0
DA:113,0
DA:114,0
DA:115,0
DA:116,0
DA:117,0
DA:120,0
DA:121,0
DA:122,0
DA:123,0
DA:124,0
DA:127,0
DA:128,0
DA:131,0
DA:132,0
DA:133,0
DA:134,0
DA:137,0
DA:138,0
DA:141,0
DA:143,0
DA:145,0
LF:57
LH:4
BRDA:47,0,0,0
BRDA:47,0,1,0
BRDA:52,1,0,0
BRDA:52,1,1,0
BRDA:83,2,0,0
BRDA:83,2,1,0
BRDA:91,3,0,0
BRDA:91,3,1,0
BRDA:107,4,0,0
BRDA:107,4,1,0
BRDA:114,5,0,0
BRDA:114,5,1,0
BRDA:121,6,0,0
BRDA:121,6,1,0
BRF:14
BRH:0
end_of_record
TN:
SF:src\services\statsAggregateService.ts
FN:14,refreshStatisticsAggregates
FN:33,runCoalescedRefresh
FN:49,scheduleStatisticsRefreshAfterEtl
FN:57,(anonymous_3)
FNF:4
FNH:4
FNDA:4,refreshStatisticsAggregates
FNDA:4,runCoalescedRefresh
FNDA:4,scheduleStatisticsRefreshAfterEtl
FNDA:4,(anonymous_3)
DA:1,4
DA:2,4
DA:5,4
DA:7,4
DA:8,4
DA:14,4
DA:15,4
DA:17,4
DA:18,4
DA:19,4
DA:20,0
DA:22,4
DA:23,4
DA:27,0
DA:28,0
DA:29,0
DA:30,0
DA:34,4
DA:35,4
DA:36,4
DA:38,4
DA:39,4
DA:40,0
DA:41,0
DA:49,4
DA:50,4
DA:52,4
DA:53,0
DA:54,0
DA:57,4
DA:58,4
LF:31
LH:22
BRDA:39,0,0,0
BRDA:39,0,1,4
BRDA:50,1,0,0
BRDA:50,1,1,4
BRDA:52,2,0,0
BRDA:52,2,1,4
BRF:6
BRH:3
end_of_record
TN:
SF:src\services\pricingSimulator\aggregations.ts
FN:8,buildTrend
FN:29,(anonymous_1)
FN:30,(anonymous_2)
FN:38,(anonymous_3)
FN:48,buildTopCustomers
FN:53,(anonymous_5)
FN:61,(anonymous_6)
FN:62,(anonymous_7)
FN:66,buildTopProducts
FN:71,(anonymous_9)
FN:79,(anonymous_10)
FN:80,(anonymous_11)
FNF:12
FNH:0
FNDA:0,buildTrend
FNDA:0,(anonymous_1)
FNDA:0,(anonymous_2)
FNDA:0,(anonymous_3)
FNDA:0,buildTopCustomers
FNDA:0,(anonymous_5)
FNDA:0,(anonymous_6)
FNDA:0,(anonymous_7)
FNDA:0,buildTopProducts
FNDA:0,(anonymous_9)
FNDA:0,(anonymous_10)
FNDA:0,(anonymous_11)
DA:2,3
DA:8,3
DA:11,0
DA:13,0
DA:14,0
DA:15,0
DA:16,0
DA:19,0
DA:20,0
DA:21,0
DA:22,0
DA:23,0
DA:24,0
DA:25,0
DA:26,0
DA:28,0
DA:29,0
DA:30,0
DA:38,0
DA:39,0
DA:40,0
DA:48,3
DA:52,0
DA:53,0
DA:61,0
DA:62,0
DA:66,3
DA:70,0
DA:71,0
DA:79,0
DA:80,0
LF:31
LH:4
BRDA:11,0,0,0
BRDA:11,0,1,0
BRDA:19,1,0,0
BRDA:19,1,1,0
BRDA:23,2,0,0
BRDA:23,2,1,0
BRF:6
BRH:0
end_of_record
TN:
SF:src\services\pricingSimulator\helpers.ts
FN:27,ruleMatchesLine
FN:53,applyProposedRule
FN:70,pctChange
FN:79,round2
FN:83,createBucket
FN:87,emptyResult
FN:104,toDateKey
FNF:7
FNH:0
FNDA:0,ruleMatchesLine
FNDA:0,applyProposedRule
FNDA:0,pctChange
FNDA:0,round2
FNDA:0,createBucket
FNDA:0,emptyResult
FNDA:0,toDateKey
DA:27,3
DA:34,0
DA:40,0
DA:45,0
DA:47,0
DA:53,3
DA:58,0
DA:59,0
DA:61,0
DA:62,0
DA:63,0
DA:66,0
DA:70,3
DA:71,0
DA:72,0
DA:79,3
DA:80,0
DA:83,3
DA:84,0
DA:87,3
DA:88,0
DA:104,3
DA:105,0
DA:106,0
LF:24
LH:7
BRDA:34,0,0,0
BRDA:34,0,1,0
BRDA:34,0,2,0
BRDA:34,0,3,0
BRDA:40,1,0,0
BRDA:40,1,1,0
BRDA:40,1,2,0
BRDA:40,1,3,0
BRDA:40,1,4,0
BRDA:45,2,0,0
BRDA:45,2,1,0
BRDA:47,3,0,0
BRDA:47,3,1,0
BRDA:47,3,2,0
BRDA:58,4,0,0
BRDA:58,4,1,0
BRDA:61,5,0,0
BRDA:61,5,1,0
BRDA:71,6,0,0
BRDA:71,6,1,0
BRDA:71,7,0,0
BRDA:71,7,1,0
BRDA:105,8,0,0
BRDA:105,8,1,0
BRF:24
BRH:0
end_of_record
TN:
SF:src\services\pricingSimulator\sampleQuery.ts
FN:8,fetchSampleLines
FNF:1
FNH:0
FNDA:0,fetchSampleLines
DA:1,3
DA:8,3
DA:13,0
DA:14,0
DA:15,0
DA:17,0
DA:18,0
DA:19,0
DA:21,0
DA:22,0
DA:23,0
DA:26,0
DA:28,0
DA:32,0
DA:77,0
DA:78,0
LF:16
LH:2
BRDA:11,0,0,0
BRDA:17,1,0,0
BRDA:17,1,1,0
BRDA:21,2,0,0
BRDA:21,2,1,0
BRDA:26,3,0,0
BRDA:26,3,1,0
BRF:7
BRH:0
end_of_record
